2025-01-23 14:49:11 [background-preinit] INFO  o.h.validator.internal.util.Version - HV000001: Hibernate Validator 8.0.2.Final
2025-01-23 14:49:11 [main] INFO  com.todop11_20.TodoP1120Application - Starting TodoP1120Application using Java 17.0.13 with PID 7020 (D:\IntelliJ IDEA 2024.2.4\practice\todo11_20\todoP11_20\build\classes\java\main started by user in D:\IntelliJ IDEA 2024.2.4\practice\todo11_20\todoP11_20)
2025-01-23 14:49:11 [main] INFO  com.todop11_20.TodoP1120Application - No active profile set, falling back to 1 default profile: "default"
2025-01-23 14:49:12 [main] INFO  o.s.d.r.c.RepositoryConfigurationDelegate - Bootstrapping Spring Data JPA repositories in DEFAULT mode.
2025-01-23 14:49:12 [main] INFO  o.s.d.r.c.RepositoryConfigurationDelegate - Finished Spring Data repository scanning in 83 ms. Found 5 JPA repository interfaces.
2025-01-23 14:49:12 [main] INFO  o.s.b.w.e.tomcat.TomcatWebServer - Tomcat initialized with port 8080 (http)
2025-01-23 14:49:12 [main] INFO  o.a.coyote.http11.Http11NioProtocol - Initializing ProtocolHandler ["http-nio-8080"]
2025-01-23 14:49:12 [main] INFO  o.a.catalina.core.StandardService - Starting service [Tomcat]
2025-01-23 14:49:12 [main] INFO  o.a.catalina.core.StandardEngine - Starting Servlet engine: [Apache Tomcat/10.1.34]
2025-01-23 14:49:13 [main] INFO  o.a.c.c.C.[Tomcat].[localhost].[/] - Initializing Spring embedded WebApplicationContext
2025-01-23 14:49:13 [main] INFO  o.s.b.w.s.c.ServletWebServerApplicationContext - Root WebApplicationContext: initialization completed in 1557 ms
2025-01-23 14:49:13 [main] INFO  c.t.common.config.jwt.JwtUtil - ::: init start :::
2025-01-23 14:49:13 [main] INFO  c.t.common.config.jwt.JwtUtil - ::: init ing :::
2025-01-23 14:49:13 [main] INFO  c.t.common.config.jwt.JwtUtil - ::: init key value : javax.crypto.spec.SecretKeySpec@5880c1d :::
2025-01-23 14:49:13 [main] INFO  c.t.common.config.jwt.JwtUtil - ::: init end :::
2025-01-23 14:49:13 [main] INFO  o.h.jpa.internal.util.LogHelper - HHH000204: Processing PersistenceUnitInfo [name: default]
2025-01-23 14:49:13 [main] INFO  org.hibernate.Version - HHH000412: Hibernate ORM core version 6.6.4.Final
2025-01-23 14:49:13 [main] INFO  o.h.c.i.RegionFactoryInitiator - HHH000026: Second-level cache disabled
2025-01-23 14:49:13 [main] INFO  o.s.o.j.p.SpringPersistenceUnitInfo - No LoadTimeWeaver setup: ignoring JPA class transformer
2025-01-23 14:49:13 [main] INFO  com.zaxxer.hikari.HikariDataSource - HikariPool-1 - Starting...
2025-01-23 14:49:14 [main] INFO  com.zaxxer.hikari.pool.HikariPool - HikariPool-1 - Added connection com.mysql.cj.jdbc.ConnectionImpl@2fea9a7b
2025-01-23 14:49:14 [main] INFO  com.zaxxer.hikari.HikariDataSource - HikariPool-1 - Start completed.
2025-01-23 14:49:14 [main] WARN  org.hibernate.orm.deprecation - HHH90000025: MySQLDialect does not need to be specified explicitly using 'hibernate.dialect' (remove the property setting and it will be selected by default)
2025-01-23 14:49:14 [main] INFO  o.hibernate.orm.connections.pooling - HHH10001005: Database info:
	Database JDBC URL [Connecting through datasource 'HikariDataSource (HikariPool-1)']
	Database driver: undefined/unknown
	Database version: 8.0.40
	Autocommit mode: undefined/unknown
	Isolation level: undefined/unknown
	Minimum pool size: undefined/unknown
	Maximum pool size: undefined/unknown
2025-01-23 14:49:15 [main] INFO  o.h.e.t.j.p.i.JtaPlatformInitiator - HHH000489: No JTA platform available (set 'hibernate.transaction.jta.platform' to enable JTA platform integration)
2025-01-23 14:49:18 [main] INFO  o.s.o.j.LocalContainerEntityManagerFactoryBean - Initialized JPA EntityManagerFactory for persistence unit 'default'
2025-01-23 14:49:18 [main] WARN  o.s.b.a.o.j.JpaBaseConfiguration$JpaWebConfiguration - spring.jpa.open-in-view is enabled by default. Therefore, database queries may be performed during view rendering. Explicitly configure spring.jpa.open-in-view to disable this warning
2025-01-23 14:49:18 [main] INFO  o.a.coyote.http11.Http11NioProtocol - Starting ProtocolHandler ["http-nio-8080"]
2025-01-23 14:49:18 [main] INFO  o.s.b.w.e.tomcat.TomcatWebServer - Tomcat started on port 8080 (http) with context path '/'
2025-01-23 14:49:18 [main] INFO  com.todop11_20.TodoP1120Application - Started TodoP1120Application in 7.931 seconds (process running for 8.847)
2025-01-23 14:50:06 [http-nio-8080-exec-1] INFO  o.a.c.c.C.[Tomcat].[localhost].[/] - Initializing Spring DispatcherServlet 'dispatcherServlet'
2025-01-23 14:50:06 [http-nio-8080-exec-1] INFO  o.s.web.servlet.DispatcherServlet - Initializing Servlet 'dispatcherServlet'
2025-01-23 14:50:06 [http-nio-8080-exec-1] INFO  o.s.web.servlet.DispatcherServlet - Completed initialization in 1 ms
2025-01-23 14:50:35 [SpringApplicationShutdownHook] INFO  o.s.b.w.e.tomcat.GracefulShutdown - Commencing graceful shutdown. Waiting for active requests to complete
2025-01-23 14:50:35 [tomcat-shutdown] INFO  o.s.b.w.e.tomcat.GracefulShutdown - Graceful shutdown complete
2025-01-23 14:50:35 [SpringApplicationShutdownHook] INFO  o.s.o.j.LocalContainerEntityManagerFactoryBean - Closing JPA EntityManagerFactory for persistence unit 'default'
2025-01-23 14:50:35 [SpringApplicationShutdownHook] INFO  com.zaxxer.hikari.HikariDataSource - HikariPool-1 - Shutdown initiated...
2025-01-23 14:50:35 [SpringApplicationShutdownHook] INFO  com.zaxxer.hikari.HikariDataSource - HikariPool-1 - Shutdown completed.
2025-01-23 14:50:39 [background-preinit] INFO  - HV000001: Hibernate Validator 8.0.2.Final
2025-01-23 14:50:39 [main] INFO  - Starting TodoP1120Application using Java 17.0.13 with PID 19408 (D:\IntelliJ IDEA 2024.2.4\practice\todo11_20\todoP11_20\build\classes\java\main started by user in D:\IntelliJ IDEA 2024.2.4\practice\todo11_20\todoP11_20)
2025-01-23 14:50:39 [main] INFO  - No active profile set, falling back to 1 default profile: "default"
2025-01-23 14:50:39 [main] INFO  - Bootstrapping Spring Data JPA repositories in DEFAULT mode.
2025-01-23 14:50:40 [main] INFO  - Finished Spring Data repository scanning in 94 ms. Found 5 JPA repository interfaces.
2025-01-23 14:50:40 [main] INFO  - Tomcat initialized with port 8080 (http)
2025-01-23 14:50:40 [main] INFO  - Initializing ProtocolHandler ["http-nio-8080"]
2025-01-23 14:50:40 [main] INFO  - Starting service [Tomcat]
2025-01-23 14:50:40 [main] INFO  - Starting Servlet engine: [Apache Tomcat/10.1.34]
2025-01-23 14:50:40 [main] INFO  - Initializing Spring embedded WebApplicationContext
2025-01-23 14:50:40 [main] INFO  - Root WebApplicationContext: initialization completed in 1557 ms
2025-01-23 14:50:40 [main] INFO  - ::: init start :::
2025-01-23 14:50:40 [main] INFO  - ::: init ing :::
2025-01-23 14:50:40 [main] INFO  - ::: init key value : javax.crypto.spec.SecretKeySpec@5880c1d :::
2025-01-23 14:50:40 [main] INFO  - ::: init end :::
2025-01-23 14:50:40 [main] INFO  - HHH000204: Processing PersistenceUnitInfo [name: default]
2025-01-23 14:50:41 [main] INFO  - HHH000412: Hibernate ORM core version 6.6.4.Final
2025-01-23 14:50:41 [main] INFO  - HHH000026: Second-level cache disabled
2025-01-23 14:50:41 [main] INFO  - No LoadTimeWeaver setup: ignoring JPA class transformer
2025-01-23 14:50:41 [main] INFO  - HikariPool-1 - Starting...
2025-01-23 14:50:41 [main] INFO  - HikariPool-1 - Added connection com.mysql.cj.jdbc.ConnectionImpl@546083d6
2025-01-23 14:50:41 [main] INFO  - HikariPool-1 - Start completed.
2025-01-23 14:50:41 [main] WARN  - HHH90000025: MySQLDialect does not need to be specified explicitly using 'hibernate.dialect' (remove the property setting and it will be selected by default)
2025-01-23 14:50:41 [main] INFO  - HHH10001005: Database info:
	Database JDBC URL [Connecting through datasource 'HikariDataSource (HikariPool-1)']
	Database driver: undefined/unknown
	Database version: 8.0.40
	Autocommit mode: undefined/unknown
	Isolation level: undefined/unknown
	Minimum pool size: undefined/unknown
	Maximum pool size: undefined/unknown
2025-01-23 14:50:42 [main] INFO  - HHH000489: No JTA platform available (set 'hibernate.transaction.jta.platform' to enable JTA platform integration)
2025-01-23 14:50:44 [main] INFO  - Initialized JPA EntityManagerFactory for persistence unit 'default'
2025-01-23 14:50:45 [main] WARN  - spring.jpa.open-in-view is enabled by default. Therefore, database queries may be performed during view rendering. Explicitly configure spring.jpa.open-in-view to disable this warning
2025-01-23 14:50:45 [main] INFO  - Starting ProtocolHandler ["http-nio-8080"]
2025-01-23 14:50:45 [main] INFO  - Tomcat started on port 8080 (http) with context path '/'
2025-01-23 14:50:45 [main] INFO  - Started TodoP1120Application in 6.886 seconds (process running for 7.846)
2025-01-23 14:51:19 [http-nio-8080-exec-2] INFO  - Initializing Spring DispatcherServlet 'dispatcherServlet'
2025-01-23 14:51:19 [http-nio-8080-exec-2] INFO  - Initializing Servlet 'dispatcherServlet'
2025-01-23 14:51:19 [http-nio-8080-exec-2] INFO  - Completed initialization in 1 ms
2025-01-23 14:51:32 [http-nio-8080-exec-3] INFO  - ::: user_id : 1
2025-01-23 14:51:32 [http-nio-8080-exec-3] INFO  - ::: key value : javax.crypto.spec.SecretKeySpec@5880c1d
2025-01-23 14:52:54 [SpringApplicationShutdownHook] INFO  - Commencing graceful shutdown. Waiting for active requests to complete
2025-01-23 14:52:55 [tomcat-shutdown] INFO  - Graceful shutdown complete
2025-01-23 14:52:55 [SpringApplicationShutdownHook] INFO  - Closing JPA EntityManagerFactory for persistence unit 'default'
2025-01-23 14:52:55 [SpringApplicationShutdownHook] INFO  - HikariPool-1 - Shutdown initiated...
2025-01-23 14:52:55 [SpringApplicationShutdownHook] INFO  - HikariPool-1 - Shutdown completed.
2025-01-23 14:52:59 INFO  - HV000001: Hibernate Validator 8.0.2.Final
2025-01-23 14:52:59 INFO  - Starting TodoP1120Application using Java 17.0.13 with PID 14200 (D:\IntelliJ IDEA 2024.2.4\practice\todo11_20\todoP11_20\build\classes\java\main started by user in D:\IntelliJ IDEA 2024.2.4\practice\todo11_20\todoP11_20)
2025-01-23 14:52:59 INFO  - No active profile set, falling back to 1 default profile: "default"
2025-01-23 14:53:00 INFO  - Bootstrapping Spring Data JPA repositories in DEFAULT mode.
2025-01-23 14:53:00 INFO  - Finished Spring Data repository scanning in 92 ms. Found 5 JPA repository interfaces.
2025-01-23 14:53:01 INFO  - Tomcat initialized with port 8080 (http)
2025-01-23 14:53:01 INFO  - Initializing ProtocolHandler ["http-nio-8080"]
2025-01-23 14:53:01 INFO  - Starting service [Tomcat]
2025-01-23 14:53:01 INFO  - Starting Servlet engine: [Apache Tomcat/10.1.34]
2025-01-23 14:53:01 INFO  - Initializing Spring embedded WebApplicationContext
2025-01-23 14:53:01 INFO  - Root WebApplicationContext: initialization completed in 1660 ms
2025-01-23 14:53:01 INFO  - ::: init start :::
2025-01-23 14:53:01 INFO  - ::: init ing :::
2025-01-23 14:53:01 INFO  - ::: init key value : javax.crypto.spec.SecretKeySpec@5880c1d :::
2025-01-23 14:53:01 INFO  - ::: init end :::
2025-01-23 14:53:01 INFO  - HHH000204: Processing PersistenceUnitInfo [name: default]
2025-01-23 14:53:01 INFO  - HHH000412: Hibernate ORM core version 6.6.4.Final
2025-01-23 14:53:01 INFO  - HHH000026: Second-level cache disabled
2025-01-23 14:53:01 INFO  - No LoadTimeWeaver setup: ignoring JPA class transformer
2025-01-23 14:53:01 INFO  - HikariPool-1 - Starting...
2025-01-23 14:53:02 INFO  - HikariPool-1 - Added connection com.mysql.cj.jdbc.ConnectionImpl@4e26564d
2025-01-23 14:53:02 INFO  - HikariPool-1 - Start completed.
2025-01-23 14:53:02 WARN  - HHH90000025: MySQLDialect does not need to be specified explicitly using 'hibernate.dialect' (remove the property setting and it will be selected by default)
2025-01-23 14:53:02 INFO  - HHH10001005: Database info:
	Database JDBC URL [Connecting through datasource 'HikariDataSource (HikariPool-1)']
	Database driver: undefined/unknown
	Database version: 8.0.40
	Autocommit mode: undefined/unknown
	Isolation level: undefined/unknown
	Minimum pool size: undefined/unknown
	Maximum pool size: undefined/unknown
2025-01-23 14:53:03 INFO  - HHH000489: No JTA platform available (set 'hibernate.transaction.jta.platform' to enable JTA platform integration)
2025-01-23 14:53:05 INFO  - Initialized JPA EntityManagerFactory for persistence unit 'default'
2025-01-23 14:53:05 WARN  - spring.jpa.open-in-view is enabled by default. Therefore, database queries may be performed during view rendering. Explicitly configure spring.jpa.open-in-view to disable this warning
2025-01-23 14:53:06 INFO  - Starting ProtocolHandler ["http-nio-8080"]
2025-01-23 14:53:06 INFO  - Tomcat started on port 8080 (http) with context path '/'
2025-01-23 14:53:06 INFO  - Started TodoP1120Application in 6.979 seconds (process running for 8.583)
2025-01-23 14:54:39 INFO  - Commencing graceful shutdown. Waiting for active requests to complete
2025-01-23 14:54:40 INFO  - Graceful shutdown complete
2025-01-23 14:54:40 INFO  - Closing JPA EntityManagerFactory for persistence unit 'default'
2025-01-23 14:54:40 INFO  - HikariPool-1 - Shutdown initiated...
2025-01-23 14:54:40 INFO  - HikariPool-1 - Shutdown completed.
2025-01-23 14:54:43 INFO  
2025-01-23 14:54:43 INFO  
2025-01-23 14:54:43 INFO  
2025-01-23 14:54:44 INFO  
2025-01-23 14:54:44 INFO  
2025-01-23 14:54:45 INFO  
2025-01-23 14:54:45 INFO  
2025-01-23 14:54:45 INFO  
2025-01-23 14:54:45 INFO  
2025-01-23 14:54:45 INFO  
2025-01-23 14:54:45 INFO  
2025-01-23 14:54:45 INFO  
2025-01-23 14:54:45 INFO  
2025-01-23 14:54:45 INFO  
2025-01-23 14:54:45 INFO  
2025-01-23 14:54:45 INFO  
2025-01-23 14:54:45 INFO  
2025-01-23 14:54:45 INFO  
2025-01-23 14:54:46 INFO  
2025-01-23 14:54:46 INFO  
2025-01-23 14:54:46 INFO  
2025-01-23 14:54:46 INFO  
2025-01-23 14:54:46 WARN  
2025-01-23 14:54:46 INFO  
2025-01-23 14:54:47 INFO  
2025-01-23 14:54:49 INFO  
2025-01-23 14:54:49 WARN  
2025-01-23 14:54:50 INFO  
2025-01-23 14:54:50 INFO  
2025-01-23 14:54:50 INFO  
2025-01-23 14:55:12 INFO  
2025-01-23 14:55:12 INFO  
2025-01-23 14:55:12 INFO  
2025-01-23 14:55:12 INFO  
2025-01-23 14:55:12 INFO  
2025-01-23 14:55:16 INFO  - HV000001: Hibernate Validator 8.0.2.Final
2025-01-23 14:55:16 INFO  - Starting TodoP1120Application using Java 17.0.13 with PID 13508 (D:\IntelliJ IDEA 2024.2.4\practice\todo11_20\todoP11_20\build\classes\java\main started by user in D:\IntelliJ IDEA 2024.2.4\practice\todo11_20\todoP11_20)
2025-01-23 14:55:16 INFO  - No active profile set, falling back to 1 default profile: "default"
2025-01-23 14:55:17 INFO  - Bootstrapping Spring Data JPA repositories in DEFAULT mode.
2025-01-23 14:55:17 INFO  - Finished Spring Data repository scanning in 92 ms. Found 5 JPA repository interfaces.
2025-01-23 14:55:18 INFO  - Tomcat initialized with port 8080 (http)
2025-01-23 14:55:18 INFO  - Initializing ProtocolHandler ["http-nio-8080"]
2025-01-23 14:55:18 INFO  - Starting service [Tomcat]
2025-01-23 14:55:18 INFO  - Starting Servlet engine: [Apache Tomcat/10.1.34]
2025-01-23 14:55:18 INFO  - Initializing Spring embedded WebApplicationContext
2025-01-23 14:55:18 INFO  - Root WebApplicationContext: initialization completed in 1611 ms
2025-01-23 14:55:18 INFO  - ::: init start :::
2025-01-23 14:55:18 INFO  - ::: init ing :::
2025-01-23 14:55:18 INFO  - ::: init key value : javax.crypto.spec.SecretKeySpec@5880c1d :::
2025-01-23 14:55:18 INFO  - ::: init end :::
2025-01-23 14:55:18 INFO  - HHH000204: Processing PersistenceUnitInfo [name: default]
2025-01-23 14:55:18 INFO  - HHH000412: Hibernate ORM core version 6.6.4.Final
2025-01-23 14:55:18 INFO  - HHH000026: Second-level cache disabled
2025-01-23 14:55:19 INFO  - No LoadTimeWeaver setup: ignoring JPA class transformer
2025-01-23 14:55:19 INFO  - HikariPool-1 - Starting...
2025-01-23 14:55:19 INFO  - HikariPool-1 - Added connection com.mysql.cj.jdbc.ConnectionImpl@20231384
2025-01-23 14:55:19 INFO  - HikariPool-1 - Start completed.
2025-01-23 14:55:19 WARN  - HHH90000025: MySQLDialect does not need to be specified explicitly using 'hibernate.dialect' (remove the property setting and it will be selected by default)
2025-01-23 14:55:19 INFO  - HHH10001005: Database info:
	Database JDBC URL [Connecting through datasource 'HikariDataSource (HikariPool-1)']
	Database driver: undefined/unknown
	Database version: 8.0.40
	Autocommit mode: undefined/unknown
	Isolation level: undefined/unknown
	Minimum pool size: undefined/unknown
	Maximum pool size: undefined/unknown
2025-01-23 14:55:20 INFO  - HHH000489: No JTA platform available (set 'hibernate.transaction.jta.platform' to enable JTA platform integration)
2025-01-23 14:55:22 INFO  - Initialized JPA EntityManagerFactory for persistence unit 'default'
2025-01-23 14:55:23 WARN  - spring.jpa.open-in-view is enabled by default. Therefore, database queries may be performed during view rendering. Explicitly configure spring.jpa.open-in-view to disable this warning
2025-01-23 14:55:23 INFO  - Starting ProtocolHandler ["http-nio-8080"]
2025-01-23 14:55:23 INFO  - Tomcat started on port 8080 (http) with context path '/'
2025-01-23 14:55:23 INFO  - Started TodoP1120Application in 7.119 seconds (process running for 8.108)
2025-01-23 14:55:31 INFO  - Initializing Spring DispatcherServlet 'dispatcherServlet'
2025-01-23 14:55:31 INFO  - Initializing Servlet 'dispatcherServlet'
2025-01-23 14:55:31 INFO  - Completed initialization in 1 ms
2025-01-23 15:01:44 INFO  - Commencing graceful shutdown. Waiting for active requests to complete
2025-01-23 15:01:45 INFO  - Graceful shutdown complete
2025-01-23 15:01:45 INFO  - Closing JPA EntityManagerFactory for persistence unit 'default'
2025-01-23 15:01:45 INFO  - HikariPool-1 - Shutdown initiated...
2025-01-23 15:01:45 INFO  - HikariPool-1 - Shutdown completed.
2025-01-23 15:01:52 INFO  - HV000001: Hibernate Validator 8.0.2.Final
2025-01-23 15:01:52 INFO  - Starting TodoP1120Application using Java 17.0.13 with PID 14324 (D:\IntelliJ IDEA 2024.2.4\practice\todo11_20\todoP11_20\build\classes\java\main started by user in D:\IntelliJ IDEA 2024.2.4\practice\todo11_20\todoP11_20)
2025-01-23 15:01:52 INFO  - No active profile set, falling back to 1 default profile: "default"
2025-01-23 15:01:53 INFO  - Bootstrapping Spring Data JPA repositories in DEFAULT mode.
2025-01-23 15:01:53 INFO  - Finished Spring Data repository scanning in 95 ms. Found 5 JPA repository interfaces.
2025-01-23 15:01:54 INFO  - Tomcat initialized with port 8080 (http)
2025-01-23 15:01:54 INFO  - Initializing ProtocolHandler ["http-nio-8080"]
2025-01-23 15:01:54 INFO  - Starting service [Tomcat]
2025-01-23 15:01:54 INFO  - Starting Servlet engine: [Apache Tomcat/10.1.34]
2025-01-23 15:01:54 INFO  - Initializing Spring embedded WebApplicationContext
2025-01-23 15:01:54 INFO  - Root WebApplicationContext: initialization completed in 2048 ms
2025-01-23 15:01:54 INFO  - ::: init start :::
2025-01-23 15:01:54 INFO  - ::: init ing :::
2025-01-23 15:01:54 INFO  - ::: init key value : javax.crypto.spec.SecretKeySpec@5880c1d :::
2025-01-23 15:01:54 INFO  - ::: init end :::
2025-01-23 15:01:54 INFO  - HHH000204: Processing PersistenceUnitInfo [name: default]
2025-01-23 15:01:54 INFO  - HHH000412: Hibernate ORM core version 6.6.4.Final
2025-01-23 15:01:54 INFO  - HHH000026: Second-level cache disabled
2025-01-23 15:01:55 INFO  - No LoadTimeWeaver setup: ignoring JPA class transformer
2025-01-23 15:01:55 INFO  - HikariPool-1 - Starting...
2025-01-23 15:01:55 INFO  - HikariPool-1 - Added connection com.mysql.cj.jdbc.ConnectionImpl@2493eec6
2025-01-23 15:01:55 INFO  - HikariPool-1 - Start completed.
2025-01-23 15:01:55 WARN  - HHH90000025: MySQLDialect does not need to be specified explicitly using 'hibernate.dialect' (remove the property setting and it will be selected by default)
2025-01-23 15:01:55 INFO  - HHH10001005: Database info:
	Database JDBC URL [Connecting through datasource 'HikariDataSource (HikariPool-1)']
	Database driver: undefined/unknown
	Database version: 8.0.40
	Autocommit mode: undefined/unknown
	Isolation level: undefined/unknown
	Minimum pool size: undefined/unknown
	Maximum pool size: undefined/unknown
2025-01-23 15:01:56 INFO  - HHH000489: No JTA platform available (set 'hibernate.transaction.jta.platform' to enable JTA platform integration)
2025-01-23 15:01:58 INFO  - Initialized JPA EntityManagerFactory for persistence unit 'default'
2025-01-23 15:01:58 WARN  - spring.jpa.open-in-view is enabled by default. Therefore, database queries may be performed during view rendering. Explicitly configure spring.jpa.open-in-view to disable this warning
2025-01-23 15:01:59 INFO  - Starting ProtocolHandler ["http-nio-8080"]
2025-01-23 15:01:59 INFO  - Tomcat started on port 8080 (http) with context path '/'
2025-01-23 15:01:59 INFO  - Started TodoP1120Application in 7.485 seconds (process running for 8.513)
2025-01-23 15:02:03 INFO  - Initializing Spring DispatcherServlet 'dispatcherServlet'
2025-01-23 15:02:03 INFO  - Initializing Servlet 'dispatcherServlet'
2025-01-23 15:02:03 INFO  - Completed initialization in 2 ms
2025-01-23 15:02:41 INFO  - Commencing graceful shutdown. Waiting for active requests to complete
2025-01-23 15:02:41 INFO  - Graceful shutdown complete
2025-01-23 15:02:41 INFO  - Closing JPA EntityManagerFactory for persistence unit 'default'
2025-01-23 15:02:41 INFO  - HikariPool-1 - Shutdown initiated...
2025-01-23 15:02:41 INFO  - HikariPool-1 - Shutdown completed.
2025-01-23 15:05:43 INFO  - HV000001: Hibernate Validator 8.0.2.Final
2025-01-23 15:05:43 INFO  - Starting TodoP1120Application using Java 17.0.13 with PID 11280 (D:\IntelliJ IDEA 2024.2.4\practice\todo11_20\todoP11_20\build\classes\java\main started by user in D:\IntelliJ IDEA 2024.2.4\practice\todo11_20\todoP11_20)
2025-01-23 15:05:43 INFO  - No active profile set, falling back to 1 default profile: "default"
2025-01-23 15:05:44 INFO  - Bootstrapping Spring Data JPA repositories in DEFAULT mode.
2025-01-23 15:05:44 INFO  - Finished Spring Data repository scanning in 90 ms. Found 5 JPA repository interfaces.
2025-01-23 15:05:45 INFO  - Tomcat initialized with port 8080 (http)
2025-01-23 15:05:45 INFO  - Initializing ProtocolHandler ["http-nio-8080"]
2025-01-23 15:05:45 INFO  - Starting service [Tomcat]
2025-01-23 15:05:45 INFO  - Starting Servlet engine: [Apache Tomcat/10.1.34]
2025-01-23 15:05:45 INFO  - Initializing Spring embedded WebApplicationContext
2025-01-23 15:05:45 INFO  - Root WebApplicationContext: initialization completed in 1566 ms
2025-01-23 15:05:45 INFO  - ::: init start :::
2025-01-23 15:05:45 INFO  - ::: init ing :::
2025-01-23 15:05:45 INFO  - ::: init key value : javax.crypto.spec.SecretKeySpec@5880c1d :::
2025-01-23 15:05:45 INFO  - ::: init end :::
2025-01-23 15:05:45 INFO  - HHH000204: Processing PersistenceUnitInfo [name: default]
2025-01-23 15:05:45 INFO  - HHH000412: Hibernate ORM core version 6.6.4.Final
2025-01-23 15:05:45 INFO  - HHH000026: Second-level cache disabled
2025-01-23 15:05:46 INFO  - No LoadTimeWeaver setup: ignoring JPA class transformer
2025-01-23 15:05:46 INFO  - HikariPool-1 - Starting...
2025-01-23 15:05:46 INFO  - HikariPool-1 - Added connection com.mysql.cj.jdbc.ConnectionImpl@1fe05fff
2025-01-23 15:05:46 INFO  - HikariPool-1 - Start completed.
2025-01-23 15:05:46 WARN  - HHH90000025: MySQLDialect does not need to be specified explicitly using 'hibernate.dialect' (remove the property setting and it will be selected by default)
2025-01-23 15:05:46 INFO  - HHH10001005: Database info:
	Database JDBC URL [Connecting through datasource 'HikariDataSource (HikariPool-1)']
	Database driver: undefined/unknown
	Database version: 8.0.40
	Autocommit mode: undefined/unknown
	Isolation level: undefined/unknown
	Minimum pool size: undefined/unknown
	Maximum pool size: undefined/unknown
2025-01-23 15:05:47 INFO  - HHH000489: No JTA platform available (set 'hibernate.transaction.jta.platform' to enable JTA platform integration)
2025-01-23 15:05:50 INFO  - Initialized JPA EntityManagerFactory for persistence unit 'default'
2025-01-23 15:05:50 WARN  - spring.jpa.open-in-view is enabled by default. Therefore, database queries may be performed during view rendering. Explicitly configure spring.jpa.open-in-view to disable this warning
2025-01-23 15:05:51 INFO  - Starting ProtocolHandler ["http-nio-8080"]
2025-01-23 15:05:51 INFO  - Tomcat started on port 8080 (http) with context path '/'
2025-01-23 15:05:51 INFO  - Started TodoP1120Application in 7.941 seconds (process running for 8.851)
2025-01-23 15:06:00 INFO  - Initializing Spring DispatcherServlet 'dispatcherServlet'
2025-01-23 15:06:00 INFO  - Initializing Servlet 'dispatcherServlet'
2025-01-23 15:06:00 INFO  - Completed initialization in 1 ms
2025-01-23 15:11:09 INFO  - Commencing graceful shutdown. Waiting for active requests to complete
2025-01-23 15:11:09 INFO  - Graceful shutdown complete
2025-01-23 15:11:09 INFO  - Closing JPA EntityManagerFactory for persistence unit 'default'
2025-01-23 15:11:09 INFO  - HikariPool-1 - Shutdown initiated...
2025-01-23 15:11:09 INFO  - HikariPool-1 - Shutdown completed.
2025-01-23 15:11:12 INFO  - HV000001: Hibernate Validator 8.0.2.Final
2025-01-23 15:11:12 INFO  - Starting TodoP1120Application using Java 17.0.13 with PID 5536 (D:\IntelliJ IDEA 2024.2.4\practice\todo11_20\todoP11_20\build\classes\java\main started by user in D:\IntelliJ IDEA 2024.2.4\practice\todo11_20\todoP11_20)
2025-01-23 15:11:12 INFO  - No active profile set, falling back to 1 default profile: "default"
2025-01-23 15:11:13 INFO  - Bootstrapping Spring Data JPA repositories in DEFAULT mode.
2025-01-23 15:11:13 INFO  - Finished Spring Data repository scanning in 159 ms. Found 5 JPA repository interfaces.
2025-01-23 15:11:14 INFO  - Tomcat initialized with port 8080 (http)
2025-01-23 15:11:14 INFO  - Initializing ProtocolHandler ["http-nio-8080"]
2025-01-23 15:11:14 INFO  - Starting service [Tomcat]
2025-01-23 15:11:14 INFO  - Starting Servlet engine: [Apache Tomcat/10.1.34]
2025-01-23 15:11:14 INFO  - Initializing Spring embedded WebApplicationContext
2025-01-23 15:11:14 INFO  - Root WebApplicationContext: initialization completed in 1883 ms
2025-01-23 15:11:14 INFO  - ::: init start :::
2025-01-23 15:11:14 INFO  - ::: init ing :::
2025-01-23 15:11:14 INFO  - ::: init key value : javax.crypto.spec.SecretKeySpec@5880c1d :::
2025-01-23 15:11:14 INFO  - ::: init end :::
2025-01-23 15:11:15 INFO  - HHH000204: Processing PersistenceUnitInfo [name: default]
2025-01-23 15:11:15 INFO  - HHH000412: Hibernate ORM core version 6.6.4.Final
2025-01-23 15:11:15 INFO  - HHH000026: Second-level cache disabled
2025-01-23 15:11:15 INFO  - No LoadTimeWeaver setup: ignoring JPA class transformer
2025-01-23 15:11:15 INFO  - HikariPool-1 - Starting...
2025-01-23 15:11:15 INFO  - HikariPool-1 - Added connection com.mysql.cj.jdbc.ConnectionImpl@56881196
2025-01-23 15:11:15 INFO  - HikariPool-1 - Start completed.
2025-01-23 15:11:16 WARN  - HHH90000025: MySQLDialect does not need to be specified explicitly using 'hibernate.dialect' (remove the property setting and it will be selected by default)
2025-01-23 15:11:16 INFO  - HHH10001005: Database info:
	Database JDBC URL [Connecting through datasource 'HikariDataSource (HikariPool-1)']
	Database driver: undefined/unknown
	Database version: 8.0.40
	Autocommit mode: undefined/unknown
	Isolation level: undefined/unknown
	Minimum pool size: undefined/unknown
	Maximum pool size: undefined/unknown
2025-01-23 15:11:17 INFO  - HHH000489: No JTA platform available (set 'hibernate.transaction.jta.platform' to enable JTA platform integration)
2025-01-23 15:11:18 INFO  - Initialized JPA EntityManagerFactory for persistence unit 'default'
2025-01-23 15:11:19 WARN  - spring.jpa.open-in-view is enabled by default. Therefore, database queries may be performed during view rendering. Explicitly configure spring.jpa.open-in-view to disable this warning
2025-01-23 15:11:19 INFO  - Starting ProtocolHandler ["http-nio-8080"]
2025-01-23 15:11:19 INFO  - Tomcat started on port 8080 (http) with context path '/'
2025-01-23 15:11:19 INFO  - Started TodoP1120Application in 7.423 seconds (process running for 8.276)
2025-01-23 15:11:27 INFO  - Initializing Spring DispatcherServlet 'dispatcherServlet'
2025-01-23 15:11:27 INFO  - Initializing Servlet 'dispatcherServlet'
2025-01-23 15:11:27 INFO  - Completed initialization in 1 ms
2025-01-23 15:11:54 INFO  - ::: user_id : 1
2025-01-23 15:11:54 INFO  - ::: key value : javax.crypto.spec.SecretKeySpec@5880c1d
2025-01-23 15:13:01 INFO  - Commencing graceful shutdown. Waiting for active requests to complete
2025-01-23 15:13:01 INFO  - Graceful shutdown complete
2025-01-23 15:13:01 INFO  - Closing JPA EntityManagerFactory for persistence unit 'default'
2025-01-23 15:13:01 INFO  - HikariPool-1 - Shutdown initiated...
2025-01-23 15:13:01 INFO  - HikariPool-1 - Shutdown completed.
2025-01-23 15:13:05 INFO  - HV000001: Hibernate Validator 8.0.2.Final
2025-01-23 15:13:05 INFO  - Starting TodoP1120Application using Java 17.0.13 with PID 13392 (D:\IntelliJ IDEA 2024.2.4\practice\todo11_20\todoP11_20\build\classes\java\main started by user in D:\IntelliJ IDEA 2024.2.4\practice\todo11_20\todoP11_20)
2025-01-23 15:13:05 INFO  - No active profile set, falling back to 1 default profile: "default"
2025-01-23 15:13:06 INFO  - Bootstrapping Spring Data JPA repositories in DEFAULT mode.
2025-01-23 15:13:06 INFO  - Finished Spring Data repository scanning in 90 ms. Found 5 JPA repository interfaces.
2025-01-23 15:13:06 INFO  - Tomcat initialized with port 8080 (http)
2025-01-23 15:13:06 INFO  - Initializing ProtocolHandler ["http-nio-8080"]
2025-01-23 15:13:06 INFO  - Starting service [Tomcat]
2025-01-23 15:13:06 INFO  - Starting Servlet engine: [Apache Tomcat/10.1.34]
2025-01-23 15:13:06 INFO  - Initializing Spring embedded WebApplicationContext
2025-01-23 15:13:06 INFO  - Root WebApplicationContext: initialization completed in 1535 ms
2025-01-23 15:13:06 INFO  - ::: init start :::
2025-01-23 15:13:06 INFO  - ::: init ing :::
2025-01-23 15:13:06 INFO  - ::: init key value : javax.crypto.spec.SecretKeySpec@5880c1d :::
2025-01-23 15:13:06 INFO  - ::: init end :::
2025-01-23 15:13:07 INFO  - HHH000204: Processing PersistenceUnitInfo [name: default]
2025-01-23 15:13:07 INFO  - HHH000412: Hibernate ORM core version 6.6.4.Final
2025-01-23 15:13:07 INFO  - HHH000026: Second-level cache disabled
2025-01-23 15:13:07 INFO  - No LoadTimeWeaver setup: ignoring JPA class transformer
2025-01-23 15:13:07 INFO  - HikariPool-1 - Starting...
2025-01-23 15:13:07 INFO  - HikariPool-1 - Added connection com.mysql.cj.jdbc.ConnectionImpl@570ed9c
2025-01-23 15:13:07 INFO  - HikariPool-1 - Start completed.
2025-01-23 15:13:07 WARN  - HHH90000025: MySQLDialect does not need to be specified explicitly using 'hibernate.dialect' (remove the property setting and it will be selected by default)
2025-01-23 15:13:07 INFO  - HHH10001005: Database info:
	Database JDBC URL [Connecting through datasource 'HikariDataSource (HikariPool-1)']
	Database driver: undefined/unknown
	Database version: 8.0.40
	Autocommit mode: undefined/unknown
	Isolation level: undefined/unknown
	Minimum pool size: undefined/unknown
	Maximum pool size: undefined/unknown
2025-01-23 15:13:09 INFO  - HHH000489: No JTA platform available (set 'hibernate.transaction.jta.platform' to enable JTA platform integration)
2025-01-23 15:13:11 INFO  - Initialized JPA EntityManagerFactory for persistence unit 'default'
2025-01-23 15:13:11 WARN  - spring.jpa.open-in-view is enabled by default. Therefore, database queries may be performed during view rendering. Explicitly configure spring.jpa.open-in-view to disable this warning
2025-01-23 15:13:12 INFO  - Starting ProtocolHandler ["http-nio-8080"]
2025-01-23 15:13:12 INFO  - Tomcat started on port 8080 (http) with context path '/'
2025-01-23 15:13:12 INFO  - Started TodoP1120Application in 7.459 seconds (process running for 8.376)
2025-01-23 15:13:51 INFO  - Initializing Spring DispatcherServlet 'dispatcherServlet'
2025-01-23 15:13:51 INFO  - Initializing Servlet 'dispatcherServlet'
2025-01-23 15:13:51 INFO  - Completed initialization in 1 ms
2025-01-23 15:16:18 INFO  - Commencing graceful shutdown. Waiting for active requests to complete
2025-01-23 15:16:18 INFO  - Graceful shutdown complete
2025-01-23 15:16:18 INFO  - Closing JPA EntityManagerFactory for persistence unit 'default'
2025-01-23 15:16:18 INFO  - HikariPool-1 - Shutdown initiated...
2025-01-23 15:16:18 INFO  - HikariPool-1 - Shutdown completed.
2025-01-23 15:16:24 INFO  - HV000001: Hibernate Validator 8.0.2.Final
2025-01-23 15:16:24 INFO  - Starting TodoP1120Application using Java 17.0.13 with PID 20448 (D:\IntelliJ IDEA 2024.2.4\practice\todo11_20\todoP11_20\build\classes\java\main started by user in D:\IntelliJ IDEA 2024.2.4\practice\todo11_20\todoP11_20)
2025-01-23 15:16:24 INFO  - No active profile set, falling back to 1 default profile: "default"
2025-01-23 15:16:25 INFO  - Bootstrapping Spring Data JPA repositories in DEFAULT mode.
2025-01-23 15:16:25 INFO  - Finished Spring Data repository scanning in 89 ms. Found 5 JPA repository interfaces.
2025-01-23 15:16:25 INFO  - Tomcat initialized with port 8080 (http)
2025-01-23 15:16:25 INFO  - Initializing ProtocolHandler ["http-nio-8080"]
2025-01-23 15:16:25 INFO  - Starting service [Tomcat]
2025-01-23 15:16:25 INFO  - Starting Servlet engine: [Apache Tomcat/10.1.34]
2025-01-23 15:16:26 INFO  - Initializing Spring embedded WebApplicationContext
2025-01-23 15:16:26 INFO  - Root WebApplicationContext: initialization completed in 1578 ms
2025-01-23 15:16:26 INFO  - ::: init start :::
2025-01-23 15:16:26 INFO  - ::: init ing :::
2025-01-23 15:16:26 INFO  - ::: init key value : javax.crypto.spec.SecretKeySpec@5880c1d :::
2025-01-23 15:16:26 INFO  - ::: init end :::
2025-01-23 15:16:26 INFO  - HHH000204: Processing PersistenceUnitInfo [name: default]
2025-01-23 15:16:26 INFO  - HHH000412: Hibernate ORM core version 6.6.4.Final
2025-01-23 15:16:26 INFO  - HHH000026: Second-level cache disabled
2025-01-23 15:16:26 INFO  - No LoadTimeWeaver setup: ignoring JPA class transformer
2025-01-23 15:16:26 INFO  - HikariPool-1 - Starting...
2025-01-23 15:16:26 INFO  - HikariPool-1 - Added connection com.mysql.cj.jdbc.ConnectionImpl@3573e19d
2025-01-23 15:16:26 INFO  - HikariPool-1 - Start completed.
2025-01-23 15:16:27 WARN  - HHH90000025: MySQLDialect does not need to be specified explicitly using 'hibernate.dialect' (remove the property setting and it will be selected by default)
2025-01-23 15:16:27 INFO  - HHH10001005: Database info:
	Database JDBC URL [Connecting through datasource 'HikariDataSource (HikariPool-1)']
	Database driver: undefined/unknown
	Database version: 8.0.40
	Autocommit mode: undefined/unknown
	Isolation level: undefined/unknown
	Minimum pool size: undefined/unknown
	Maximum pool size: undefined/unknown
2025-01-23 15:16:28 INFO  - HHH000489: No JTA platform available (set 'hibernate.transaction.jta.platform' to enable JTA platform integration)
2025-01-23 15:16:29 INFO  - Initialized JPA EntityManagerFactory for persistence unit 'default'
2025-01-23 15:16:30 WARN  - spring.jpa.open-in-view is enabled by default. Therefore, database queries may be performed during view rendering. Explicitly configure spring.jpa.open-in-view to disable this warning
2025-01-23 15:16:30 INFO  - Starting ProtocolHandler ["http-nio-8080"]
2025-01-23 15:16:30 INFO  - Tomcat started on port 8080 (http) with context path '/'
2025-01-23 15:16:30 INFO  - Started TodoP1120Application in 6.77 seconds (process running for 7.699)
2025-01-23 15:16:35 INFO  - Initializing Spring DispatcherServlet 'dispatcherServlet'
2025-01-23 15:16:35 INFO  - Initializing Servlet 'dispatcherServlet'
2025-01-23 15:16:35 INFO  - Completed initialization in 1 ms
2025-01-23 15:16:35 ERROR - Invalid JWT token, 유효하지 않는 JWT 토큰 입니다.
jakarta.servlet.ServletException: Request processing failed: java.util.NoSuchElementException: No value present
	at org.springframework.web.servlet.FrameworkServlet.processRequest(FrameworkServlet.java:1022)
	at org.springframework.web.servlet.FrameworkServlet.doDelete(FrameworkServlet.java:936)
	at jakarta.servlet.http.HttpServlet.service(HttpServlet.java:596)
	at org.springframework.web.servlet.FrameworkServlet.service(FrameworkServlet.java:885)
	at jakarta.servlet.http.HttpServlet.service(HttpServlet.java:658)
	at org.apache.catalina.core.ApplicationFilterChain.internalDoFilter(ApplicationFilterChain.java:195)
	at org.apache.catalina.core.ApplicationFilterChain.doFilter(ApplicationFilterChain.java:140)
	at org.apache.tomcat.websocket.server.WsFilter.doFilter(WsFilter.java:51)
	at org.apache.catalina.core.ApplicationFilterChain.internalDoFilter(ApplicationFilterChain.java:164)
	at org.apache.catalina.core.ApplicationFilterChain.doFilter(ApplicationFilterChain.java:140)
	at com.todop11_20.common.config.jwt.JwtFilter.doFilter(JwtFilter.java:78)
	at org.apache.catalina.core.ApplicationFilterChain.internalDoFilter(ApplicationFilterChain.java:164)
	at org.apache.catalina.core.ApplicationFilterChain.doFilter(ApplicationFilterChain.java:140)
	at org.springframework.web.filter.RequestContextFilter.doFilterInternal(RequestContextFilter.java:100)
	at org.springframework.web.filter.OncePerRequestFilter.doFilter(OncePerRequestFilter.java:116)
	at org.apache.catalina.core.ApplicationFilterChain.internalDoFilter(ApplicationFilterChain.java:164)
	at org.apache.catalina.core.ApplicationFilterChain.doFilter(ApplicationFilterChain.java:140)
	at org.springframework.web.filter.FormContentFilter.doFilterInternal(FormContentFilter.java:93)
	at org.springframework.web.filter.OncePerRequestFilter.doFilter(OncePerRequestFilter.java:116)
	at org.apache.catalina.core.ApplicationFilterChain.internalDoFilter(ApplicationFilterChain.java:164)
	at org.apache.catalina.core.ApplicationFilterChain.doFilter(ApplicationFilterChain.java:140)
	at org.springframework.web.filter.CharacterEncodingFilter.doFilterInternal(CharacterEncodingFilter.java:201)
	at org.springframework.web.filter.OncePerRequestFilter.doFilter(OncePerRequestFilter.java:116)
	at org.apache.catalina.core.ApplicationFilterChain.internalDoFilter(ApplicationFilterChain.java:164)
	at org.apache.catalina.core.ApplicationFilterChain.doFilter(ApplicationFilterChain.java:140)
	at org.apache.catalina.core.StandardWrapperValve.invoke(StandardWrapperValve.java:167)
	at org.apache.catalina.core.StandardContextValve.invoke(StandardContextValve.java:90)
	at org.apache.catalina.authenticator.AuthenticatorBase.invoke(AuthenticatorBase.java:483)
	at org.apache.catalina.core.StandardHostValve.invoke(StandardHostValve.java:115)
	at org.apache.catalina.valves.ErrorReportValve.invoke(ErrorReportValve.java:93)
	at org.apache.catalina.core.StandardEngineValve.invoke(StandardEngineValve.java:74)
	at org.apache.catalina.connector.CoyoteAdapter.service(CoyoteAdapter.java:344)
	at org.apache.coyote.http11.Http11Processor.service(Http11Processor.java:397)
	at org.apache.coyote.AbstractProcessorLight.process(AbstractProcessorLight.java:63)
	at org.apache.coyote.AbstractProtocol$ConnectionHandler.process(AbstractProtocol.java:905)
	at org.apache.tomcat.util.net.NioEndpoint$SocketProcessor.doRun(NioEndpoint.java:1741)
	at org.apache.tomcat.util.net.SocketProcessorBase.run(SocketProcessorBase.java:52)
	at org.apache.tomcat.util.threads.ThreadPoolExecutor.runWorker(ThreadPoolExecutor.java:1190)
	at org.apache.tomcat.util.threads.ThreadPoolExecutor$Worker.run(ThreadPoolExecutor.java:659)
	at org.apache.tomcat.util.threads.TaskThread$WrappingRunnable.run(TaskThread.java:63)
	at java.base/java.lang.Thread.run(Thread.java:840)
Caused by: java.util.NoSuchElementException: No value present
	at java.base/java.util.Optional.get(Optional.java:143)
	at com.todop11_20.todo.service.TodoService.delete(TodoService.java:51)
	at java.base/jdk.internal.reflect.NativeMethodAccessorImpl.invoke0(Native Method)
	at java.base/jdk.internal.reflect.NativeMethodAccessorImpl.invoke(NativeMethodAccessorImpl.java:77)
	at java.base/jdk.internal.reflect.DelegatingMethodAccessorImpl.invoke(DelegatingMethodAccessorImpl.java:43)
	at java.base/java.lang.reflect.Method.invoke(Method.java:569)
	at org.springframework.aop.support.AopUtils.invokeJoinpointUsingReflection(AopUtils.java:359)
	at org.springframework.aop.framework.ReflectiveMethodInvocation.invokeJoinpoint(ReflectiveMethodInvocation.java:196)
	at org.springframework.aop.framework.ReflectiveMethodInvocation.proceed(ReflectiveMethodInvocation.java:163)
	at org.springframework.aop.interceptor.ExposeInvocationInterceptor.invoke(ExposeInvocationInterceptor.java:97)
	at org.springframework.aop.framework.ReflectiveMethodInvocation.proceed(ReflectiveMethodInvocation.java:184)
	at org.springframework.aop.framework.CglibAopProxy$DynamicAdvisedInterceptor.intercept(CglibAopProxy.java:727)
	at com.todop11_20.todo.service.TodoService$$SpringCGLIB$$0.delete(<generated>)
	at com.todop11_20.todo.controller.TodoController.deleteApi(TodoController.java:49)
	at java.base/jdk.internal.reflect.NativeMethodAccessorImpl.invoke0(Native Method)
	at java.base/jdk.internal.reflect.NativeMethodAccessorImpl.invoke(NativeMethodAccessorImpl.java:77)
	at java.base/jdk.internal.reflect.DelegatingMethodAccessorImpl.invoke(DelegatingMethodAccessorImpl.java:43)
	at java.base/java.lang.reflect.Method.invoke(Method.java:569)
	at org.springframework.web.method.support.InvocableHandlerMethod.doInvoke(InvocableHandlerMethod.java:257)
	at org.springframework.web.method.support.InvocableHandlerMethod.invokeForRequest(InvocableHandlerMethod.java:190)
	at org.springframework.web.servlet.mvc.method.annotation.ServletInvocableHandlerMethod.invokeAndHandle(ServletInvocableHandlerMethod.java:118)
	at org.springframework.web.servlet.mvc.method.annotation.RequestMappingHandlerAdapter.invokeHandlerMethod(RequestMappingHandlerAdapter.java:986)
	at org.springframework.web.servlet.mvc.method.annotation.RequestMappingHandlerAdapter.handleInternal(RequestMappingHandlerAdapter.java:891)
	at org.springframework.web.servlet.mvc.method.AbstractHandlerMethodAdapter.handle(AbstractHandlerMethodAdapter.java:87)
	at org.springframework.web.servlet.DispatcherServlet.doDispatch(DispatcherServlet.java:1088)
	at org.springframework.web.servlet.DispatcherServlet.doService(DispatcherServlet.java:978)
	at org.springframework.web.servlet.FrameworkServlet.processRequest(FrameworkServlet.java:1014)
	... 40 common frames omitted
2025-01-23 15:16:51 INFO  - ::: user_id : 1
2025-01-23 15:16:51 INFO  - ::: key value : javax.crypto.spec.SecretKeySpec@5880c1d
2025-01-23 15:17:10 ERROR - Invalid JWT token, 유효하지 않는 JWT 토큰 입니다.
jakarta.servlet.ServletException: Request processing failed: java.util.NoSuchElementException: No value present
	at org.springframework.web.servlet.FrameworkServlet.processRequest(FrameworkServlet.java:1022)
	at org.springframework.web.servlet.FrameworkServlet.doDelete(FrameworkServlet.java:936)
	at jakarta.servlet.http.HttpServlet.service(HttpServlet.java:596)
	at org.springframework.web.servlet.FrameworkServlet.service(FrameworkServlet.java:885)
	at jakarta.servlet.http.HttpServlet.service(HttpServlet.java:658)
	at org.apache.catalina.core.ApplicationFilterChain.internalDoFilter(ApplicationFilterChain.java:195)
	at org.apache.catalina.core.ApplicationFilterChain.doFilter(ApplicationFilterChain.java:140)
	at org.apache.tomcat.websocket.server.WsFilter.doFilter(WsFilter.java:51)
	at org.apache.catalina.core.ApplicationFilterChain.internalDoFilter(ApplicationFilterChain.java:164)
	at org.apache.catalina.core.ApplicationFilterChain.doFilter(ApplicationFilterChain.java:140)
	at com.todop11_20.common.config.jwt.JwtFilter.doFilter(JwtFilter.java:78)
	at org.apache.catalina.core.ApplicationFilterChain.internalDoFilter(ApplicationFilterChain.java:164)
	at org.apache.catalina.core.ApplicationFilterChain.doFilter(ApplicationFilterChain.java:140)
	at org.springframework.web.filter.RequestContextFilter.doFilterInternal(RequestContextFilter.java:100)
	at org.springframework.web.filter.OncePerRequestFilter.doFilter(OncePerRequestFilter.java:116)
	at org.apache.catalina.core.ApplicationFilterChain.internalDoFilter(ApplicationFilterChain.java:164)
	at org.apache.catalina.core.ApplicationFilterChain.doFilter(ApplicationFilterChain.java:140)
	at org.springframework.web.filter.FormContentFilter.doFilterInternal(FormContentFilter.java:93)
	at org.springframework.web.filter.OncePerRequestFilter.doFilter(OncePerRequestFilter.java:116)
	at org.apache.catalina.core.ApplicationFilterChain.internalDoFilter(ApplicationFilterChain.java:164)
	at org.apache.catalina.core.ApplicationFilterChain.doFilter(ApplicationFilterChain.java:140)
	at org.springframework.web.filter.CharacterEncodingFilter.doFilterInternal(CharacterEncodingFilter.java:201)
	at org.springframework.web.filter.OncePerRequestFilter.doFilter(OncePerRequestFilter.java:116)
	at org.apache.catalina.core.ApplicationFilterChain.internalDoFilter(ApplicationFilterChain.java:164)
	at org.apache.catalina.core.ApplicationFilterChain.doFilter(ApplicationFilterChain.java:140)
	at org.apache.catalina.core.StandardWrapperValve.invoke(StandardWrapperValve.java:167)
	at org.apache.catalina.core.StandardContextValve.invoke(StandardContextValve.java:90)
	at org.apache.catalina.authenticator.AuthenticatorBase.invoke(AuthenticatorBase.java:483)
	at org.apache.catalina.core.StandardHostValve.invoke(StandardHostValve.java:115)
	at org.apache.catalina.valves.ErrorReportValve.invoke(ErrorReportValve.java:93)
	at org.apache.catalina.core.StandardEngineValve.invoke(StandardEngineValve.java:74)
	at org.apache.catalina.connector.CoyoteAdapter.service(CoyoteAdapter.java:344)
	at org.apache.coyote.http11.Http11Processor.service(Http11Processor.java:397)
	at org.apache.coyote.AbstractProcessorLight.process(AbstractProcessorLight.java:63)
	at org.apache.coyote.AbstractProtocol$ConnectionHandler.process(AbstractProtocol.java:905)
	at org.apache.tomcat.util.net.NioEndpoint$SocketProcessor.doRun(NioEndpoint.java:1741)
	at org.apache.tomcat.util.net.SocketProcessorBase.run(SocketProcessorBase.java:52)
	at org.apache.tomcat.util.threads.ThreadPoolExecutor.runWorker(ThreadPoolExecutor.java:1190)
	at org.apache.tomcat.util.threads.ThreadPoolExecutor$Worker.run(ThreadPoolExecutor.java:659)
	at org.apache.tomcat.util.threads.TaskThread$WrappingRunnable.run(TaskThread.java:63)
	at java.base/java.lang.Thread.run(Thread.java:840)
Caused by: java.util.NoSuchElementException: No value present
	at java.base/java.util.Optional.get(Optional.java:143)
	at com.todop11_20.todo.service.TodoService.delete(TodoService.java:51)
	at java.base/jdk.internal.reflect.NativeMethodAccessorImpl.invoke0(Native Method)
	at java.base/jdk.internal.reflect.NativeMethodAccessorImpl.invoke(NativeMethodAccessorImpl.java:77)
	at java.base/jdk.internal.reflect.DelegatingMethodAccessorImpl.invoke(DelegatingMethodAccessorImpl.java:43)
	at java.base/java.lang.reflect.Method.invoke(Method.java:569)
	at org.springframework.aop.support.AopUtils.invokeJoinpointUsingReflection(AopUtils.java:359)
	at org.springframework.aop.framework.ReflectiveMethodInvocation.invokeJoinpoint(ReflectiveMethodInvocation.java:196)
	at org.springframework.aop.framework.ReflectiveMethodInvocation.proceed(ReflectiveMethodInvocation.java:163)
	at org.springframework.aop.interceptor.ExposeInvocationInterceptor.invoke(ExposeInvocationInterceptor.java:97)
	at org.springframework.aop.framework.ReflectiveMethodInvocation.proceed(ReflectiveMethodInvocation.java:184)
	at org.springframework.aop.framework.CglibAopProxy$DynamicAdvisedInterceptor.intercept(CglibAopProxy.java:727)
	at com.todop11_20.todo.service.TodoService$$SpringCGLIB$$0.delete(<generated>)
	at com.todop11_20.todo.controller.TodoController.deleteApi(TodoController.java:49)
	at java.base/jdk.internal.reflect.NativeMethodAccessorImpl.invoke0(Native Method)
	at java.base/jdk.internal.reflect.NativeMethodAccessorImpl.invoke(NativeMethodAccessorImpl.java:77)
	at java.base/jdk.internal.reflect.DelegatingMethodAccessorImpl.invoke(DelegatingMethodAccessorImpl.java:43)
	at java.base/java.lang.reflect.Method.invoke(Method.java:569)
	at org.springframework.web.method.support.InvocableHandlerMethod.doInvoke(InvocableHandlerMethod.java:257)
	at org.springframework.web.method.support.InvocableHandlerMethod.invokeForRequest(InvocableHandlerMethod.java:190)
	at org.springframework.web.servlet.mvc.method.annotation.ServletInvocableHandlerMethod.invokeAndHandle(ServletInvocableHandlerMethod.java:118)
	at org.springframework.web.servlet.mvc.method.annotation.RequestMappingHandlerAdapter.invokeHandlerMethod(RequestMappingHandlerAdapter.java:986)
	at org.springframework.web.servlet.mvc.method.annotation.RequestMappingHandlerAdapter.handleInternal(RequestMappingHandlerAdapter.java:891)
	at org.springframework.web.servlet.mvc.method.AbstractHandlerMethodAdapter.handle(AbstractHandlerMethodAdapter.java:87)
	at org.springframework.web.servlet.DispatcherServlet.doDispatch(DispatcherServlet.java:1088)
	at org.springframework.web.servlet.DispatcherServlet.doService(DispatcherServlet.java:978)
	at org.springframework.web.servlet.FrameworkServlet.processRequest(FrameworkServlet.java:1014)
	... 40 common frames omitted
2025-01-23 15:18:05 ERROR - Invalid JWT token, 유효하지 않는 JWT 토큰 입니다.
jakarta.servlet.ServletException: Request processing failed: java.util.NoSuchElementException: No value present
	at org.springframework.web.servlet.FrameworkServlet.processRequest(FrameworkServlet.java:1022)
	at org.springframework.web.servlet.FrameworkServlet.doDelete(FrameworkServlet.java:936)
	at jakarta.servlet.http.HttpServlet.service(HttpServlet.java:596)
	at org.springframework.web.servlet.FrameworkServlet.service(FrameworkServlet.java:885)
	at jakarta.servlet.http.HttpServlet.service(HttpServlet.java:658)
	at org.apache.catalina.core.ApplicationFilterChain.internalDoFilter(ApplicationFilterChain.java:195)
	at org.apache.catalina.core.ApplicationFilterChain.doFilter(ApplicationFilterChain.java:140)
	at org.apache.tomcat.websocket.server.WsFilter.doFilter(WsFilter.java:51)
	at org.apache.catalina.core.ApplicationFilterChain.internalDoFilter(ApplicationFilterChain.java:164)
	at org.apache.catalina.core.ApplicationFilterChain.doFilter(ApplicationFilterChain.java:140)
	at com.todop11_20.common.config.jwt.JwtFilter.doFilter(JwtFilter.java:78)
	at org.apache.catalina.core.ApplicationFilterChain.internalDoFilter(ApplicationFilterChain.java:164)
	at org.apache.catalina.core.ApplicationFilterChain.doFilter(ApplicationFilterChain.java:140)
	at org.springframework.web.filter.RequestContextFilter.doFilterInternal(RequestContextFilter.java:100)
	at org.springframework.web.filter.OncePerRequestFilter.doFilter(OncePerRequestFilter.java:116)
	at org.apache.catalina.core.ApplicationFilterChain.internalDoFilter(ApplicationFilterChain.java:164)
	at org.apache.catalina.core.ApplicationFilterChain.doFilter(ApplicationFilterChain.java:140)
	at org.springframework.web.filter.FormContentFilter.doFilterInternal(FormContentFilter.java:93)
	at org.springframework.web.filter.OncePerRequestFilter.doFilter(OncePerRequestFilter.java:116)
	at org.apache.catalina.core.ApplicationFilterChain.internalDoFilter(ApplicationFilterChain.java:164)
	at org.apache.catalina.core.ApplicationFilterChain.doFilter(ApplicationFilterChain.java:140)
	at org.springframework.web.filter.CharacterEncodingFilter.doFilterInternal(CharacterEncodingFilter.java:201)
	at org.springframework.web.filter.OncePerRequestFilter.doFilter(OncePerRequestFilter.java:116)
	at org.apache.catalina.core.ApplicationFilterChain.internalDoFilter(ApplicationFilterChain.java:164)
	at org.apache.catalina.core.ApplicationFilterChain.doFilter(ApplicationFilterChain.java:140)
	at org.apache.catalina.core.StandardWrapperValve.invoke(StandardWrapperValve.java:167)
	at org.apache.catalina.core.StandardContextValve.invoke(StandardContextValve.java:90)
	at org.apache.catalina.authenticator.AuthenticatorBase.invoke(AuthenticatorBase.java:483)
	at org.apache.catalina.core.StandardHostValve.invoke(StandardHostValve.java:115)
	at org.apache.catalina.valves.ErrorReportValve.invoke(ErrorReportValve.java:93)
	at org.apache.catalina.core.StandardEngineValve.invoke(StandardEngineValve.java:74)
	at org.apache.catalina.connector.CoyoteAdapter.service(CoyoteAdapter.java:344)
	at org.apache.coyote.http11.Http11Processor.service(Http11Processor.java:397)
	at org.apache.coyote.AbstractProcessorLight.process(AbstractProcessorLight.java:63)
	at org.apache.coyote.AbstractProtocol$ConnectionHandler.process(AbstractProtocol.java:905)
	at org.apache.tomcat.util.net.NioEndpoint$SocketProcessor.doRun(NioEndpoint.java:1741)
	at org.apache.tomcat.util.net.SocketProcessorBase.run(SocketProcessorBase.java:52)
	at org.apache.tomcat.util.threads.ThreadPoolExecutor.runWorker(ThreadPoolExecutor.java:1190)
	at org.apache.tomcat.util.threads.ThreadPoolExecutor$Worker.run(ThreadPoolExecutor.java:659)
	at org.apache.tomcat.util.threads.TaskThread$WrappingRunnable.run(TaskThread.java:63)
	at java.base/java.lang.Thread.run(Thread.java:840)
Caused by: java.util.NoSuchElementException: No value present
	at java.base/java.util.Optional.get(Optional.java:143)
	at com.todop11_20.todo.service.TodoService.delete(TodoService.java:51)
	at java.base/jdk.internal.reflect.NativeMethodAccessorImpl.invoke0(Native Method)
	at java.base/jdk.internal.reflect.NativeMethodAccessorImpl.invoke(NativeMethodAccessorImpl.java:77)
	at java.base/jdk.internal.reflect.DelegatingMethodAccessorImpl.invoke(DelegatingMethodAccessorImpl.java:43)
	at java.base/java.lang.reflect.Method.invoke(Method.java:569)
	at org.springframework.aop.support.AopUtils.invokeJoinpointUsingReflection(AopUtils.java:359)
	at org.springframework.aop.framework.ReflectiveMethodInvocation.invokeJoinpoint(ReflectiveMethodInvocation.java:196)
	at org.springframework.aop.framework.ReflectiveMethodInvocation.proceed(ReflectiveMethodInvocation.java:163)
	at org.springframework.aop.interceptor.ExposeInvocationInterceptor.invoke(ExposeInvocationInterceptor.java:97)
	at org.springframework.aop.framework.ReflectiveMethodInvocation.proceed(ReflectiveMethodInvocation.java:184)
	at org.springframework.aop.framework.CglibAopProxy$DynamicAdvisedInterceptor.intercept(CglibAopProxy.java:727)
	at com.todop11_20.todo.service.TodoService$$SpringCGLIB$$0.delete(<generated>)
	at com.todop11_20.todo.controller.TodoController.deleteApi(TodoController.java:49)
	at java.base/jdk.internal.reflect.NativeMethodAccessorImpl.invoke0(Native Method)
	at java.base/jdk.internal.reflect.NativeMethodAccessorImpl.invoke(NativeMethodAccessorImpl.java:77)
	at java.base/jdk.internal.reflect.DelegatingMethodAccessorImpl.invoke(DelegatingMethodAccessorImpl.java:43)
	at java.base/java.lang.reflect.Method.invoke(Method.java:569)
	at org.springframework.web.method.support.InvocableHandlerMethod.doInvoke(InvocableHandlerMethod.java:257)
	at org.springframework.web.method.support.InvocableHandlerMethod.invokeForRequest(InvocableHandlerMethod.java:190)
	at org.springframework.web.servlet.mvc.method.annotation.ServletInvocableHandlerMethod.invokeAndHandle(ServletInvocableHandlerMethod.java:118)
	at org.springframework.web.servlet.mvc.method.annotation.RequestMappingHandlerAdapter.invokeHandlerMethod(RequestMappingHandlerAdapter.java:986)
	at org.springframework.web.servlet.mvc.method.annotation.RequestMappingHandlerAdapter.handleInternal(RequestMappingHandlerAdapter.java:891)
	at org.springframework.web.servlet.mvc.method.AbstractHandlerMethodAdapter.handle(AbstractHandlerMethodAdapter.java:87)
	at org.springframework.web.servlet.DispatcherServlet.doDispatch(DispatcherServlet.java:1088)
	at org.springframework.web.servlet.DispatcherServlet.doService(DispatcherServlet.java:978)
	at org.springframework.web.servlet.FrameworkServlet.processRequest(FrameworkServlet.java:1014)
	... 40 common frames omitted
2025-01-23 15:19:05 ERROR - Invalid JWT token, 유효하지 않는 JWT 토큰 입니다.
jakarta.servlet.ServletException: Request processing failed: java.util.NoSuchElementException: No value present
	at org.springframework.web.servlet.FrameworkServlet.processRequest(FrameworkServlet.java:1022)
	at org.springframework.web.servlet.FrameworkServlet.doDelete(FrameworkServlet.java:936)
	at jakarta.servlet.http.HttpServlet.service(HttpServlet.java:596)
	at org.springframework.web.servlet.FrameworkServlet.service(FrameworkServlet.java:885)
	at jakarta.servlet.http.HttpServlet.service(HttpServlet.java:658)
	at org.apache.catalina.core.ApplicationFilterChain.internalDoFilter(ApplicationFilterChain.java:195)
	at org.apache.catalina.core.ApplicationFilterChain.doFilter(ApplicationFilterChain.java:140)
	at org.apache.tomcat.websocket.server.WsFilter.doFilter(WsFilter.java:51)
	at org.apache.catalina.core.ApplicationFilterChain.internalDoFilter(ApplicationFilterChain.java:164)
	at org.apache.catalina.core.ApplicationFilterChain.doFilter(ApplicationFilterChain.java:140)
	at com.todop11_20.common.config.jwt.JwtFilter.doFilter(JwtFilter.java:78)
	at org.apache.catalina.core.ApplicationFilterChain.internalDoFilter(ApplicationFilterChain.java:164)
	at org.apache.catalina.core.ApplicationFilterChain.doFilter(ApplicationFilterChain.java:140)
	at org.springframework.web.filter.RequestContextFilter.doFilterInternal(RequestContextFilter.java:100)
	at org.springframework.web.filter.OncePerRequestFilter.doFilter(OncePerRequestFilter.java:116)
	at org.apache.catalina.core.ApplicationFilterChain.internalDoFilter(ApplicationFilterChain.java:164)
	at org.apache.catalina.core.ApplicationFilterChain.doFilter(ApplicationFilterChain.java:140)
	at org.springframework.web.filter.FormContentFilter.doFilterInternal(FormContentFilter.java:93)
	at org.springframework.web.filter.OncePerRequestFilter.doFilter(OncePerRequestFilter.java:116)
	at org.apache.catalina.core.ApplicationFilterChain.internalDoFilter(ApplicationFilterChain.java:164)
	at org.apache.catalina.core.ApplicationFilterChain.doFilter(ApplicationFilterChain.java:140)
	at org.springframework.web.filter.CharacterEncodingFilter.doFilterInternal(CharacterEncodingFilter.java:201)
	at org.springframework.web.filter.OncePerRequestFilter.doFilter(OncePerRequestFilter.java:116)
	at org.apache.catalina.core.ApplicationFilterChain.internalDoFilter(ApplicationFilterChain.java:164)
	at org.apache.catalina.core.ApplicationFilterChain.doFilter(ApplicationFilterChain.java:140)
	at org.apache.catalina.core.StandardWrapperValve.invoke(StandardWrapperValve.java:167)
	at org.apache.catalina.core.StandardContextValve.invoke(StandardContextValve.java:90)
	at org.apache.catalina.authenticator.AuthenticatorBase.invoke(AuthenticatorBase.java:483)
	at org.apache.catalina.core.StandardHostValve.invoke(StandardHostValve.java:115)
	at org.apache.catalina.valves.ErrorReportValve.invoke(ErrorReportValve.java:93)
	at org.apache.catalina.core.StandardEngineValve.invoke(StandardEngineValve.java:74)
	at org.apache.catalina.connector.CoyoteAdapter.service(CoyoteAdapter.java:344)
	at org.apache.coyote.http11.Http11Processor.service(Http11Processor.java:397)
	at org.apache.coyote.AbstractProcessorLight.process(AbstractProcessorLight.java:63)
	at org.apache.coyote.AbstractProtocol$ConnectionHandler.process(AbstractProtocol.java:905)
	at org.apache.tomcat.util.net.NioEndpoint$SocketProcessor.doRun(NioEndpoint.java:1741)
	at org.apache.tomcat.util.net.SocketProcessorBase.run(SocketProcessorBase.java:52)
	at org.apache.tomcat.util.threads.ThreadPoolExecutor.runWorker(ThreadPoolExecutor.java:1190)
	at org.apache.tomcat.util.threads.ThreadPoolExecutor$Worker.run(ThreadPoolExecutor.java:659)
	at org.apache.tomcat.util.threads.TaskThread$WrappingRunnable.run(TaskThread.java:63)
	at java.base/java.lang.Thread.run(Thread.java:840)
Caused by: java.util.NoSuchElementException: No value present
	at java.base/java.util.Optional.get(Optional.java:143)
	at com.todop11_20.todo.service.TodoService.delete(TodoService.java:51)
	at java.base/jdk.internal.reflect.NativeMethodAccessorImpl.invoke0(Native Method)
	at java.base/jdk.internal.reflect.NativeMethodAccessorImpl.invoke(NativeMethodAccessorImpl.java:77)
	at java.base/jdk.internal.reflect.DelegatingMethodAccessorImpl.invoke(DelegatingMethodAccessorImpl.java:43)
	at java.base/java.lang.reflect.Method.invoke(Method.java:569)
	at org.springframework.aop.support.AopUtils.invokeJoinpointUsingReflection(AopUtils.java:359)
	at org.springframework.aop.framework.ReflectiveMethodInvocation.invokeJoinpoint(ReflectiveMethodInvocation.java:196)
	at org.springframework.aop.framework.ReflectiveMethodInvocation.proceed(ReflectiveMethodInvocation.java:163)
	at org.springframework.aop.interceptor.ExposeInvocationInterceptor.invoke(ExposeInvocationInterceptor.java:97)
	at org.springframework.aop.framework.ReflectiveMethodInvocation.proceed(ReflectiveMethodInvocation.java:184)
	at org.springframework.aop.framework.CglibAopProxy$DynamicAdvisedInterceptor.intercept(CglibAopProxy.java:727)
	at com.todop11_20.todo.service.TodoService$$SpringCGLIB$$0.delete(<generated>)
	at com.todop11_20.todo.controller.TodoController.deleteApi(TodoController.java:49)
	at java.base/jdk.internal.reflect.NativeMethodAccessorImpl.invoke0(Native Method)
	at java.base/jdk.internal.reflect.NativeMethodAccessorImpl.invoke(NativeMethodAccessorImpl.java:77)
	at java.base/jdk.internal.reflect.DelegatingMethodAccessorImpl.invoke(DelegatingMethodAccessorImpl.java:43)
	at java.base/java.lang.reflect.Method.invoke(Method.java:569)
	at org.springframework.web.method.support.InvocableHandlerMethod.doInvoke(InvocableHandlerMethod.java:257)
	at org.springframework.web.method.support.InvocableHandlerMethod.invokeForRequest(InvocableHandlerMethod.java:190)
	at org.springframework.web.servlet.mvc.method.annotation.ServletInvocableHandlerMethod.invokeAndHandle(ServletInvocableHandlerMethod.java:118)
	at org.springframework.web.servlet.mvc.method.annotation.RequestMappingHandlerAdapter.invokeHandlerMethod(RequestMappingHandlerAdapter.java:986)
	at org.springframework.web.servlet.mvc.method.annotation.RequestMappingHandlerAdapter.handleInternal(RequestMappingHandlerAdapter.java:891)
	at org.springframework.web.servlet.mvc.method.AbstractHandlerMethodAdapter.handle(AbstractHandlerMethodAdapter.java:87)
	at org.springframework.web.servlet.DispatcherServlet.doDispatch(DispatcherServlet.java:1088)
	at org.springframework.web.servlet.DispatcherServlet.doService(DispatcherServlet.java:978)
	at org.springframework.web.servlet.FrameworkServlet.processRequest(FrameworkServlet.java:1014)
	... 40 common frames omitted
2025-01-23 15:19:19 INFO  - ::: Todo isTodo? : 1 :::
2025-01-23 15:24:25 INFO  - Commencing graceful shutdown. Waiting for active requests to complete
2025-01-23 15:24:25 INFO  - Graceful shutdown complete
2025-01-23 15:24:25 INFO  - Closing JPA EntityManagerFactory for persistence unit 'default'
2025-01-23 15:24:25 INFO  - HikariPool-1 - Shutdown initiated...
2025-01-23 15:24:25 INFO  - HikariPool-1 - Shutdown completed.
2025-01-23 15:24:29 INFO  - HV000001: Hibernate Validator 8.0.2.Final
2025-01-23 15:24:29 INFO  - Starting TodoP1120Application using Java 17.0.13 with PID 13488 (D:\IntelliJ IDEA 2024.2.4\practice\todo11_20\todoP11_20\build\classes\java\main started by user in D:\IntelliJ IDEA 2024.2.4\practice\todo11_20\todoP11_20)
2025-01-23 15:24:29 INFO  - No active profile set, falling back to 1 default profile: "default"
2025-01-23 15:24:30 INFO  - Bootstrapping Spring Data JPA repositories in DEFAULT mode.
2025-01-23 15:24:30 INFO  - Finished Spring Data repository scanning in 88 ms. Found 5 JPA repository interfaces.
2025-01-23 15:24:31 INFO  - Tomcat initialized with port 8080 (http)
2025-01-23 15:24:31 INFO  - Initializing ProtocolHandler ["http-nio-8080"]
2025-01-23 15:24:31 INFO  - Starting service [Tomcat]
2025-01-23 15:24:31 INFO  - Starting Servlet engine: [Apache Tomcat/10.1.34]
2025-01-23 15:24:31 INFO  - Initializing Spring embedded WebApplicationContext
2025-01-23 15:24:31 INFO  - Root WebApplicationContext: initialization completed in 1542 ms
2025-01-23 15:24:31 INFO  - ::: init start :::
2025-01-23 15:24:31 INFO  - ::: init ing :::
2025-01-23 15:24:31 INFO  - ::: init key value : javax.crypto.spec.SecretKeySpec@5880c1d :::
2025-01-23 15:24:31 INFO  - ::: init end :::
2025-01-23 15:24:31 INFO  - HHH000204: Processing PersistenceUnitInfo [name: default]
2025-01-23 15:24:31 INFO  - HHH000412: Hibernate ORM core version 6.6.4.Final
2025-01-23 15:24:31 INFO  - HHH000026: Second-level cache disabled
2025-01-23 15:24:31 INFO  - No LoadTimeWeaver setup: ignoring JPA class transformer
2025-01-23 15:24:31 INFO  - HikariPool-1 - Starting...
2025-01-23 15:24:32 INFO  - HikariPool-1 - Added connection com.mysql.cj.jdbc.ConnectionImpl@71e7c13f
2025-01-23 15:24:32 INFO  - HikariPool-1 - Start completed.
2025-01-23 15:24:32 WARN  - HHH90000025: MySQLDialect does not need to be specified explicitly using 'hibernate.dialect' (remove the property setting and it will be selected by default)
2025-01-23 15:24:32 INFO  - HHH10001005: Database info:
	Database JDBC URL [Connecting through datasource 'HikariDataSource (HikariPool-1)']
	Database driver: undefined/unknown
	Database version: 8.0.40
	Autocommit mode: undefined/unknown
	Isolation level: undefined/unknown
	Minimum pool size: undefined/unknown
	Maximum pool size: undefined/unknown
2025-01-23 15:24:33 INFO  - HHH000489: No JTA platform available (set 'hibernate.transaction.jta.platform' to enable JTA platform integration)
2025-01-23 15:24:35 INFO  - Initialized JPA EntityManagerFactory for persistence unit 'default'
2025-01-23 15:24:35 WARN  - spring.jpa.open-in-view is enabled by default. Therefore, database queries may be performed during view rendering. Explicitly configure spring.jpa.open-in-view to disable this warning
2025-01-23 15:24:36 INFO  - Starting ProtocolHandler ["http-nio-8080"]
2025-01-23 15:24:36 INFO  - Tomcat started on port 8080 (http) with context path '/'
2025-01-23 15:24:36 INFO  - Started TodoP1120Application in 6.971 seconds (process running for 7.968)
2025-01-23 15:24:42 INFO  - Initializing Spring DispatcherServlet 'dispatcherServlet'
2025-01-23 15:24:42 INFO  - Initializing Servlet 'dispatcherServlet'
2025-01-23 15:24:42 INFO  - Completed initialization in 1 ms
2025-01-23 15:24:45 INFO  - ::: user_id : 1
2025-01-23 15:24:45 INFO  - ::: key value : javax.crypto.spec.SecretKeySpec@5880c1d
2025-01-23 15:25:07 ERROR - Invalid JWT token, 유효하지 않는 JWT 토큰 입니다.
jakarta.servlet.ServletException: Request processing failed: java.util.NoSuchElementException: No value present
	at org.springframework.web.servlet.FrameworkServlet.processRequest(FrameworkServlet.java:1022)
	at org.springframework.web.servlet.FrameworkServlet.doDelete(FrameworkServlet.java:936)
	at jakarta.servlet.http.HttpServlet.service(HttpServlet.java:596)
	at org.springframework.web.servlet.FrameworkServlet.service(FrameworkServlet.java:885)
	at jakarta.servlet.http.HttpServlet.service(HttpServlet.java:658)
	at org.apache.catalina.core.ApplicationFilterChain.internalDoFilter(ApplicationFilterChain.java:195)
	at org.apache.catalina.core.ApplicationFilterChain.doFilter(ApplicationFilterChain.java:140)
	at org.apache.tomcat.websocket.server.WsFilter.doFilter(WsFilter.java:51)
	at org.apache.catalina.core.ApplicationFilterChain.internalDoFilter(ApplicationFilterChain.java:164)
	at org.apache.catalina.core.ApplicationFilterChain.doFilter(ApplicationFilterChain.java:140)
	at com.todop11_20.common.config.jwt.JwtFilter.doFilter(JwtFilter.java:78)
	at org.apache.catalina.core.ApplicationFilterChain.internalDoFilter(ApplicationFilterChain.java:164)
	at org.apache.catalina.core.ApplicationFilterChain.doFilter(ApplicationFilterChain.java:140)
	at org.springframework.web.filter.RequestContextFilter.doFilterInternal(RequestContextFilter.java:100)
	at org.springframework.web.filter.OncePerRequestFilter.doFilter(OncePerRequestFilter.java:116)
	at org.apache.catalina.core.ApplicationFilterChain.internalDoFilter(ApplicationFilterChain.java:164)
	at org.apache.catalina.core.ApplicationFilterChain.doFilter(ApplicationFilterChain.java:140)
	at org.springframework.web.filter.FormContentFilter.doFilterInternal(FormContentFilter.java:93)
	at org.springframework.web.filter.OncePerRequestFilter.doFilter(OncePerRequestFilter.java:116)
	at org.apache.catalina.core.ApplicationFilterChain.internalDoFilter(ApplicationFilterChain.java:164)
	at org.apache.catalina.core.ApplicationFilterChain.doFilter(ApplicationFilterChain.java:140)
	at org.springframework.web.filter.CharacterEncodingFilter.doFilterInternal(CharacterEncodingFilter.java:201)
	at org.springframework.web.filter.OncePerRequestFilter.doFilter(OncePerRequestFilter.java:116)
	at org.apache.catalina.core.ApplicationFilterChain.internalDoFilter(ApplicationFilterChain.java:164)
	at org.apache.catalina.core.ApplicationFilterChain.doFilter(ApplicationFilterChain.java:140)
	at org.apache.catalina.core.StandardWrapperValve.invoke(StandardWrapperValve.java:167)
	at org.apache.catalina.core.StandardContextValve.invoke(StandardContextValve.java:90)
	at org.apache.catalina.authenticator.AuthenticatorBase.invoke(AuthenticatorBase.java:483)
	at org.apache.catalina.core.StandardHostValve.invoke(StandardHostValve.java:115)
	at org.apache.catalina.valves.ErrorReportValve.invoke(ErrorReportValve.java:93)
	at org.apache.catalina.core.StandardEngineValve.invoke(StandardEngineValve.java:74)
	at org.apache.catalina.connector.CoyoteAdapter.service(CoyoteAdapter.java:344)
	at org.apache.coyote.http11.Http11Processor.service(Http11Processor.java:397)
	at org.apache.coyote.AbstractProcessorLight.process(AbstractProcessorLight.java:63)
	at org.apache.coyote.AbstractProtocol$ConnectionHandler.process(AbstractProtocol.java:905)
	at org.apache.tomcat.util.net.NioEndpoint$SocketProcessor.doRun(NioEndpoint.java:1741)
	at org.apache.tomcat.util.net.SocketProcessorBase.run(SocketProcessorBase.java:52)
	at org.apache.tomcat.util.threads.ThreadPoolExecutor.runWorker(ThreadPoolExecutor.java:1190)
	at org.apache.tomcat.util.threads.ThreadPoolExecutor$Worker.run(ThreadPoolExecutor.java:659)
	at org.apache.tomcat.util.threads.TaskThread$WrappingRunnable.run(TaskThread.java:63)
	at java.base/java.lang.Thread.run(Thread.java:840)
Caused by: java.util.NoSuchElementException: No value present
	at java.base/java.util.Optional.get(Optional.java:143)
	at com.todop11_20.todo.service.TodoService.delete(TodoService.java:51)
	at java.base/jdk.internal.reflect.NativeMethodAccessorImpl.invoke0(Native Method)
	at java.base/jdk.internal.reflect.NativeMethodAccessorImpl.invoke(NativeMethodAccessorImpl.java:77)
	at java.base/jdk.internal.reflect.DelegatingMethodAccessorImpl.invoke(DelegatingMethodAccessorImpl.java:43)
	at java.base/java.lang.reflect.Method.invoke(Method.java:569)
	at org.springframework.aop.support.AopUtils.invokeJoinpointUsingReflection(AopUtils.java:359)
	at org.springframework.aop.framework.ReflectiveMethodInvocation.invokeJoinpoint(ReflectiveMethodInvocation.java:196)
	at org.springframework.aop.framework.ReflectiveMethodInvocation.proceed(ReflectiveMethodInvocation.java:163)
	at org.springframework.aop.interceptor.ExposeInvocationInterceptor.invoke(ExposeInvocationInterceptor.java:97)
	at org.springframework.aop.framework.ReflectiveMethodInvocation.proceed(ReflectiveMethodInvocation.java:184)
	at org.springframework.aop.framework.CglibAopProxy$DynamicAdvisedInterceptor.intercept(CglibAopProxy.java:727)
	at com.todop11_20.todo.service.TodoService$$SpringCGLIB$$0.delete(<generated>)
	at com.todop11_20.todo.controller.TodoController.deleteApi(TodoController.java:49)
	at java.base/jdk.internal.reflect.NativeMethodAccessorImpl.invoke0(Native Method)
	at java.base/jdk.internal.reflect.NativeMethodAccessorImpl.invoke(NativeMethodAccessorImpl.java:77)
	at java.base/jdk.internal.reflect.DelegatingMethodAccessorImpl.invoke(DelegatingMethodAccessorImpl.java:43)
	at java.base/java.lang.reflect.Method.invoke(Method.java:569)
	at org.springframework.web.method.support.InvocableHandlerMethod.doInvoke(InvocableHandlerMethod.java:257)
	at org.springframework.web.method.support.InvocableHandlerMethod.invokeForRequest(InvocableHandlerMethod.java:190)
	at org.springframework.web.servlet.mvc.method.annotation.ServletInvocableHandlerMethod.invokeAndHandle(ServletInvocableHandlerMethod.java:118)
	at org.springframework.web.servlet.mvc.method.annotation.RequestMappingHandlerAdapter.invokeHandlerMethod(RequestMappingHandlerAdapter.java:986)
	at org.springframework.web.servlet.mvc.method.annotation.RequestMappingHandlerAdapter.handleInternal(RequestMappingHandlerAdapter.java:891)
	at org.springframework.web.servlet.mvc.method.AbstractHandlerMethodAdapter.handle(AbstractHandlerMethodAdapter.java:87)
	at org.springframework.web.servlet.DispatcherServlet.doDispatch(DispatcherServlet.java:1088)
	at org.springframework.web.servlet.DispatcherServlet.doService(DispatcherServlet.java:978)
	at org.springframework.web.servlet.FrameworkServlet.processRequest(FrameworkServlet.java:1014)
	... 40 common frames omitted
2025-01-23 15:25:52 INFO  - Commencing graceful shutdown. Waiting for active requests to complete
2025-01-23 15:25:52 INFO  - Graceful shutdown complete
2025-01-23 15:25:52 INFO  - Closing JPA EntityManagerFactory for persistence unit 'default'
2025-01-23 15:25:52 INFO  - HikariPool-1 - Shutdown initiated...
2025-01-23 15:25:52 INFO  - HikariPool-1 - Shutdown completed.
2025-01-23 15:25:55 INFO  - HV000001: Hibernate Validator 8.0.2.Final
2025-01-23 15:25:55 INFO  - Starting TodoP1120Application using Java 17.0.13 with PID 10004 (D:\IntelliJ IDEA 2024.2.4\practice\todo11_20\todoP11_20\build\classes\java\main started by user in D:\IntelliJ IDEA 2024.2.4\practice\todo11_20\todoP11_20)
2025-01-23 15:25:55 INFO  - No active profile set, falling back to 1 default profile: "default"
2025-01-23 15:25:56 INFO  - Bootstrapping Spring Data JPA repositories in DEFAULT mode.
2025-01-23 15:25:56 INFO  - Finished Spring Data repository scanning in 98 ms. Found 5 JPA repository interfaces.
2025-01-23 15:25:57 INFO  - Tomcat initialized with port 8080 (http)
2025-01-23 15:25:57 INFO  - Initializing ProtocolHandler ["http-nio-8080"]
2025-01-23 15:25:57 INFO  - Starting service [Tomcat]
2025-01-23 15:25:57 INFO  - Starting Servlet engine: [Apache Tomcat/10.1.34]
2025-01-23 15:25:57 INFO  - Initializing Spring embedded WebApplicationContext
2025-01-23 15:25:57 INFO  - Root WebApplicationContext: initialization completed in 1644 ms
2025-01-23 15:25:57 INFO  - ::: init start :::
2025-01-23 15:25:57 INFO  - ::: init ing :::
2025-01-23 15:25:57 INFO  - ::: init key value : javax.crypto.spec.SecretKeySpec@5880c1d :::
2025-01-23 15:25:57 INFO  - ::: init end :::
2025-01-23 15:25:57 INFO  - HHH000204: Processing PersistenceUnitInfo [name: default]
2025-01-23 15:25:57 INFO  - HHH000412: Hibernate ORM core version 6.6.4.Final
2025-01-23 15:25:57 INFO  - HHH000026: Second-level cache disabled
2025-01-23 15:25:57 INFO  - No LoadTimeWeaver setup: ignoring JPA class transformer
2025-01-23 15:25:57 INFO  - HikariPool-1 - Starting...
2025-01-23 15:25:58 INFO  - HikariPool-1 - Added connection com.mysql.cj.jdbc.ConnectionImpl@495da9a7
2025-01-23 15:25:58 INFO  - HikariPool-1 - Start completed.
2025-01-23 15:25:58 WARN  - HHH90000025: MySQLDialect does not need to be specified explicitly using 'hibernate.dialect' (remove the property setting and it will be selected by default)
2025-01-23 15:25:58 INFO  - HHH10001005: Database info:
	Database JDBC URL [Connecting through datasource 'HikariDataSource (HikariPool-1)']
	Database driver: undefined/unknown
	Database version: 8.0.40
	Autocommit mode: undefined/unknown
	Isolation level: undefined/unknown
	Minimum pool size: undefined/unknown
	Maximum pool size: undefined/unknown
2025-01-23 15:25:59 INFO  - HHH000489: No JTA platform available (set 'hibernate.transaction.jta.platform' to enable JTA platform integration)
2025-01-23 15:26:01 INFO  - Initialized JPA EntityManagerFactory for persistence unit 'default'
2025-01-23 15:26:01 WARN  - spring.jpa.open-in-view is enabled by default. Therefore, database queries may be performed during view rendering. Explicitly configure spring.jpa.open-in-view to disable this warning
2025-01-23 15:26:02 INFO  - Starting ProtocolHandler ["http-nio-8080"]
2025-01-23 15:26:02 INFO  - Tomcat started on port 8080 (http) with context path '/'
2025-01-23 15:26:02 INFO  - Started TodoP1120Application in 6.99 seconds (process running for 7.94)
2025-01-23 15:47:32 INFO  - Commencing graceful shutdown. Waiting for active requests to complete
2025-01-23 15:47:32 INFO  - Graceful shutdown complete
2025-01-23 15:47:32 INFO  - Closing JPA EntityManagerFactory for persistence unit 'default'
2025-01-23 15:47:32 INFO  - HikariPool-1 - Shutdown initiated...
2025-01-23 15:47:32 INFO  - HikariPool-1 - Shutdown completed.
