2025-01-23 15:47:35 INFO  - HV000001: Hibernate Validator 8.0.2.Final
2025-01-23 15:47:35 INFO  - Starting TodoP1120Application using Java 17.0.13 with PID 15192 (D:\IntelliJ IDEA 2024.2.4\practice\todo11_20\todoP11_20\build\classes\java\main started by user in D:\IntelliJ IDEA 2024.2.4\practice\todo11_20\todoP11_20)
2025-01-23 15:47:35 INFO  - No active profile set, falling back to 1 default profile: "default"
2025-01-23 15:47:36 INFO  - Bootstrapping Spring Data JPA repositories in DEFAULT mode.
2025-01-23 15:47:36 INFO  - Finished Spring Data repository scanning in 87 ms. Found 5 JPA repository interfaces.
2025-01-23 15:47:37 INFO  - Tomcat initialized with port 8080 (http)
2025-01-23 15:47:37 INFO  - Initializing ProtocolHandler ["http-nio-8080"]
2025-01-23 15:47:37 INFO  - Starting service [Tomcat]
2025-01-23 15:47:37 INFO  - Starting Servlet engine: [Apache Tomcat/10.1.34]
2025-01-23 15:47:37 INFO  - Initializing Spring embedded WebApplicationContext
2025-01-23 15:47:37 INFO  - Root WebApplicationContext: initialization completed in 1655 ms
2025-01-23 15:47:37 INFO  - ::: init start :::
2025-01-23 15:47:37 INFO  - ::: init ing :::
2025-01-23 15:47:37 INFO  - ::: init key value : javax.crypto.spec.SecretKeySpec@5880c1d :::
2025-01-23 15:47:37 INFO  - ::: init end :::
2025-01-23 15:47:37 INFO  - HHH000204: Processing PersistenceUnitInfo [name: default]
2025-01-23 15:47:37 INFO  - HHH000412: Hibernate ORM core version 6.6.4.Final
2025-01-23 15:47:37 INFO  - HHH000026: Second-level cache disabled
2025-01-23 15:47:37 INFO  - No LoadTimeWeaver setup: ignoring JPA class transformer
2025-01-23 15:47:38 INFO  - HikariPool-1 - Starting...
2025-01-23 15:47:38 INFO  - HikariPool-1 - Added connection com.mysql.cj.jdbc.ConnectionImpl@4449b273
2025-01-23 15:47:38 INFO  - HikariPool-1 - Start completed.
2025-01-23 15:47:38 WARN  - HHH90000025: MySQLDialect does not need to be specified explicitly using 'hibernate.dialect' (remove the property setting and it will be selected by default)
2025-01-23 15:47:38 INFO  - HHH10001005: Database info:
	Database JDBC URL [Connecting through datasource 'HikariDataSource (HikariPool-1)']
	Database driver: undefined/unknown
	Database version: 8.0.40
	Autocommit mode: undefined/unknown
	Isolation level: undefined/unknown
	Minimum pool size: undefined/unknown
	Maximum pool size: undefined/unknown
2025-01-23 15:47:39 INFO  - HHH000489: No JTA platform available (set 'hibernate.transaction.jta.platform' to enable JTA platform integration)
2025-01-23 15:47:41 INFO  - Initialized JPA EntityManagerFactory for persistence unit 'default'
2025-01-23 15:47:41 WARN  - spring.jpa.open-in-view is enabled by default. Therefore, database queries may be performed during view rendering. Explicitly configure spring.jpa.open-in-view to disable this warning
2025-01-23 15:47:42 INFO  - Starting ProtocolHandler ["http-nio-8080"]
2025-01-23 15:47:42 INFO  - Tomcat started on port 8080 (http) with context path '/'
2025-01-23 15:47:42 INFO  - Started TodoP1120Application in 7.136 seconds (process running for 8.121)
2025-01-23 15:48:28 INFO  - Initializing Spring DispatcherServlet 'dispatcherServlet'
2025-01-23 15:48:28 INFO  - Initializing Servlet 'dispatcherServlet'
2025-01-23 15:48:28 INFO  - Completed initialization in 1 ms
2025-01-23 15:52:14 INFO  - Commencing graceful shutdown. Waiting for active requests to complete
2025-01-23 15:52:14 INFO  - Graceful shutdown complete
2025-01-23 15:52:14 INFO  - Closing JPA EntityManagerFactory for persistence unit 'default'
2025-01-23 15:52:14 INFO  - HikariPool-1 - Shutdown initiated...
2025-01-23 15:52:14 INFO  - HikariPool-1 - Shutdown completed.
2025-01-23 15:52:18 INFO  - HV000001: Hibernate Validator 8.0.2.Final
2025-01-23 15:52:18 INFO  - Starting TodoP1120Application using Java 17.0.13 with PID 18696 (D:\IntelliJ IDEA 2024.2.4\practice\todo11_20\todoP11_20\build\classes\java\main started by user in D:\IntelliJ IDEA 2024.2.4\practice\todo11_20\todoP11_20)
2025-01-23 15:52:18 INFO  - No active profile set, falling back to 1 default profile: "default"
2025-01-23 15:52:19 INFO  - Bootstrapping Spring Data JPA repositories in DEFAULT mode.
2025-01-23 15:52:19 INFO  - Finished Spring Data repository scanning in 95 ms. Found 5 JPA repository interfaces.
2025-01-23 15:52:20 INFO  - Tomcat initialized with port 8080 (http)
2025-01-23 15:52:20 INFO  - Initializing ProtocolHandler ["http-nio-8080"]
2025-01-23 15:52:20 INFO  - Starting service [Tomcat]
2025-01-23 15:52:20 INFO  - Starting Servlet engine: [Apache Tomcat/10.1.34]
2025-01-23 15:52:20 INFO  - Initializing Spring embedded WebApplicationContext
2025-01-23 15:52:20 INFO  - Root WebApplicationContext: initialization completed in 1651 ms
2025-01-23 15:52:20 INFO  - ::: init start :::
2025-01-23 15:52:20 INFO  - ::: init ing :::
2025-01-23 15:52:20 INFO  - ::: init key value : javax.crypto.spec.SecretKeySpec@5880c1d :::
2025-01-23 15:52:20 INFO  - ::: init end :::
2025-01-23 15:52:20 INFO  - HHH000204: Processing PersistenceUnitInfo [name: default]
2025-01-23 15:52:20 INFO  - HHH000412: Hibernate ORM core version 6.6.4.Final
2025-01-23 15:52:20 INFO  - HHH000026: Second-level cache disabled
2025-01-23 15:52:20 INFO  - No LoadTimeWeaver setup: ignoring JPA class transformer
2025-01-23 15:52:20 INFO  - HikariPool-1 - Starting...
2025-01-23 15:52:21 INFO  - HikariPool-1 - Added connection com.mysql.cj.jdbc.ConnectionImpl@11309dd4
2025-01-23 15:52:21 INFO  - HikariPool-1 - Start completed.
2025-01-23 15:52:21 WARN  - HHH90000025: MySQLDialect does not need to be specified explicitly using 'hibernate.dialect' (remove the property setting and it will be selected by default)
2025-01-23 15:52:21 INFO  - HHH10001005: Database info:
	Database JDBC URL [Connecting through datasource 'HikariDataSource (HikariPool-1)']
	Database driver: undefined/unknown
	Database version: 8.0.40
	Autocommit mode: undefined/unknown
	Isolation level: undefined/unknown
	Minimum pool size: undefined/unknown
	Maximum pool size: undefined/unknown
2025-01-23 15:52:22 INFO  - HHH000489: No JTA platform available (set 'hibernate.transaction.jta.platform' to enable JTA platform integration)
2025-01-23 15:52:23 INFO  - Initialized JPA EntityManagerFactory for persistence unit 'default'
2025-01-23 15:52:24 WARN  - spring.jpa.open-in-view is enabled by default. Therefore, database queries may be performed during view rendering. Explicitly configure spring.jpa.open-in-view to disable this warning
2025-01-23 15:52:24 INFO  - Starting ProtocolHandler ["http-nio-8080"]
2025-01-23 15:52:24 INFO  - Tomcat started on port 8080 (http) with context path '/'
2025-01-23 15:52:24 INFO  - Started TodoP1120Application in 6.867 seconds (process running for 7.827)
2025-01-23 15:52:29 INFO  - Initializing Spring DispatcherServlet 'dispatcherServlet'
2025-01-23 15:52:29 INFO  - Initializing Servlet 'dispatcherServlet'
2025-01-23 15:52:29 INFO  - Completed initialization in 1 ms
2025-01-23 15:58:11 INFO  - Commencing graceful shutdown. Waiting for active requests to complete
2025-01-23 15:58:12 INFO  - Graceful shutdown complete
2025-01-23 15:58:12 INFO  - Closing JPA EntityManagerFactory for persistence unit 'default'
2025-01-23 15:58:12 INFO  - HikariPool-1 - Shutdown initiated...
2025-01-23 15:58:12 INFO  - HikariPool-1 - Shutdown completed.
2025-01-23 15:58:15 INFO  - HV000001: Hibernate Validator 8.0.2.Final
2025-01-23 15:58:15 INFO  - Starting TodoP1120Application using Java 17.0.13 with PID 19252 (D:\IntelliJ IDEA 2024.2.4\practice\todo11_20\todoP11_20\build\classes\java\main started by user in D:\IntelliJ IDEA 2024.2.4\practice\todo11_20\todoP11_20)
2025-01-23 15:58:15 INFO  - No active profile set, falling back to 1 default profile: "default"
2025-01-23 15:58:16 INFO  - Bootstrapping Spring Data JPA repositories in DEFAULT mode.
2025-01-23 15:58:16 INFO  - Finished Spring Data repository scanning in 87 ms. Found 5 JPA repository interfaces.
2025-01-23 15:58:17 INFO  - Tomcat initialized with port 8080 (http)
2025-01-23 15:58:17 INFO  - Initializing ProtocolHandler ["http-nio-8080"]
2025-01-23 15:58:17 INFO  - Starting service [Tomcat]
2025-01-23 15:58:17 INFO  - Starting Servlet engine: [Apache Tomcat/10.1.34]
2025-01-23 15:58:17 INFO  - Initializing Spring embedded WebApplicationContext
2025-01-23 15:58:17 INFO  - Root WebApplicationContext: initialization completed in 1572 ms
2025-01-23 15:58:17 INFO  - ::: init start :::
2025-01-23 15:58:17 INFO  - ::: init ing :::
2025-01-23 15:58:17 INFO  - ::: init key value : javax.crypto.spec.SecretKeySpec@5880c1d :::
2025-01-23 15:58:17 INFO  - ::: init end :::
2025-01-23 15:58:17 INFO  - HHH000204: Processing PersistenceUnitInfo [name: default]
2025-01-23 15:58:17 INFO  - HHH000412: Hibernate ORM core version 6.6.4.Final
2025-01-23 15:58:17 INFO  - HHH000026: Second-level cache disabled
2025-01-23 15:58:17 INFO  - No LoadTimeWeaver setup: ignoring JPA class transformer
2025-01-23 15:58:17 INFO  - HikariPool-1 - Starting...
2025-01-23 15:58:18 INFO  - HikariPool-1 - Added connection com.mysql.cj.jdbc.ConnectionImpl@6c75e3bc
2025-01-23 15:58:18 INFO  - HikariPool-1 - Start completed.
2025-01-23 15:58:18 WARN  - HHH90000025: MySQLDialect does not need to be specified explicitly using 'hibernate.dialect' (remove the property setting and it will be selected by default)
2025-01-23 15:58:18 INFO  - HHH10001005: Database info:
	Database JDBC URL [Connecting through datasource 'HikariDataSource (HikariPool-1)']
	Database driver: undefined/unknown
	Database version: 8.0.40
	Autocommit mode: undefined/unknown
	Isolation level: undefined/unknown
	Minimum pool size: undefined/unknown
	Maximum pool size: undefined/unknown
2025-01-23 15:58:19 INFO  - HHH000489: No JTA platform available (set 'hibernate.transaction.jta.platform' to enable JTA platform integration)
2025-01-23 15:58:21 INFO  - Initialized JPA EntityManagerFactory for persistence unit 'default'
2025-01-23 15:58:21 WARN  - spring.jpa.open-in-view is enabled by default. Therefore, database queries may be performed during view rendering. Explicitly configure spring.jpa.open-in-view to disable this warning
2025-01-23 15:58:21 INFO  - Starting ProtocolHandler ["http-nio-8080"]
2025-01-23 15:58:21 INFO  - Tomcat started on port 8080 (http) with context path '/'
2025-01-23 15:58:21 INFO  - Started TodoP1120Application in 7.016 seconds (process running for 7.971)
2025-01-23 16:05:00 INFO  - Commencing graceful shutdown. Waiting for active requests to complete
2025-01-23 16:05:01 INFO  - Graceful shutdown complete
2025-01-23 16:05:01 INFO  - Closing JPA EntityManagerFactory for persistence unit 'default'
2025-01-23 16:05:01 INFO  - HikariPool-1 - Shutdown initiated...
2025-01-23 16:05:01 INFO  - HikariPool-1 - Shutdown completed.
2025-01-23 16:05:04 INFO  - HV000001: Hibernate Validator 8.0.2.Final
2025-01-23 16:05:04 INFO  - Starting TodoP1120Application using Java 17.0.13 with PID 8004 (D:\IntelliJ IDEA 2024.2.4\practice\todo11_20\todoP11_20\build\classes\java\main started by user in D:\IntelliJ IDEA 2024.2.4\practice\todo11_20\todoP11_20)
2025-01-23 16:05:04 INFO  - No active profile set, falling back to 1 default profile: "default"
2025-01-23 16:05:05 INFO  - Bootstrapping Spring Data JPA repositories in DEFAULT mode.
2025-01-23 16:05:05 INFO  - Finished Spring Data repository scanning in 91 ms. Found 5 JPA repository interfaces.
2025-01-23 16:05:05 INFO  - Tomcat initialized with port 8080 (http)
2025-01-23 16:05:05 INFO  - Initializing ProtocolHandler ["http-nio-8080"]
2025-01-23 16:05:05 INFO  - Starting service [Tomcat]
2025-01-23 16:05:05 INFO  - Starting Servlet engine: [Apache Tomcat/10.1.34]
2025-01-23 16:05:06 INFO  - Initializing Spring embedded WebApplicationContext
2025-01-23 16:05:06 INFO  - Root WebApplicationContext: initialization completed in 1670 ms
2025-01-23 16:05:06 INFO  - ::: init start :::
2025-01-23 16:05:06 INFO  - ::: init ing :::
2025-01-23 16:05:06 INFO  - ::: init key value : javax.crypto.spec.SecretKeySpec@5880c1d :::
2025-01-23 16:05:06 INFO  - ::: init end :::
2025-01-23 16:05:06 INFO  - HHH000204: Processing PersistenceUnitInfo [name: default]
2025-01-23 16:05:06 INFO  - HHH000412: Hibernate ORM core version 6.6.4.Final
2025-01-23 16:05:06 INFO  - HHH000026: Second-level cache disabled
2025-01-23 16:05:06 INFO  - No LoadTimeWeaver setup: ignoring JPA class transformer
2025-01-23 16:05:06 INFO  - HikariPool-1 - Starting...
2025-01-23 16:05:07 INFO  - HikariPool-1 - Added connection com.mysql.cj.jdbc.ConnectionImpl@5b88af70
2025-01-23 16:05:07 INFO  - HikariPool-1 - Start completed.
2025-01-23 16:05:07 WARN  - HHH90000025: MySQLDialect does not need to be specified explicitly using 'hibernate.dialect' (remove the property setting and it will be selected by default)
2025-01-23 16:05:07 INFO  - HHH10001005: Database info:
	Database JDBC URL [Connecting through datasource 'HikariDataSource (HikariPool-1)']
	Database driver: undefined/unknown
	Database version: 8.0.40
	Autocommit mode: undefined/unknown
	Isolation level: undefined/unknown
	Minimum pool size: undefined/unknown
	Maximum pool size: undefined/unknown
2025-01-23 16:05:08 INFO  - HHH000489: No JTA platform available (set 'hibernate.transaction.jta.platform' to enable JTA platform integration)
2025-01-23 16:05:10 INFO  - Initialized JPA EntityManagerFactory for persistence unit 'default'
2025-01-23 16:05:10 WARN  - spring.jpa.open-in-view is enabled by default. Therefore, database queries may be performed during view rendering. Explicitly configure spring.jpa.open-in-view to disable this warning
2025-01-23 16:05:10 INFO  - Starting ProtocolHandler ["http-nio-8080"]
2025-01-23 16:05:10 INFO  - Tomcat started on port 8080 (http) with context path '/'
2025-01-23 16:05:10 INFO  - Started TodoP1120Application in 7.195 seconds (process running for 8.308)
2025-01-23 16:05:18 INFO  - Commencing graceful shutdown. Waiting for active requests to complete
2025-01-23 16:05:19 INFO  - Graceful shutdown complete
2025-01-23 16:05:19 INFO  - Closing JPA EntityManagerFactory for persistence unit 'default'
2025-01-23 16:05:19 INFO  - HikariPool-1 - Shutdown initiated...
2025-01-23 16:05:19 INFO  - HikariPool-1 - Shutdown completed.
2025-01-23 16:05:22 INFO  - HV000001: Hibernate Validator 8.0.2.Final
2025-01-23 16:05:22 INFO  - Starting TodoP1120Application using Java 17.0.13 with PID 18372 (D:\IntelliJ IDEA 2024.2.4\practice\todo11_20\todoP11_20\build\classes\java\main started by user in D:\IntelliJ IDEA 2024.2.4\practice\todo11_20\todoP11_20)
2025-01-23 16:05:22 INFO  - No active profile set, falling back to 1 default profile: "default"
2025-01-23 16:05:23 INFO  - Bootstrapping Spring Data JPA repositories in DEFAULT mode.
2025-01-23 16:05:23 INFO  - Finished Spring Data repository scanning in 93 ms. Found 5 JPA repository interfaces.
2025-01-23 16:05:24 INFO  - Tomcat initialized with port 8080 (http)
2025-01-23 16:05:24 INFO  - Initializing ProtocolHandler ["http-nio-8080"]
2025-01-23 16:05:24 INFO  - Starting service [Tomcat]
2025-01-23 16:05:24 INFO  - Starting Servlet engine: [Apache Tomcat/10.1.34]
2025-01-23 16:05:24 INFO  - Initializing Spring embedded WebApplicationContext
2025-01-23 16:05:24 INFO  - Root WebApplicationContext: initialization completed in 1669 ms
2025-01-23 16:05:24 INFO  - ::: init start :::
2025-01-23 16:05:24 INFO  - ::: init ing :::
2025-01-23 16:05:24 INFO  - ::: init key value : javax.crypto.spec.SecretKeySpec@5880c1d :::
2025-01-23 16:05:24 INFO  - ::: init end :::
2025-01-23 16:05:24 INFO  - HHH000204: Processing PersistenceUnitInfo [name: default]
2025-01-23 16:05:24 INFO  - HHH000412: Hibernate ORM core version 6.6.4.Final
2025-01-23 16:05:24 INFO  - HHH000026: Second-level cache disabled
2025-01-23 16:05:24 INFO  - No LoadTimeWeaver setup: ignoring JPA class transformer
2025-01-23 16:05:24 INFO  - HikariPool-1 - Starting...
2025-01-23 16:05:25 INFO  - HikariPool-1 - Added connection com.mysql.cj.jdbc.ConnectionImpl@6231f77a
2025-01-23 16:05:25 INFO  - HikariPool-1 - Start completed.
2025-01-23 16:05:25 WARN  - HHH90000025: MySQLDialect does not need to be specified explicitly using 'hibernate.dialect' (remove the property setting and it will be selected by default)
2025-01-23 16:05:25 INFO  - HHH10001005: Database info:
	Database JDBC URL [Connecting through datasource 'HikariDataSource (HikariPool-1)']
	Database driver: undefined/unknown
	Database version: 8.0.40
	Autocommit mode: undefined/unknown
	Isolation level: undefined/unknown
	Minimum pool size: undefined/unknown
	Maximum pool size: undefined/unknown
2025-01-23 16:05:26 INFO  - HHH000489: No JTA platform available (set 'hibernate.transaction.jta.platform' to enable JTA platform integration)
2025-01-23 16:05:28 INFO  - Initialized JPA EntityManagerFactory for persistence unit 'default'
2025-01-23 16:05:28 WARN  - spring.jpa.open-in-view is enabled by default. Therefore, database queries may be performed during view rendering. Explicitly configure spring.jpa.open-in-view to disable this warning
2025-01-23 16:05:29 INFO  - Starting ProtocolHandler ["http-nio-8080"]
2025-01-23 16:05:29 INFO  - Tomcat started on port 8080 (http) with context path '/'
2025-01-23 16:05:29 INFO  - Started TodoP1120Application in 7.394 seconds (process running for 8.316)
2025-01-23 16:21:23 INFO  - Commencing graceful shutdown. Waiting for active requests to complete
2025-01-23 16:21:24 INFO  - Graceful shutdown complete
2025-01-23 16:21:24 INFO  - Closing JPA EntityManagerFactory for persistence unit 'default'
2025-01-23 16:21:24 INFO  - HikariPool-1 - Shutdown initiated...
2025-01-23 16:21:24 INFO  - HikariPool-1 - Shutdown completed.
2025-01-23 16:21:27 INFO  - HV000001: Hibernate Validator 8.0.2.Final
2025-01-23 16:21:27 INFO  - Starting TodoP1120Application using Java 17.0.13 with PID 8520 (D:\IntelliJ IDEA 2024.2.4\practice\todo11_20\todoP11_20\build\classes\java\main started by user in D:\IntelliJ IDEA 2024.2.4\practice\todo11_20\todoP11_20)
2025-01-23 16:21:27 INFO  - No active profile set, falling back to 1 default profile: "default"
2025-01-23 16:21:28 INFO  - Bootstrapping Spring Data JPA repositories in DEFAULT mode.
2025-01-23 16:21:28 INFO  - Finished Spring Data repository scanning in 90 ms. Found 5 JPA repository interfaces.
2025-01-23 16:21:29 INFO  - Tomcat initialized with port 8080 (http)
2025-01-23 16:21:29 INFO  - Initializing ProtocolHandler ["http-nio-8080"]
2025-01-23 16:21:29 INFO  - Starting service [Tomcat]
2025-01-23 16:21:29 INFO  - Starting Servlet engine: [Apache Tomcat/10.1.34]
2025-01-23 16:21:29 INFO  - Initializing Spring embedded WebApplicationContext
2025-01-23 16:21:29 INFO  - Root WebApplicationContext: initialization completed in 1576 ms
2025-01-23 16:21:29 INFO  - ::: init start :::
2025-01-23 16:21:29 INFO  - ::: init ing :::
2025-01-23 16:21:29 INFO  - ::: init key value : javax.crypto.spec.SecretKeySpec@5880c1d :::
2025-01-23 16:21:29 INFO  - ::: init end :::
2025-01-23 16:21:29 INFO  - HHH000204: Processing PersistenceUnitInfo [name: default]
2025-01-23 16:21:29 INFO  - HHH000412: Hibernate ORM core version 6.6.4.Final
2025-01-23 16:21:29 INFO  - HHH000026: Second-level cache disabled
2025-01-23 16:21:29 INFO  - No LoadTimeWeaver setup: ignoring JPA class transformer
2025-01-23 16:21:29 INFO  - HikariPool-1 - Starting...
2025-01-23 16:21:30 INFO  - HikariPool-1 - Added connection com.mysql.cj.jdbc.ConnectionImpl@732d078d
2025-01-23 16:21:30 INFO  - HikariPool-1 - Start completed.
2025-01-23 16:21:30 INFO  - HHH10001005: Database info:
	Database JDBC URL [Connecting through datasource 'HikariDataSource (HikariPool-1)']
	Database driver: undefined/unknown
	Database version: 8.0.40
	Autocommit mode: undefined/unknown
	Isolation level: undefined/unknown
	Minimum pool size: undefined/unknown
	Maximum pool size: undefined/unknown
2025-01-23 16:21:31 INFO  - HHH000489: No JTA platform available (set 'hibernate.transaction.jta.platform' to enable JTA platform integration)
2025-01-23 16:21:33 INFO  - Initialized JPA EntityManagerFactory for persistence unit 'default'
2025-01-23 16:21:34 INFO  - Starting ProtocolHandler ["http-nio-8080"]
2025-01-23 16:21:34 INFO  - Tomcat started on port 8080 (http) with context path '/'
2025-01-23 16:21:34 INFO  - Started TodoP1120Application in 7.057 seconds (process running for 8.022)
2025-01-23 16:22:45 INFO  - Initializing Spring DispatcherServlet 'dispatcherServlet'
2025-01-23 16:22:45 INFO  - Initializing Servlet 'dispatcherServlet'
2025-01-23 16:22:45 INFO  - Completed initialization in 1 ms
2025-01-23 16:22:49 INFO  - Commencing graceful shutdown. Waiting for active requests to complete
2025-01-23 16:22:49 INFO  - Graceful shutdown complete
2025-01-23 16:22:49 INFO  - Closing JPA EntityManagerFactory for persistence unit 'default'
2025-01-23 16:22:49 INFO  - HikariPool-1 - Shutdown initiated...
2025-01-23 16:22:49 INFO  - HikariPool-1 - Shutdown completed.
2025-01-23 16:22:52 INFO  - HV000001: Hibernate Validator 8.0.2.Final
2025-01-23 16:22:52 INFO  - Starting TodoP1120Application using Java 17.0.13 with PID 15996 (D:\IntelliJ IDEA 2024.2.4\practice\todo11_20\todoP11_20\build\classes\java\main started by user in D:\IntelliJ IDEA 2024.2.4\practice\todo11_20\todoP11_20)
2025-01-23 16:22:52 INFO  - No active profile set, falling back to 1 default profile: "default"
2025-01-23 16:22:53 INFO  - Bootstrapping Spring Data JPA repositories in DEFAULT mode.
2025-01-23 16:22:53 INFO  - Finished Spring Data repository scanning in 86 ms. Found 5 JPA repository interfaces.
2025-01-23 16:22:54 INFO  - Tomcat initialized with port 8080 (http)
2025-01-23 16:22:54 INFO  - Initializing ProtocolHandler ["http-nio-8080"]
2025-01-23 16:22:54 INFO  - Starting service [Tomcat]
2025-01-23 16:22:54 INFO  - Starting Servlet engine: [Apache Tomcat/10.1.34]
2025-01-23 16:22:54 INFO  - Initializing Spring embedded WebApplicationContext
2025-01-23 16:22:54 INFO  - Root WebApplicationContext: initialization completed in 1652 ms
2025-01-23 16:22:54 INFO  - ::: init start :::
2025-01-23 16:22:54 INFO  - ::: init ing :::
2025-01-23 16:22:54 INFO  - ::: init key value : javax.crypto.spec.SecretKeySpec@5880c1d :::
2025-01-23 16:22:54 INFO  - ::: init end :::
2025-01-23 16:22:54 INFO  - HHH000204: Processing PersistenceUnitInfo [name: default]
2025-01-23 16:22:54 INFO  - HHH000412: Hibernate ORM core version 6.6.4.Final
2025-01-23 16:22:54 INFO  - HHH000026: Second-level cache disabled
2025-01-23 16:22:55 INFO  - No LoadTimeWeaver setup: ignoring JPA class transformer
2025-01-23 16:22:55 INFO  - HikariPool-1 - Starting...
2025-01-23 16:22:55 INFO  - HikariPool-1 - Added connection com.mysql.cj.jdbc.ConnectionImpl@708f7386
2025-01-23 16:22:55 INFO  - HikariPool-1 - Start completed.
2025-01-23 16:22:55 INFO  - HHH10001005: Database info:
	Database JDBC URL [Connecting through datasource 'HikariDataSource (HikariPool-1)']
	Database driver: undefined/unknown
	Database version: 8.0.40
	Autocommit mode: undefined/unknown
	Isolation level: undefined/unknown
	Minimum pool size: undefined/unknown
	Maximum pool size: undefined/unknown
2025-01-23 16:22:56 INFO  - HHH000489: No JTA platform available (set 'hibernate.transaction.jta.platform' to enable JTA platform integration)
2025-01-23 16:22:58 INFO  - Initialized JPA EntityManagerFactory for persistence unit 'default'
2025-01-23 16:22:59 INFO  - Starting ProtocolHandler ["http-nio-8080"]
2025-01-23 16:22:59 INFO  - Tomcat started on port 8080 (http) with context path '/'
2025-01-23 16:22:59 INFO  - Started TodoP1120Application in 6.978 seconds (process running for 7.933)
2025-01-23 16:23:40 INFO  - Commencing graceful shutdown. Waiting for active requests to complete
2025-01-23 16:23:40 INFO  - Graceful shutdown complete
2025-01-23 16:23:40 INFO  - Closing JPA EntityManagerFactory for persistence unit 'default'
2025-01-23 16:23:40 INFO  - HikariPool-1 - Shutdown initiated...
2025-01-23 16:23:40 INFO  - HikariPool-1 - Shutdown completed.
2025-01-23 16:23:43 INFO  - HV000001: Hibernate Validator 8.0.2.Final
2025-01-23 16:23:43 INFO  - Starting TodoP1120Application using Java 17.0.13 with PID 19436 (D:\IntelliJ IDEA 2024.2.4\practice\todo11_20\todoP11_20\build\classes\java\main started by user in D:\IntelliJ IDEA 2024.2.4\practice\todo11_20\todoP11_20)
2025-01-23 16:23:43 INFO  - No active profile set, falling back to 1 default profile: "default"
2025-01-23 16:23:44 INFO  - Bootstrapping Spring Data JPA repositories in DEFAULT mode.
2025-01-23 16:23:44 INFO  - Finished Spring Data repository scanning in 89 ms. Found 5 JPA repository interfaces.
2025-01-23 16:23:45 INFO  - Tomcat initialized with port 8080 (http)
2025-01-23 16:23:45 INFO  - Initializing ProtocolHandler ["http-nio-8080"]
2025-01-23 16:23:45 INFO  - Starting service [Tomcat]
2025-01-23 16:23:45 INFO  - Starting Servlet engine: [Apache Tomcat/10.1.34]
2025-01-23 16:23:45 INFO  - Initializing Spring embedded WebApplicationContext
2025-01-23 16:23:45 INFO  - Root WebApplicationContext: initialization completed in 1642 ms
2025-01-23 16:23:45 INFO  - ::: init start :::
2025-01-23 16:23:45 INFO  - ::: init ing :::
2025-01-23 16:23:45 INFO  - ::: init key value : javax.crypto.spec.SecretKeySpec@5880c1d :::
2025-01-23 16:23:45 INFO  - ::: init end :::
2025-01-23 16:23:45 INFO  - HHH000204: Processing PersistenceUnitInfo [name: default]
2025-01-23 16:23:45 INFO  - HHH000412: Hibernate ORM core version 6.6.4.Final
2025-01-23 16:23:45 INFO  - HHH000026: Second-level cache disabled
2025-01-23 16:23:45 INFO  - No LoadTimeWeaver setup: ignoring JPA class transformer
2025-01-23 16:23:45 INFO  - HikariPool-1 - Starting...
2025-01-23 16:23:46 INFO  - HikariPool-1 - Added connection com.mysql.cj.jdbc.ConnectionImpl@7544260a
2025-01-23 16:23:46 INFO  - HikariPool-1 - Start completed.
2025-01-23 16:23:46 INFO  - HHH10001005: Database info:
	Database JDBC URL [Connecting through datasource 'HikariDataSource (HikariPool-1)']
	Database driver: undefined/unknown
	Database version: 8.0.40
	Autocommit mode: undefined/unknown
	Isolation level: undefined/unknown
	Minimum pool size: undefined/unknown
	Maximum pool size: undefined/unknown
2025-01-23 16:23:47 INFO  - HHH000489: No JTA platform available (set 'hibernate.transaction.jta.platform' to enable JTA platform integration)
2025-01-23 16:23:49 INFO  - Initialized JPA EntityManagerFactory for persistence unit 'default'
2025-01-23 16:23:49 INFO  - Starting ProtocolHandler ["http-nio-8080"]
2025-01-23 16:23:49 INFO  - Tomcat started on port 8080 (http) with context path '/'
2025-01-23 16:23:49 INFO  - Started TodoP1120Application in 6.881 seconds (process running for 7.819)
2025-01-23 16:24:00 INFO  - Initializing Spring DispatcherServlet 'dispatcherServlet'
2025-01-23 16:24:00 INFO  - Initializing Servlet 'dispatcherServlet'
2025-01-23 16:24:00 INFO  - Completed initialization in 1 ms
2025-01-23 16:24:08 INFO  - Commencing graceful shutdown. Waiting for active requests to complete
2025-01-23 16:24:09 INFO  - Graceful shutdown complete
2025-01-23 16:24:09 INFO  - Closing JPA EntityManagerFactory for persistence unit 'default'
2025-01-23 16:24:09 INFO  - HikariPool-1 - Shutdown initiated...
2025-01-23 16:24:09 INFO  - HikariPool-1 - Shutdown completed.
2025-01-23 16:26:50 INFO  - HV000001: Hibernate Validator 8.0.2.Final
2025-01-23 16:26:50 INFO  - Starting TodoP1120Application using Java 17.0.13 with PID 14944 (D:\IntelliJ IDEA 2024.2.4\practice\todo11_20\todoP11_20\build\classes\java\main started by user in D:\IntelliJ IDEA 2024.2.4\practice\todo11_20\todoP11_20)
2025-01-23 16:26:50 INFO  - No active profile set, falling back to 1 default profile: "default"
2025-01-23 16:26:51 INFO  - Bootstrapping Spring Data JPA repositories in DEFAULT mode.
2025-01-23 16:26:51 INFO  - Finished Spring Data repository scanning in 100 ms. Found 5 JPA repository interfaces.
2025-01-23 16:26:51 INFO  - Tomcat initialized with port 8080 (http)
2025-01-23 16:26:51 INFO  - Initializing ProtocolHandler ["http-nio-8080"]
2025-01-23 16:26:51 INFO  - Starting service [Tomcat]
2025-01-23 16:26:51 INFO  - Starting Servlet engine: [Apache Tomcat/10.1.34]
2025-01-23 16:26:52 INFO  - Initializing Spring embedded WebApplicationContext
2025-01-23 16:26:52 INFO  - Root WebApplicationContext: initialization completed in 1671 ms
2025-01-23 16:26:52 INFO  - ::: init start :::
2025-01-23 16:26:52 INFO  - ::: init ing :::
2025-01-23 16:26:52 INFO  - ::: init key value : javax.crypto.spec.SecretKeySpec@5880c1d :::
2025-01-23 16:26:52 INFO  - ::: init end :::
2025-01-23 16:26:52 INFO  - HHH000204: Processing PersistenceUnitInfo [name: default]
2025-01-23 16:26:52 INFO  - HHH000412: Hibernate ORM core version 6.6.4.Final
2025-01-23 16:26:52 INFO  - HHH000026: Second-level cache disabled
2025-01-23 16:26:52 INFO  - No LoadTimeWeaver setup: ignoring JPA class transformer
2025-01-23 16:26:52 INFO  - HikariPool-1 - Starting...
2025-01-23 16:26:52 INFO  - HikariPool-1 - Added connection com.mysql.cj.jdbc.ConnectionImpl@73da303e
2025-01-23 16:26:52 INFO  - HikariPool-1 - Start completed.
2025-01-23 16:26:53 INFO  - HHH10001005: Database info:
	Database JDBC URL [Connecting through datasource 'HikariDataSource (HikariPool-1)']
	Database driver: undefined/unknown
	Database version: 8.0.40
	Autocommit mode: undefined/unknown
	Isolation level: undefined/unknown
	Minimum pool size: undefined/unknown
	Maximum pool size: undefined/unknown
2025-01-23 16:26:54 INFO  - HHH000489: No JTA platform available (set 'hibernate.transaction.jta.platform' to enable JTA platform integration)
2025-01-23 16:26:56 INFO  - Initialized JPA EntityManagerFactory for persistence unit 'default'
2025-01-23 16:26:56 INFO  - Starting ProtocolHandler ["http-nio-8080"]
2025-01-23 16:26:56 INFO  - Tomcat started on port 8080 (http) with context path '/'
2025-01-23 16:26:56 INFO  - Started TodoP1120Application in 7.046 seconds (process running for 8.091)
2025-01-23 16:27:07 INFO  - Initializing Spring DispatcherServlet 'dispatcherServlet'
2025-01-23 16:27:07 INFO  - Initializing Servlet 'dispatcherServlet'
2025-01-23 16:27:07 INFO  - Completed initialization in 2 ms
2025-01-23 16:27:10 INFO  - ::: user_id : 1
2025-01-23 16:27:10 INFO  - ::: key value : javax.crypto.spec.SecretKeySpec@5880c1d
2025-01-23 16:29:31 INFO  - Commencing graceful shutdown. Waiting for active requests to complete
2025-01-23 16:29:32 INFO  - Graceful shutdown complete
2025-01-23 16:29:32 INFO  - Closing JPA EntityManagerFactory for persistence unit 'default'
2025-01-23 16:29:32 INFO  - HikariPool-1 - Shutdown initiated...
2025-01-23 16:29:32 INFO  - HikariPool-1 - Shutdown completed.
2025-01-23 16:29:35 INFO  - HV000001: Hibernate Validator 8.0.2.Final
2025-01-23 16:29:35 INFO  - Starting TodoP1120Application using Java 17.0.13 with PID 18144 (D:\IntelliJ IDEA 2024.2.4\practice\todo11_20\todoP11_20\build\classes\java\main started by user in D:\IntelliJ IDEA 2024.2.4\practice\todo11_20\todoP11_20)
2025-01-23 16:29:35 INFO  - No active profile set, falling back to 1 default profile: "default"
2025-01-23 16:29:36 INFO  - Bootstrapping Spring Data JPA repositories in DEFAULT mode.
2025-01-23 16:29:36 INFO  - Finished Spring Data repository scanning in 98 ms. Found 5 JPA repository interfaces.
2025-01-23 16:29:37 INFO  - Tomcat initialized with port 8080 (http)
2025-01-23 16:29:37 INFO  - Initializing ProtocolHandler ["http-nio-8080"]
2025-01-23 16:29:37 INFO  - Starting service [Tomcat]
2025-01-23 16:29:37 INFO  - Starting Servlet engine: [Apache Tomcat/10.1.34]
2025-01-23 16:29:37 INFO  - Initializing Spring embedded WebApplicationContext
2025-01-23 16:29:37 INFO  - Root WebApplicationContext: initialization completed in 1641 ms
2025-01-23 16:29:37 INFO  - ::: init start :::
2025-01-23 16:29:37 INFO  - ::: init ing :::
2025-01-23 16:29:37 INFO  - ::: init key value : javax.crypto.spec.SecretKeySpec@5880c1d :::
2025-01-23 16:29:37 INFO  - ::: init end :::
2025-01-23 16:29:37 INFO  - HHH000204: Processing PersistenceUnitInfo [name: default]
2025-01-23 16:29:37 INFO  - HHH000412: Hibernate ORM core version 6.6.4.Final
2025-01-23 16:29:37 INFO  - HHH000026: Second-level cache disabled
2025-01-23 16:29:38 INFO  - No LoadTimeWeaver setup: ignoring JPA class transformer
2025-01-23 16:29:38 INFO  - HikariPool-1 - Starting...
2025-01-23 16:29:38 INFO  - HikariPool-1 - Added connection com.mysql.cj.jdbc.ConnectionImpl@7d5ef1c3
2025-01-23 16:29:38 INFO  - HikariPool-1 - Start completed.
2025-01-23 16:29:38 INFO  - HHH10001005: Database info:
	Database JDBC URL [Connecting through datasource 'HikariDataSource (HikariPool-1)']
	Database driver: undefined/unknown
	Database version: 8.0.40
	Autocommit mode: undefined/unknown
	Isolation level: undefined/unknown
	Minimum pool size: undefined/unknown
	Maximum pool size: undefined/unknown
2025-01-23 16:29:39 INFO  - HHH000489: No JTA platform available (set 'hibernate.transaction.jta.platform' to enable JTA platform integration)
2025-01-23 16:29:41 INFO  - Initialized JPA EntityManagerFactory for persistence unit 'default'
2025-01-23 16:29:42 INFO  - Starting ProtocolHandler ["http-nio-8080"]
2025-01-23 16:29:42 INFO  - Tomcat started on port 8080 (http) with context path '/'
2025-01-23 16:29:42 INFO  - Started TodoP1120Application in 7.286 seconds (process running for 8.328)
2025-01-23 16:29:53 INFO  - Initializing Spring DispatcherServlet 'dispatcherServlet'
2025-01-23 16:29:53 INFO  - Initializing Servlet 'dispatcherServlet'
2025-01-23 16:29:53 INFO  - Completed initialization in 1 ms
2025-01-23 16:34:23 INFO  - Commencing graceful shutdown. Waiting for active requests to complete
2025-01-23 16:34:24 INFO  - Graceful shutdown complete
2025-01-23 16:34:24 INFO  - Closing JPA EntityManagerFactory for persistence unit 'default'
2025-01-23 16:34:24 INFO  - HikariPool-1 - Shutdown initiated...
2025-01-23 16:34:24 INFO  - HikariPool-1 - Shutdown completed.
2025-01-23 16:34:27 INFO  - HV000001: Hibernate Validator 8.0.2.Final
2025-01-23 16:34:27 INFO  - Starting TodoP1120Application using Java 17.0.13 with PID 17736 (D:\IntelliJ IDEA 2024.2.4\practice\todo11_20\todoP11_20\build\classes\java\main started by user in D:\IntelliJ IDEA 2024.2.4\practice\todo11_20\todoP11_20)
2025-01-23 16:34:27 INFO  - No active profile set, falling back to 1 default profile: "default"
2025-01-23 16:34:28 INFO  - Bootstrapping Spring Data JPA repositories in DEFAULT mode.
2025-01-23 16:34:28 INFO  - Finished Spring Data repository scanning in 88 ms. Found 5 JPA repository interfaces.
2025-01-23 16:34:28 INFO  - Tomcat initialized with port 8080 (http)
2025-01-23 16:34:28 INFO  - Initializing ProtocolHandler ["http-nio-8080"]
2025-01-23 16:34:28 INFO  - Starting service [Tomcat]
2025-01-23 16:34:28 INFO  - Starting Servlet engine: [Apache Tomcat/10.1.34]
2025-01-23 16:34:28 INFO  - Initializing Spring embedded WebApplicationContext
2025-01-23 16:34:28 INFO  - Root WebApplicationContext: initialization completed in 1627 ms
2025-01-23 16:34:28 INFO  - ::: init start :::
2025-01-23 16:34:28 INFO  - ::: init ing :::
2025-01-23 16:34:28 INFO  - ::: init key value : javax.crypto.spec.SecretKeySpec@5880c1d :::
2025-01-23 16:34:28 INFO  - ::: init end :::
2025-01-23 16:34:29 INFO  - HHH000204: Processing PersistenceUnitInfo [name: default]
2025-01-23 16:34:29 INFO  - HHH000412: Hibernate ORM core version 6.6.4.Final
2025-01-23 16:34:29 INFO  - HHH000026: Second-level cache disabled
2025-01-23 16:34:29 INFO  - No LoadTimeWeaver setup: ignoring JPA class transformer
2025-01-23 16:34:29 INFO  - HikariPool-1 - Starting...
2025-01-23 16:34:29 INFO  - HikariPool-1 - Added connection com.mysql.cj.jdbc.ConnectionImpl@32646ecf
2025-01-23 16:34:29 INFO  - HikariPool-1 - Start completed.
2025-01-23 16:34:29 INFO  - HHH10001005: Database info:
	Database JDBC URL [Connecting through datasource 'HikariDataSource (HikariPool-1)']
	Database driver: undefined/unknown
	Database version: 8.0.40
	Autocommit mode: undefined/unknown
	Isolation level: undefined/unknown
	Minimum pool size: undefined/unknown
	Maximum pool size: undefined/unknown
2025-01-23 16:34:31 INFO  - HHH000489: No JTA platform available (set 'hibernate.transaction.jta.platform' to enable JTA platform integration)
2025-01-23 16:34:32 INFO  - Initialized JPA EntityManagerFactory for persistence unit 'default'
2025-01-23 16:34:33 INFO  - Starting ProtocolHandler ["http-nio-8080"]
2025-01-23 16:34:33 INFO  - Tomcat started on port 8080 (http) with context path '/'
2025-01-23 16:34:33 INFO  - Started TodoP1120Application in 7.043 seconds (process running for 7.983)
2025-01-23 16:36:06 INFO  - Commencing graceful shutdown. Waiting for active requests to complete
2025-01-23 16:36:07 INFO  - Graceful shutdown complete
2025-01-23 16:36:07 INFO  - Closing JPA EntityManagerFactory for persistence unit 'default'
2025-01-23 16:36:07 INFO  - HikariPool-1 - Shutdown initiated...
2025-01-23 16:36:07 INFO  - HikariPool-1 - Shutdown completed.
2025-01-23 16:36:10 INFO  - HV000001: Hibernate Validator 8.0.2.Final
2025-01-23 16:36:10 INFO  - Starting TodoP1120Application using Java 17.0.13 with PID 14692 (D:\IntelliJ IDEA 2024.2.4\practice\todo11_20\todoP11_20\build\classes\java\main started by user in D:\IntelliJ IDEA 2024.2.4\practice\todo11_20\todoP11_20)
2025-01-23 16:36:10 INFO  - No active profile set, falling back to 1 default profile: "default"
2025-01-23 16:36:10 INFO  - Bootstrapping Spring Data JPA repositories in DEFAULT mode.
2025-01-23 16:36:11 INFO  - Finished Spring Data repository scanning in 85 ms. Found 5 JPA repository interfaces.
2025-01-23 16:36:11 INFO  - Tomcat initialized with port 8080 (http)
2025-01-23 16:36:11 INFO  - Initializing ProtocolHandler ["http-nio-8080"]
2025-01-23 16:36:11 INFO  - Starting service [Tomcat]
2025-01-23 16:36:11 INFO  - Starting Servlet engine: [Apache Tomcat/10.1.34]
2025-01-23 16:36:11 INFO  - Initializing Spring embedded WebApplicationContext
2025-01-23 16:36:11 INFO  - Root WebApplicationContext: initialization completed in 1638 ms
2025-01-23 16:36:11 INFO  - ::: init start :::
2025-01-23 16:36:11 INFO  - ::: init ing :::
2025-01-23 16:36:11 INFO  - ::: init key value : javax.crypto.spec.SecretKeySpec@5880c1d :::
2025-01-23 16:36:11 INFO  - ::: init end :::
2025-01-23 16:36:11 INFO  - HHH000204: Processing PersistenceUnitInfo [name: default]
2025-01-23 16:36:12 INFO  - HHH000412: Hibernate ORM core version 6.6.4.Final
2025-01-23 16:36:12 INFO  - HHH000026: Second-level cache disabled
2025-01-23 16:36:12 INFO  - No LoadTimeWeaver setup: ignoring JPA class transformer
2025-01-23 16:36:12 INFO  - HikariPool-1 - Starting...
2025-01-23 16:36:12 INFO  - HikariPool-1 - Added connection com.mysql.cj.jdbc.ConnectionImpl@4ad8d36f
2025-01-23 16:36:12 INFO  - HikariPool-1 - Start completed.
2025-01-23 16:36:12 INFO  - HHH10001005: Database info:
	Database JDBC URL [Connecting through datasource 'HikariDataSource (HikariPool-1)']
	Database driver: undefined/unknown
	Database version: 8.0.40
	Autocommit mode: undefined/unknown
	Isolation level: undefined/unknown
	Minimum pool size: undefined/unknown
	Maximum pool size: undefined/unknown
2025-01-23 16:36:13 INFO  - HHH000489: No JTA platform available (set 'hibernate.transaction.jta.platform' to enable JTA platform integration)
2025-01-23 16:36:15 INFO  - Initialized JPA EntityManagerFactory for persistence unit 'default'
2025-01-23 16:36:16 INFO  - Starting ProtocolHandler ["http-nio-8080"]
2025-01-23 16:36:16 INFO  - Tomcat started on port 8080 (http) with context path '/'
2025-01-23 16:36:16 INFO  - Started TodoP1120Application in 7.057 seconds (process running for 8.083)
2025-01-23 16:40:37 INFO  - Commencing graceful shutdown. Waiting for active requests to complete
2025-01-23 16:40:37 INFO  - Graceful shutdown complete
2025-01-23 16:40:37 INFO  - Closing JPA EntityManagerFactory for persistence unit 'default'
2025-01-23 16:40:37 INFO  - HikariPool-1 - Shutdown initiated...
2025-01-23 16:40:37 INFO  - HikariPool-1 - Shutdown completed.
2025-01-23 16:40:41 INFO  - HV000001: Hibernate Validator 8.0.2.Final
2025-01-23 16:40:41 INFO  - Starting TodoP1120Application using Java 17.0.13 with PID 8708 (D:\IntelliJ IDEA 2024.2.4\practice\todo11_20\todoP11_20\build\classes\java\main started by user in D:\IntelliJ IDEA 2024.2.4\practice\todo11_20\todoP11_20)
2025-01-23 16:40:41 INFO  - No active profile set, falling back to 1 default profile: "default"
2025-01-23 16:40:42 INFO  - Bootstrapping Spring Data JPA repositories in DEFAULT mode.
2025-01-23 16:40:42 INFO  - Finished Spring Data repository scanning in 93 ms. Found 5 JPA repository interfaces.
2025-01-23 16:40:43 INFO  - Tomcat initialized with port 8080 (http)
2025-01-23 16:40:43 INFO  - Initializing ProtocolHandler ["http-nio-8080"]
2025-01-23 16:40:43 INFO  - Starting service [Tomcat]
2025-01-23 16:40:43 INFO  - Starting Servlet engine: [Apache Tomcat/10.1.34]
2025-01-23 16:40:43 INFO  - Initializing Spring embedded WebApplicationContext
2025-01-23 16:40:43 INFO  - Root WebApplicationContext: initialization completed in 1759 ms
2025-01-23 16:40:43 INFO  - ::: init start :::
2025-01-23 16:40:43 INFO  - ::: init ing :::
2025-01-23 16:40:43 INFO  - ::: init key value : javax.crypto.spec.SecretKeySpec@5880c1d :::
2025-01-23 16:40:43 INFO  - ::: init end :::
2025-01-23 16:40:43 INFO  - HHH000204: Processing PersistenceUnitInfo [name: default]
2025-01-23 16:40:43 INFO  - HHH000412: Hibernate ORM core version 6.6.4.Final
2025-01-23 16:40:43 INFO  - HHH000026: Second-level cache disabled
2025-01-23 16:40:43 INFO  - No LoadTimeWeaver setup: ignoring JPA class transformer
2025-01-23 16:40:43 INFO  - HikariPool-1 - Starting...
2025-01-23 16:40:44 INFO  - HikariPool-1 - Added connection com.mysql.cj.jdbc.ConnectionImpl@3a751535
2025-01-23 16:40:44 INFO  - HikariPool-1 - Start completed.
2025-01-23 16:40:44 INFO  - HHH10001005: Database info:
	Database JDBC URL [Connecting through datasource 'HikariDataSource (HikariPool-1)']
	Database driver: undefined/unknown
	Database version: 8.0.40
	Autocommit mode: undefined/unknown
	Isolation level: undefined/unknown
	Minimum pool size: undefined/unknown
	Maximum pool size: undefined/unknown
2025-01-23 16:40:45 INFO  - HHH000489: No JTA platform available (set 'hibernate.transaction.jta.platform' to enable JTA platform integration)
2025-01-23 16:40:47 INFO  - Initialized JPA EntityManagerFactory for persistence unit 'default'
2025-01-23 16:40:48 INFO  - Starting ProtocolHandler ["http-nio-8080"]
2025-01-23 16:40:48 INFO  - Tomcat started on port 8080 (http) with context path '/'
2025-01-23 16:40:48 INFO  - Started TodoP1120Application in 7.642 seconds (process running for 8.75)
2025-01-23 16:42:55 INFO  - Commencing graceful shutdown. Waiting for active requests to complete
2025-01-23 16:42:55 INFO  - Graceful shutdown complete
2025-01-23 16:42:55 INFO  - Closing JPA EntityManagerFactory for persistence unit 'default'
2025-01-23 16:42:55 INFO  - HikariPool-1 - Shutdown initiated...
2025-01-23 16:42:55 INFO  - HikariPool-1 - Shutdown completed.
2025-01-23 16:43:15 INFO  - HV000001: Hibernate Validator 8.0.2.Final
2025-01-23 16:43:15 INFO  - Starting TodoP1120Application using Java 17.0.13 with PID 9728 (D:\IntelliJ IDEA 2024.2.4\practice\todo11_20\todoP11_20\build\classes\java\main started by user in D:\IntelliJ IDEA 2024.2.4\practice\todo11_20\todoP11_20)
2025-01-23 16:43:15 INFO  - No active profile set, falling back to 1 default profile: "default"
2025-01-23 16:43:16 INFO  - Bootstrapping Spring Data JPA repositories in DEFAULT mode.
2025-01-23 16:43:16 INFO  - Finished Spring Data repository scanning in 89 ms. Found 5 JPA repository interfaces.
2025-01-23 16:43:17 INFO  - Tomcat initialized with port 8080 (http)
2025-01-23 16:43:17 INFO  - Initializing ProtocolHandler ["http-nio-8080"]
2025-01-23 16:43:17 INFO  - Starting service [Tomcat]
2025-01-23 16:43:17 INFO  - Starting Servlet engine: [Apache Tomcat/10.1.34]
2025-01-23 16:43:17 INFO  - Initializing Spring embedded WebApplicationContext
2025-01-23 16:43:17 INFO  - Root WebApplicationContext: initialization completed in 1635 ms
2025-01-23 16:43:17 INFO  - ::: init start :::
2025-01-23 16:43:17 INFO  - ::: init ing :::
2025-01-23 16:43:17 INFO  - ::: init key value : javax.crypto.spec.SecretKeySpec@5880c1d :::
2025-01-23 16:43:17 INFO  - ::: init end :::
2025-01-23 16:43:17 INFO  - HHH000204: Processing PersistenceUnitInfo [name: default]
2025-01-23 16:43:17 INFO  - HHH000412: Hibernate ORM core version 6.6.4.Final
2025-01-23 16:43:17 INFO  - HHH000026: Second-level cache disabled
2025-01-23 16:43:17 INFO  - No LoadTimeWeaver setup: ignoring JPA class transformer
2025-01-23 16:43:17 INFO  - HikariPool-1 - Starting...
2025-01-23 16:43:18 INFO  - HikariPool-1 - Added connection com.mysql.cj.jdbc.ConnectionImpl@1f48fa72
2025-01-23 16:43:18 INFO  - HikariPool-1 - Start completed.
2025-01-23 16:43:18 INFO  - HHH10001005: Database info:
	Database JDBC URL [Connecting through datasource 'HikariDataSource (HikariPool-1)']
	Database driver: undefined/unknown
	Database version: 8.0.40
	Autocommit mode: undefined/unknown
	Isolation level: undefined/unknown
	Minimum pool size: undefined/unknown
	Maximum pool size: undefined/unknown
2025-01-23 16:43:19 INFO  - HHH000489: No JTA platform available (set 'hibernate.transaction.jta.platform' to enable JTA platform integration)
2025-01-23 16:43:21 INFO  - Initialized JPA EntityManagerFactory for persistence unit 'default'
2025-01-23 16:43:22 INFO  - Starting ProtocolHandler ["http-nio-8080"]
2025-01-23 16:43:22 INFO  - Tomcat started on port 8080 (http) with context path '/'
2025-01-23 16:43:22 INFO  - Started TodoP1120Application in 7.036 seconds (process running for 7.928)
2025-01-23 16:43:40 INFO  - Initializing Spring DispatcherServlet 'dispatcherServlet'
2025-01-23 16:43:40 INFO  - Initializing Servlet 'dispatcherServlet'
2025-01-23 16:43:40 INFO  - Completed initialization in 1 ms
2025-01-23 16:43:53 INFO  - Commencing graceful shutdown. Waiting for active requests to complete
2025-01-23 16:43:53 INFO  - Graceful shutdown complete
2025-01-23 16:43:53 INFO  - Closing JPA EntityManagerFactory for persistence unit 'default'
2025-01-23 16:43:53 INFO  - HikariPool-1 - Shutdown initiated...
2025-01-23 16:43:53 INFO  - HikariPool-1 - Shutdown completed.
2025-01-23 16:44:12 INFO  - HV000001: Hibernate Validator 8.0.2.Final
2025-01-23 16:44:12 INFO  - Starting TodoP1120Application using Java 17.0.13 with PID 19956 (D:\IntelliJ IDEA 2024.2.4\practice\todo11_20\todoP11_20\build\classes\java\main started by user in D:\IntelliJ IDEA 2024.2.4\practice\todo11_20\todoP11_20)
2025-01-23 16:44:12 INFO  - No active profile set, falling back to 1 default profile: "default"
2025-01-23 16:44:13 INFO  - Bootstrapping Spring Data JPA repositories in DEFAULT mode.
2025-01-23 16:44:13 INFO  - Finished Spring Data repository scanning in 100 ms. Found 5 JPA repository interfaces.
2025-01-23 16:44:14 INFO  - Tomcat initialized with port 8080 (http)
2025-01-23 16:44:14 INFO  - Initializing ProtocolHandler ["http-nio-8080"]
2025-01-23 16:44:14 INFO  - Starting service [Tomcat]
2025-01-23 16:44:14 INFO  - Starting Servlet engine: [Apache Tomcat/10.1.34]
2025-01-23 16:44:14 INFO  - Initializing Spring embedded WebApplicationContext
2025-01-23 16:44:14 INFO  - Root WebApplicationContext: initialization completed in 1592 ms
2025-01-23 16:44:14 INFO  - ::: init start :::
2025-01-23 16:44:14 INFO  - ::: init ing :::
2025-01-23 16:44:14 INFO  - ::: init key value : javax.crypto.spec.SecretKeySpec@5880c1d :::
2025-01-23 16:44:14 INFO  - ::: init end :::
2025-01-23 16:44:14 INFO  - HHH000204: Processing PersistenceUnitInfo [name: default]
2025-01-23 16:44:14 INFO  - HHH000412: Hibernate ORM core version 6.6.4.Final
2025-01-23 16:44:14 INFO  - HHH000026: Second-level cache disabled
2025-01-23 16:44:15 INFO  - No LoadTimeWeaver setup: ignoring JPA class transformer
2025-01-23 16:44:15 INFO  - HikariPool-1 - Starting...
2025-01-23 16:44:15 INFO  - HikariPool-1 - Added connection com.mysql.cj.jdbc.ConnectionImpl@6ebbc06
2025-01-23 16:44:15 INFO  - HikariPool-1 - Start completed.
2025-01-23 16:44:15 INFO  - HHH10001005: Database info:
	Database JDBC URL [Connecting through datasource 'HikariDataSource (HikariPool-1)']
	Database driver: undefined/unknown
	Database version: 8.0.40
	Autocommit mode: undefined/unknown
	Isolation level: undefined/unknown
	Minimum pool size: undefined/unknown
	Maximum pool size: undefined/unknown
2025-01-23 16:44:16 INFO  - HHH000489: No JTA platform available (set 'hibernate.transaction.jta.platform' to enable JTA platform integration)
2025-01-23 16:44:18 INFO  - Initialized JPA EntityManagerFactory for persistence unit 'default'
2025-01-23 16:44:19 INFO  - Starting ProtocolHandler ["http-nio-8080"]
2025-01-23 16:44:19 INFO  - Tomcat started on port 8080 (http) with context path '/'
2025-01-23 16:44:19 INFO  - Started TodoP1120Application in 7.033 seconds (process running for 8.023)
2025-01-23 16:44:39 INFO  - Initializing Spring DispatcherServlet 'dispatcherServlet'
2025-01-23 16:44:39 INFO  - Initializing Servlet 'dispatcherServlet'
2025-01-23 16:44:39 INFO  - Completed initialization in 1 ms
2025-01-23 16:44:42 INFO  - ::: user_id : 1
2025-01-23 16:44:42 INFO  - ::: key value : javax.crypto.spec.SecretKeySpec@5880c1d
2025-01-23 16:46:47 INFO  - Commencing graceful shutdown. Waiting for active requests to complete
2025-01-23 16:46:47 INFO  - Graceful shutdown complete
2025-01-23 16:46:47 INFO  - Closing JPA EntityManagerFactory for persistence unit 'default'
2025-01-23 16:46:47 INFO  - HikariPool-1 - Shutdown initiated...
2025-01-23 16:46:47 INFO  - HikariPool-1 - Shutdown completed.
2025-01-23 16:46:50 INFO  - HV000001: Hibernate Validator 8.0.2.Final
2025-01-23 16:46:50 INFO  - Starting TodoP1120Application using Java 17.0.13 with PID 6244 (D:\IntelliJ IDEA 2024.2.4\practice\todo11_20\todoP11_20\build\classes\java\main started by user in D:\IntelliJ IDEA 2024.2.4\practice\todo11_20\todoP11_20)
2025-01-23 16:46:50 INFO  - No active profile set, falling back to 1 default profile: "default"
2025-01-23 16:46:51 INFO  - Bootstrapping Spring Data JPA repositories in DEFAULT mode.
2025-01-23 16:46:51 INFO  - Finished Spring Data repository scanning in 106 ms. Found 5 JPA repository interfaces.
2025-01-23 16:46:52 INFO  - Tomcat initialized with port 8080 (http)
2025-01-23 16:46:52 INFO  - Initializing ProtocolHandler ["http-nio-8080"]
2025-01-23 16:46:52 INFO  - Starting service [Tomcat]
2025-01-23 16:46:52 INFO  - Starting Servlet engine: [Apache Tomcat/10.1.34]
2025-01-23 16:46:52 INFO  - Initializing Spring embedded WebApplicationContext
2025-01-23 16:46:52 INFO  - Root WebApplicationContext: initialization completed in 1657 ms
2025-01-23 16:46:52 INFO  - ::: init start :::
2025-01-23 16:46:52 INFO  - ::: init ing :::
2025-01-23 16:46:52 INFO  - ::: init key value : javax.crypto.spec.SecretKeySpec@5880c1d :::
2025-01-23 16:46:52 INFO  - ::: init end :::
2025-01-23 16:46:52 INFO  - HHH000204: Processing PersistenceUnitInfo [name: default]
2025-01-23 16:46:52 INFO  - HHH000412: Hibernate ORM core version 6.6.4.Final
2025-01-23 16:46:52 INFO  - HHH000026: Second-level cache disabled
2025-01-23 16:46:53 INFO  - No LoadTimeWeaver setup: ignoring JPA class transformer
2025-01-23 16:46:53 INFO  - HikariPool-1 - Starting...
2025-01-23 16:46:53 INFO  - HikariPool-1 - Added connection com.mysql.cj.jdbc.ConnectionImpl@3c4059a
2025-01-23 16:46:53 INFO  - HikariPool-1 - Start completed.
2025-01-23 16:46:53 INFO  - HHH10001005: Database info:
	Database JDBC URL [Connecting through datasource 'HikariDataSource (HikariPool-1)']
	Database driver: undefined/unknown
	Database version: 8.0.40
	Autocommit mode: undefined/unknown
	Isolation level: undefined/unknown
	Minimum pool size: undefined/unknown
	Maximum pool size: undefined/unknown
2025-01-23 16:46:54 INFO  - HHH000489: No JTA platform available (set 'hibernate.transaction.jta.platform' to enable JTA platform integration)
2025-01-23 16:46:56 INFO  - Initialized JPA EntityManagerFactory for persistence unit 'default'
2025-01-23 16:46:57 INFO  - Starting ProtocolHandler ["http-nio-8080"]
2025-01-23 16:46:57 INFO  - Tomcat started on port 8080 (http) with context path '/'
2025-01-23 16:46:57 INFO  - Started TodoP1120Application in 7.007 seconds (process running for 7.98)
2025-01-23 16:47:05 INFO  - Initializing Spring DispatcherServlet 'dispatcherServlet'
2025-01-23 16:47:05 INFO  - Initializing Servlet 'dispatcherServlet'
2025-01-23 16:47:05 INFO  - Completed initialization in 1 ms
2025-01-23 16:47:08 INFO  - ::: user_id : 1
2025-01-23 16:47:08 INFO  - ::: key value : javax.crypto.spec.SecretKeySpec@5880c1d
2025-01-23 16:47:49 INFO  - Commencing graceful shutdown. Waiting for active requests to complete
2025-01-23 16:47:50 INFO  - Graceful shutdown complete
2025-01-23 16:47:50 INFO  - Closing JPA EntityManagerFactory for persistence unit 'default'
2025-01-23 16:47:50 INFO  - HikariPool-1 - Shutdown initiated...
2025-01-23 16:47:50 INFO  - HikariPool-1 - Shutdown completed.
2025-01-23 16:47:55 INFO  - HV000001: Hibernate Validator 8.0.2.Final
2025-01-23 16:47:55 INFO  - Starting TodoP1120Application using Java 17.0.13 with PID 20168 (D:\IntelliJ IDEA 2024.2.4\practice\todo11_20\todoP11_20\build\classes\java\main started by user in D:\IntelliJ IDEA 2024.2.4\practice\todo11_20\todoP11_20)
2025-01-23 16:47:55 INFO  - No active profile set, falling back to 1 default profile: "default"
2025-01-23 16:47:56 INFO  - Bootstrapping Spring Data JPA repositories in DEFAULT mode.
2025-01-23 16:47:56 INFO  - Finished Spring Data repository scanning in 111 ms. Found 5 JPA repository interfaces.
2025-01-23 16:47:57 INFO  - Tomcat initialized with port 8080 (http)
2025-01-23 16:47:57 INFO  - Initializing ProtocolHandler ["http-nio-8080"]
2025-01-23 16:47:57 INFO  - Starting service [Tomcat]
2025-01-23 16:47:57 INFO  - Starting Servlet engine: [Apache Tomcat/10.1.34]
2025-01-23 16:47:57 INFO  - Initializing Spring embedded WebApplicationContext
2025-01-23 16:47:57 INFO  - Root WebApplicationContext: initialization completed in 2023 ms
2025-01-23 16:47:57 INFO  - ::: init start :::
2025-01-23 16:47:57 INFO  - ::: init ing :::
2025-01-23 16:47:57 INFO  - ::: init key value : javax.crypto.spec.SecretKeySpec@5880c1d :::
2025-01-23 16:47:57 INFO  - ::: init end :::
2025-01-23 16:47:57 INFO  - HHH000204: Processing PersistenceUnitInfo [name: default]
2025-01-23 16:47:58 INFO  - HHH000412: Hibernate ORM core version 6.6.4.Final
2025-01-23 16:47:58 INFO  - HHH000026: Second-level cache disabled
2025-01-23 16:47:58 INFO  - No LoadTimeWeaver setup: ignoring JPA class transformer
2025-01-23 16:47:58 INFO  - HikariPool-1 - Starting...
2025-01-23 16:47:58 INFO  - HikariPool-1 - Added connection com.mysql.cj.jdbc.ConnectionImpl@4cf01c41
2025-01-23 16:47:58 INFO  - HikariPool-1 - Start completed.
2025-01-23 16:47:58 INFO  - HHH10001005: Database info:
	Database JDBC URL [Connecting through datasource 'HikariDataSource (HikariPool-1)']
	Database driver: undefined/unknown
	Database version: 8.0.40
	Autocommit mode: undefined/unknown
	Isolation level: undefined/unknown
	Minimum pool size: undefined/unknown
	Maximum pool size: undefined/unknown
2025-01-23 16:48:00 INFO  - HHH000489: No JTA platform available (set 'hibernate.transaction.jta.platform' to enable JTA platform integration)
2025-01-23 16:48:03 INFO  - Initialized JPA EntityManagerFactory for persistence unit 'default'
2025-01-23 16:48:04 INFO  - Starting ProtocolHandler ["http-nio-8080"]
2025-01-23 16:48:04 INFO  - Tomcat started on port 8080 (http) with context path '/'
2025-01-23 16:48:04 INFO  - Started TodoP1120Application in 9.548 seconds (process running for 11.812)
2025-01-23 16:48:13 INFO  - Initializing Spring DispatcherServlet 'dispatcherServlet'
2025-01-23 16:48:13 INFO  - Initializing Servlet 'dispatcherServlet'
2025-01-23 16:48:13 INFO  - Completed initialization in 1 ms
2025-01-23 16:48:31 INFO  - ::: user_id : 1
2025-01-23 16:48:31 INFO  - ::: key value : javax.crypto.spec.SecretKeySpec@5880c1d
2025-01-23 16:49:21 INFO  - Commencing graceful shutdown. Waiting for active requests to complete
2025-01-23 16:49:21 INFO  - Graceful shutdown complete
2025-01-23 16:49:21 INFO  - Closing JPA EntityManagerFactory for persistence unit 'default'
2025-01-23 16:49:21 INFO  - HikariPool-1 - Shutdown initiated...
2025-01-23 16:49:21 INFO  - HikariPool-1 - Shutdown completed.
2025-01-23 18:05:20 INFO  - HV000001: Hibernate Validator 8.0.2.Final
2025-01-23 18:05:20 INFO  - Starting TodoP1120Application using Java 17.0.13 with PID 14264 (D:\IntelliJ IDEA 2024.2.4\practice\todo11_20\todoP11_20\build\classes\java\main started by user in D:\IntelliJ IDEA 2024.2.4\practice\todo11_20\todoP11_20)
2025-01-23 18:05:20 INFO  - No active profile set, falling back to 1 default profile: "default"
2025-01-23 18:05:21 INFO  - Bootstrapping Spring Data JPA repositories in DEFAULT mode.
2025-01-23 18:05:21 INFO  - Finished Spring Data repository scanning in 79 ms. Found 5 JPA repository interfaces.
2025-01-23 18:05:22 INFO  - Tomcat initialized with port 8080 (http)
2025-01-23 18:05:22 INFO  - Initializing ProtocolHandler ["http-nio-8080"]
2025-01-23 18:05:22 INFO  - Starting service [Tomcat]
2025-01-23 18:05:22 INFO  - Starting Servlet engine: [Apache Tomcat/10.1.34]
2025-01-23 18:05:22 INFO  - Initializing Spring embedded WebApplicationContext
2025-01-23 18:05:22 INFO  - Root WebApplicationContext: initialization completed in 1425 ms
2025-01-23 18:05:22 INFO  - ::: init start :::
2025-01-23 18:05:22 INFO  - ::: init ing :::
2025-01-23 18:05:22 INFO  - ::: init key value : javax.crypto.spec.SecretKeySpec@5880c1d :::
2025-01-23 18:05:22 INFO  - ::: init end :::
2025-01-23 18:05:22 INFO  - HHH000204: Processing PersistenceUnitInfo [name: default]
2025-01-23 18:05:22 INFO  - HHH000412: Hibernate ORM core version 6.6.4.Final
2025-01-23 18:05:22 INFO  - HHH000026: Second-level cache disabled
2025-01-23 18:05:22 INFO  - No LoadTimeWeaver setup: ignoring JPA class transformer
2025-01-23 18:05:22 INFO  - HikariPool-1 - Starting...
2025-01-23 18:05:23 INFO  - HikariPool-1 - Added connection com.mysql.cj.jdbc.ConnectionImpl@6b3b4f37
2025-01-23 18:05:23 INFO  - HikariPool-1 - Start completed.
2025-01-23 18:05:23 INFO  - HHH10001005: Database info:
	Database JDBC URL [Connecting through datasource 'HikariDataSource (HikariPool-1)']
	Database driver: undefined/unknown
	Database version: 8.0.40
	Autocommit mode: undefined/unknown
	Isolation level: undefined/unknown
	Minimum pool size: undefined/unknown
	Maximum pool size: undefined/unknown
2025-01-23 18:05:24 INFO  - HHH000489: No JTA platform available (set 'hibernate.transaction.jta.platform' to enable JTA platform integration)
2025-01-23 18:05:25 INFO  - Initialized JPA EntityManagerFactory for persistence unit 'default'
2025-01-23 18:05:26 INFO  - Closing JPA EntityManagerFactory for persistence unit 'default'
2025-01-23 18:05:26 INFO  - HikariPool-1 - Shutdown initiated...
2025-01-23 18:05:26 INFO  - HikariPool-1 - Shutdown completed.
2025-01-23 18:05:26 INFO  - Stopping service [Tomcat]
2025-01-23 18:05:26 INFO  - 

Error starting ApplicationContext. To display the condition evaluation report re-run your application with 'debug' enabled.
2025-01-23 18:05:26 ERROR - Application run failed
org.springframework.beans.factory.BeanCreationException: Error creating bean with name 'annotationLoggingAspect' defined in class path resource [com/todop11_20/common/config/WebConfig.class]: Failed to instantiate [com.todop11_20.common.aop.AnnotationLoggingAspect]: Factory method 'annotationLoggingAspect' threw exception with message: null
	at org.springframework.beans.factory.support.ConstructorResolver.instantiate(ConstructorResolver.java:657)
	at org.springframework.beans.factory.support.ConstructorResolver.instantiateUsingFactoryMethod(ConstructorResolver.java:489)
	at org.springframework.beans.factory.support.AbstractAutowireCapableBeanFactory.instantiateUsingFactoryMethod(AbstractAutowireCapableBeanFactory.java:1357)
	at org.springframework.beans.factory.support.AbstractAutowireCapableBeanFactory.createBeanInstance(AbstractAutowireCapableBeanFactory.java:1187)
	at org.springframework.beans.factory.support.AbstractAutowireCapableBeanFactory.doCreateBean(AbstractAutowireCapableBeanFactory.java:563)
	at org.springframework.beans.factory.support.AbstractAutowireCapableBeanFactory.createBean(AbstractAutowireCapableBeanFactory.java:523)
	at org.springframework.beans.factory.support.AbstractBeanFactory.lambda$doGetBean$0(AbstractBeanFactory.java:336)
	at org.springframework.beans.factory.support.DefaultSingletonBeanRegistry.getSingleton(DefaultSingletonBeanRegistry.java:289)
	at org.springframework.beans.factory.support.AbstractBeanFactory.doGetBean(AbstractBeanFactory.java:334)
	at org.springframework.beans.factory.support.AbstractBeanFactory.getBean(AbstractBeanFactory.java:199)
	at org.springframework.beans.factory.support.DefaultListableBeanFactory.instantiateSingleton(DefaultListableBeanFactory.java:1122)
	at org.springframework.beans.factory.support.DefaultListableBeanFactory.preInstantiateSingleton(DefaultListableBeanFactory.java:1093)
	at org.springframework.beans.factory.support.DefaultListableBeanFactory.preInstantiateSingletons(DefaultListableBeanFactory.java:1030)
	at org.springframework.context.support.AbstractApplicationContext.finishBeanFactoryInitialization(AbstractApplicationContext.java:987)
	at org.springframework.context.support.AbstractApplicationContext.refresh(AbstractApplicationContext.java:627)
	at org.springframework.boot.web.servlet.context.ServletWebServerApplicationContext.refresh(ServletWebServerApplicationContext.java:146)
	at org.springframework.boot.SpringApplication.refresh(SpringApplication.java:752)
	at org.springframework.boot.SpringApplication.refreshContext(SpringApplication.java:439)
	at org.springframework.boot.SpringApplication.run(SpringApplication.java:318)
	at org.springframework.boot.SpringApplication.run(SpringApplication.java:1361)
	at org.springframework.boot.SpringApplication.run(SpringApplication.java:1350)
	at com.todop11_20.TodoP1120Application.main(TodoP1120Application.java:15)
Caused by: org.springframework.beans.BeanInstantiationException: Failed to instantiate [com.todop11_20.common.aop.AnnotationLoggingAspect]: Factory method 'annotationLoggingAspect' threw exception with message: null
	at org.springframework.beans.factory.support.SimpleInstantiationStrategy.lambda$instantiate$0(SimpleInstantiationStrategy.java:199)
	at org.springframework.beans.factory.support.SimpleInstantiationStrategy.instantiateWithFactoryMethod(SimpleInstantiationStrategy.java:88)
	at org.springframework.beans.factory.support.SimpleInstantiationStrategy.instantiate(SimpleInstantiationStrategy.java:168)
	at org.springframework.beans.factory.support.ConstructorResolver.instantiate(ConstructorResolver.java:653)
	... 21 common frames omitted
Caused by: java.lang.ExceptionInInitializerError: null
	at com.todop11_20.common.config.WebConfig.annotationLoggingAspect(WebConfig.java:13)
	at com.todop11_20.common.config.WebConfig$$SpringCGLIB$$0.CGLIB$annotationLoggingAspect$0(<generated>)
	at com.todop11_20.common.config.WebConfig$$SpringCGLIB$$FastClass$$1.invoke(<generated>)
	at org.springframework.cglib.proxy.MethodProxy.invokeSuper(MethodProxy.java:258)
	at org.springframework.context.annotation.ConfigurationClassEnhancer$BeanMethodInterceptor.intercept(ConfigurationClassEnhancer.java:348)
	at com.todop11_20.common.config.WebConfig$$SpringCGLIB$$0.annotationLoggingAspect(<generated>)
	at java.base/jdk.internal.reflect.NativeMethodAccessorImpl.invoke0(Native Method)
	at java.base/jdk.internal.reflect.NativeMethodAccessorImpl.invoke(NativeMethodAccessorImpl.java:77)
	at java.base/jdk.internal.reflect.DelegatingMethodAccessorImpl.invoke(DelegatingMethodAccessorImpl.java:43)
	at java.base/java.lang.reflect.Method.invoke(Method.java:569)
	at org.springframework.beans.factory.support.SimpleInstantiationStrategy.lambda$instantiate$0(SimpleInstantiationStrategy.java:171)
	... 24 common frames omitted
Caused by: java.lang.ClassCastException: class ch.qos.logback.classic.Logger cannot be cast to class java.util.logging.Logger (ch.qos.logback.classic.Logger is in unnamed module of loader 'app'; java.util.logging.Logger is in module java.logging of loader 'bootstrap')
	at com.todop11_20.common.aop.AnnotationLoggingAspect.<clinit>(AnnotationLoggingAspect.java:18)
	... 35 common frames omitted
2025-01-23 18:10:42 INFO  - HV000001: Hibernate Validator 8.0.2.Final
2025-01-23 18:10:42 INFO  - Starting TodoP1120Application using Java 17.0.13 with PID 4360 (D:\IntelliJ IDEA 2024.2.4\practice\todo11_20\todoP11_20\build\classes\java\main started by user in D:\IntelliJ IDEA 2024.2.4\practice\todo11_20\todoP11_20)
2025-01-23 18:10:42 INFO  - No active profile set, falling back to 1 default profile: "default"
2025-01-23 18:10:43 INFO  - Bootstrapping Spring Data JPA repositories in DEFAULT mode.
2025-01-23 18:10:43 INFO  - Finished Spring Data repository scanning in 81 ms. Found 5 JPA repository interfaces.
2025-01-23 18:10:43 INFO  - Tomcat initialized with port 8080 (http)
2025-01-23 18:10:43 INFO  - Initializing ProtocolHandler ["http-nio-8080"]
2025-01-23 18:10:43 INFO  - Starting service [Tomcat]
2025-01-23 18:10:43 INFO  - Starting Servlet engine: [Apache Tomcat/10.1.34]
2025-01-23 18:10:43 INFO  - Initializing Spring embedded WebApplicationContext
2025-01-23 18:10:43 INFO  - Root WebApplicationContext: initialization completed in 1426 ms
2025-01-23 18:10:43 INFO  - ::: init start :::
2025-01-23 18:10:43 INFO  - ::: init ing :::
2025-01-23 18:10:43 INFO  - ::: init key value : javax.crypto.spec.SecretKeySpec@5880c1d :::
2025-01-23 18:10:43 INFO  - ::: init end :::
2025-01-23 18:10:43 INFO  - HHH000204: Processing PersistenceUnitInfo [name: default]
2025-01-23 18:10:44 INFO  - HHH000412: Hibernate ORM core version 6.6.4.Final
2025-01-23 18:10:44 INFO  - HHH000026: Second-level cache disabled
2025-01-23 18:10:44 INFO  - No LoadTimeWeaver setup: ignoring JPA class transformer
2025-01-23 18:10:44 INFO  - HikariPool-1 - Starting...
2025-01-23 18:10:44 INFO  - HikariPool-1 - Added connection com.mysql.cj.jdbc.ConnectionImpl@59e0d521
2025-01-23 18:10:44 INFO  - HikariPool-1 - Start completed.
2025-01-23 18:10:44 INFO  - HHH10001005: Database info:
	Database JDBC URL [Connecting through datasource 'HikariDataSource (HikariPool-1)']
	Database driver: undefined/unknown
	Database version: 8.0.40
	Autocommit mode: undefined/unknown
	Isolation level: undefined/unknown
	Minimum pool size: undefined/unknown
	Maximum pool size: undefined/unknown
2025-01-23 18:10:45 INFO  - HHH000489: No JTA platform available (set 'hibernate.transaction.jta.platform' to enable JTA platform integration)
2025-01-23 18:10:47 INFO  - Initialized JPA EntityManagerFactory for persistence unit 'default'
2025-01-23 18:10:47 INFO  - Closing JPA EntityManagerFactory for persistence unit 'default'
2025-01-23 18:10:47 INFO  - HikariPool-1 - Shutdown initiated...
2025-01-23 18:10:47 INFO  - HikariPool-1 - Shutdown completed.
2025-01-23 18:10:47 INFO  - Stopping service [Tomcat]
2025-01-23 18:10:47 INFO  - 

Error starting ApplicationContext. To display the condition evaluation report re-run your application with 'debug' enabled.
2025-01-23 18:10:48 ERROR - Application run failed
org.springframework.beans.factory.BeanCreationException: Error creating bean with name 'annotationLoggingAspect' defined in class path resource [com/todop11_20/common/config/WebConfig.class]: Failed to instantiate [com.todop11_20.common.aop.AnnotationLoggingAspect]: Factory method 'annotationLoggingAspect' threw exception with message: null
	at org.springframework.beans.factory.support.ConstructorResolver.instantiate(ConstructorResolver.java:657)
	at org.springframework.beans.factory.support.ConstructorResolver.instantiateUsingFactoryMethod(ConstructorResolver.java:489)
	at org.springframework.beans.factory.support.AbstractAutowireCapableBeanFactory.instantiateUsingFactoryMethod(AbstractAutowireCapableBeanFactory.java:1357)
	at org.springframework.beans.factory.support.AbstractAutowireCapableBeanFactory.createBeanInstance(AbstractAutowireCapableBeanFactory.java:1187)
	at org.springframework.beans.factory.support.AbstractAutowireCapableBeanFactory.doCreateBean(AbstractAutowireCapableBeanFactory.java:563)
	at org.springframework.beans.factory.support.AbstractAutowireCapableBeanFactory.createBean(AbstractAutowireCapableBeanFactory.java:523)
	at org.springframework.beans.factory.support.AbstractBeanFactory.lambda$doGetBean$0(AbstractBeanFactory.java:336)
	at org.springframework.beans.factory.support.DefaultSingletonBeanRegistry.getSingleton(DefaultSingletonBeanRegistry.java:289)
	at org.springframework.beans.factory.support.AbstractBeanFactory.doGetBean(AbstractBeanFactory.java:334)
	at org.springframework.beans.factory.support.AbstractBeanFactory.getBean(AbstractBeanFactory.java:199)
	at org.springframework.beans.factory.support.DefaultListableBeanFactory.instantiateSingleton(DefaultListableBeanFactory.java:1122)
	at org.springframework.beans.factory.support.DefaultListableBeanFactory.preInstantiateSingleton(DefaultListableBeanFactory.java:1093)
	at org.springframework.beans.factory.support.DefaultListableBeanFactory.preInstantiateSingletons(DefaultListableBeanFactory.java:1030)
	at org.springframework.context.support.AbstractApplicationContext.finishBeanFactoryInitialization(AbstractApplicationContext.java:987)
	at org.springframework.context.support.AbstractApplicationContext.refresh(AbstractApplicationContext.java:627)
	at org.springframework.boot.web.servlet.context.ServletWebServerApplicationContext.refresh(ServletWebServerApplicationContext.java:146)
	at org.springframework.boot.SpringApplication.refresh(SpringApplication.java:752)
	at org.springframework.boot.SpringApplication.refreshContext(SpringApplication.java:439)
	at org.springframework.boot.SpringApplication.run(SpringApplication.java:318)
	at org.springframework.boot.SpringApplication.run(SpringApplication.java:1361)
	at org.springframework.boot.SpringApplication.run(SpringApplication.java:1350)
	at com.todop11_20.TodoP1120Application.main(TodoP1120Application.java:15)
Caused by: org.springframework.beans.BeanInstantiationException: Failed to instantiate [com.todop11_20.common.aop.AnnotationLoggingAspect]: Factory method 'annotationLoggingAspect' threw exception with message: null
	at org.springframework.beans.factory.support.SimpleInstantiationStrategy.lambda$instantiate$0(SimpleInstantiationStrategy.java:199)
	at org.springframework.beans.factory.support.SimpleInstantiationStrategy.instantiateWithFactoryMethod(SimpleInstantiationStrategy.java:88)
	at org.springframework.beans.factory.support.SimpleInstantiationStrategy.instantiate(SimpleInstantiationStrategy.java:168)
	at org.springframework.beans.factory.support.ConstructorResolver.instantiate(ConstructorResolver.java:653)
	... 21 common frames omitted
Caused by: java.lang.ExceptionInInitializerError: null
	at com.todop11_20.common.config.WebConfig.annotationLoggingAspect(WebConfig.java:13)
	at com.todop11_20.common.config.WebConfig$$SpringCGLIB$$0.CGLIB$annotationLoggingAspect$0(<generated>)
	at com.todop11_20.common.config.WebConfig$$SpringCGLIB$$FastClass$$1.invoke(<generated>)
	at org.springframework.cglib.proxy.MethodProxy.invokeSuper(MethodProxy.java:258)
	at org.springframework.context.annotation.ConfigurationClassEnhancer$BeanMethodInterceptor.intercept(ConfigurationClassEnhancer.java:348)
	at com.todop11_20.common.config.WebConfig$$SpringCGLIB$$0.annotationLoggingAspect(<generated>)
	at java.base/jdk.internal.reflect.NativeMethodAccessorImpl.invoke0(Native Method)
	at java.base/jdk.internal.reflect.NativeMethodAccessorImpl.invoke(NativeMethodAccessorImpl.java:77)
	at java.base/jdk.internal.reflect.DelegatingMethodAccessorImpl.invoke(DelegatingMethodAccessorImpl.java:43)
	at java.base/java.lang.reflect.Method.invoke(Method.java:569)
	at org.springframework.beans.factory.support.SimpleInstantiationStrategy.lambda$instantiate$0(SimpleInstantiationStrategy.java:171)
	... 24 common frames omitted
Caused by: java.lang.ClassCastException: class ch.qos.logback.classic.Logger cannot be cast to class java.util.logging.Logger (ch.qos.logback.classic.Logger is in unnamed module of loader 'app'; java.util.logging.Logger is in module java.logging of loader 'bootstrap')
	at com.todop11_20.common.aop.AnnotationLoggingAspect.<clinit>(AnnotationLoggingAspect.java:18)
	... 35 common frames omitted
2025-01-23 18:13:05 INFO  - HV000001: Hibernate Validator 8.0.2.Final
2025-01-23 18:13:05 INFO  - Starting TodoP1120Application using Java 17.0.13 with PID 10148 (D:\IntelliJ IDEA 2024.2.4\practice\todo11_20\todoP11_20\build\classes\java\main started by user in D:\IntelliJ IDEA 2024.2.4\practice\todo11_20\todoP11_20)
2025-01-23 18:13:05 INFO  - No active profile set, falling back to 1 default profile: "default"
2025-01-23 18:13:06 INFO  - Bootstrapping Spring Data JPA repositories in DEFAULT mode.
2025-01-23 18:13:06 INFO  - Finished Spring Data repository scanning in 79 ms. Found 5 JPA repository interfaces.
2025-01-23 18:13:07 INFO  - Tomcat initialized with port 8080 (http)
2025-01-23 18:13:07 INFO  - Initializing ProtocolHandler ["http-nio-8080"]
2025-01-23 18:13:07 INFO  - Starting service [Tomcat]
2025-01-23 18:13:07 INFO  - Starting Servlet engine: [Apache Tomcat/10.1.34]
2025-01-23 18:13:07 INFO  - Initializing Spring embedded WebApplicationContext
2025-01-23 18:13:07 INFO  - Root WebApplicationContext: initialization completed in 1433 ms
2025-01-23 18:13:07 INFO  - ::: init start :::
2025-01-23 18:13:07 INFO  - ::: init ing :::
2025-01-23 18:13:07 INFO  - ::: init key value : javax.crypto.spec.SecretKeySpec@5880c1d :::
2025-01-23 18:13:07 INFO  - ::: init end :::
2025-01-23 18:13:07 INFO  - HHH000204: Processing PersistenceUnitInfo [name: default]
2025-01-23 18:13:07 INFO  - HHH000412: Hibernate ORM core version 6.6.4.Final
2025-01-23 18:13:07 INFO  - HHH000026: Second-level cache disabled
2025-01-23 18:13:07 INFO  - No LoadTimeWeaver setup: ignoring JPA class transformer
2025-01-23 18:13:07 INFO  - HikariPool-1 - Starting...
2025-01-23 18:13:08 INFO  - HikariPool-1 - Added connection com.mysql.cj.jdbc.ConnectionImpl@3514ac7d
2025-01-23 18:13:08 INFO  - HikariPool-1 - Start completed.
2025-01-23 18:13:08 INFO  - HHH10001005: Database info:
	Database JDBC URL [Connecting through datasource 'HikariDataSource (HikariPool-1)']
	Database driver: undefined/unknown
	Database version: 8.0.40
	Autocommit mode: undefined/unknown
	Isolation level: undefined/unknown
	Minimum pool size: undefined/unknown
	Maximum pool size: undefined/unknown
2025-01-23 18:13:09 INFO  - HHH000489: No JTA platform available (set 'hibernate.transaction.jta.platform' to enable JTA platform integration)
2025-01-23 18:13:11 INFO  - Initialized JPA EntityManagerFactory for persistence unit 'default'
2025-01-23 18:13:11 INFO  - Starting ProtocolHandler ["http-nio-8080"]
2025-01-23 18:13:11 INFO  - Tomcat started on port 8080 (http) with context path '/'
2025-01-23 18:13:11 INFO  - Started TodoP1120Application in 6.683 seconds (process running for 7.494)
2025-01-23 18:13:32 INFO  - Initializing Spring DispatcherServlet 'dispatcherServlet'
2025-01-23 18:13:32 INFO  - Initializing Servlet 'dispatcherServlet'
2025-01-23 18:13:32 INFO  - Completed initialization in 1 ms
2025-01-23 18:13:35 INFO  - ::: user_id : 1
2025-01-23 18:13:35 INFO  - ::: key value : javax.crypto.spec.SecretKeySpec@5880c1d
2025-01-23 18:14:38 INFO  - ::: ExcutionTime : 475ms
2025-01-23 18:18:16 INFO  - Commencing graceful shutdown. Waiting for active requests to complete
2025-01-23 18:18:16 INFO  - Graceful shutdown complete
2025-01-23 18:18:16 INFO  - Closing JPA EntityManagerFactory for persistence unit 'default'
2025-01-23 18:18:16 INFO  - HikariPool-1 - Shutdown initiated...
2025-01-23 18:18:16 INFO  - HikariPool-1 - Shutdown completed.
2025-01-23 18:18:20 INFO  - HV000001: Hibernate Validator 8.0.2.Final
2025-01-23 18:18:20 INFO  - Starting TodoP1120Application using Java 17.0.13 with PID 7184 (D:\IntelliJ IDEA 2024.2.4\practice\todo11_20\todoP11_20\build\classes\java\main started by user in D:\IntelliJ IDEA 2024.2.4\practice\todo11_20\todoP11_20)
2025-01-23 18:18:20 INFO  - No active profile set, falling back to 1 default profile: "default"
2025-01-23 18:18:21 INFO  - Bootstrapping Spring Data JPA repositories in DEFAULT mode.
2025-01-23 18:18:21 INFO  - Finished Spring Data repository scanning in 81 ms. Found 5 JPA repository interfaces.
2025-01-23 18:18:21 INFO  - Tomcat initialized with port 8080 (http)
2025-01-23 18:18:21 INFO  - Initializing ProtocolHandler ["http-nio-8080"]
2025-01-23 18:18:21 INFO  - Starting service [Tomcat]
2025-01-23 18:18:21 INFO  - Starting Servlet engine: [Apache Tomcat/10.1.34]
2025-01-23 18:18:21 INFO  - Initializing Spring embedded WebApplicationContext
2025-01-23 18:18:21 INFO  - Root WebApplicationContext: initialization completed in 1406 ms
2025-01-23 18:18:21 INFO  - ::: init start :::
2025-01-23 18:18:21 INFO  - ::: init ing :::
2025-01-23 18:18:21 INFO  - ::: init key value : javax.crypto.spec.SecretKeySpec@5880c1d :::
2025-01-23 18:18:21 INFO  - ::: init end :::
2025-01-23 18:18:22 INFO  - HHH000204: Processing PersistenceUnitInfo [name: default]
2025-01-23 18:18:22 INFO  - HHH000412: Hibernate ORM core version 6.6.4.Final
2025-01-23 18:18:22 INFO  - HHH000026: Second-level cache disabled
2025-01-23 18:18:22 INFO  - No LoadTimeWeaver setup: ignoring JPA class transformer
2025-01-23 18:18:22 INFO  - HikariPool-1 - Starting...
2025-01-23 18:18:22 INFO  - HikariPool-1 - Added connection com.mysql.cj.jdbc.ConnectionImpl@395eb363
2025-01-23 18:18:22 INFO  - HikariPool-1 - Start completed.
2025-01-23 18:18:22 INFO  - HHH10001005: Database info:
	Database JDBC URL [Connecting through datasource 'HikariDataSource (HikariPool-1)']
	Database driver: undefined/unknown
	Database version: 8.0.40
	Autocommit mode: undefined/unknown
	Isolation level: undefined/unknown
	Minimum pool size: undefined/unknown
	Maximum pool size: undefined/unknown
2025-01-23 18:18:23 INFO  - HHH000489: No JTA platform available (set 'hibernate.transaction.jta.platform' to enable JTA platform integration)
2025-01-23 18:18:25 INFO  - Initialized JPA EntityManagerFactory for persistence unit 'default'
2025-01-23 18:18:26 INFO  - Starting ProtocolHandler ["http-nio-8080"]
2025-01-23 18:18:26 INFO  - Tomcat started on port 8080 (http) with context path '/'
2025-01-23 18:18:26 INFO  - Started TodoP1120Application in 6.51 seconds (process running for 7.338)
2025-01-23 18:18:32 INFO  - Initializing Spring DispatcherServlet 'dispatcherServlet'
2025-01-23 18:18:32 INFO  - Initializing Servlet 'dispatcherServlet'
2025-01-23 18:18:32 INFO  - Completed initialization in 0 ms
2025-01-23 18:18:34 INFO  - ::: user_id : 1
2025-01-23 18:18:34 INFO  - ::: key value : javax.crypto.spec.SecretKeySpec@5880c1d
2025-01-23 18:18:49 INFO  - ::: ExcutionTime : 443ms
2025-01-23 18:21:27 INFO  - Commencing graceful shutdown. Waiting for active requests to complete
2025-01-23 18:21:27 INFO  - Graceful shutdown complete
2025-01-23 18:21:27 INFO  - Closing JPA EntityManagerFactory for persistence unit 'default'
2025-01-23 18:21:27 INFO  - HikariPool-1 - Shutdown initiated...
2025-01-23 18:21:27 INFO  - HikariPool-1 - Shutdown completed.
2025-01-23 18:21:31 INFO  - HV000001: Hibernate Validator 8.0.2.Final
2025-01-23 18:21:31 INFO  - Starting TodoP1120Application using Java 17.0.13 with PID 11872 (D:\IntelliJ IDEA 2024.2.4\practice\todo11_20\todoP11_20\build\classes\java\main started by user in D:\IntelliJ IDEA 2024.2.4\practice\todo11_20\todoP11_20)
2025-01-23 18:21:31 INFO  - No active profile set, falling back to 1 default profile: "default"
2025-01-23 18:21:32 INFO  - Bootstrapping Spring Data JPA repositories in DEFAULT mode.
2025-01-23 18:21:32 INFO  - Finished Spring Data repository scanning in 79 ms. Found 5 JPA repository interfaces.
2025-01-23 18:21:33 INFO  - Tomcat initialized with port 8080 (http)
2025-01-23 18:21:33 INFO  - Initializing ProtocolHandler ["http-nio-8080"]
2025-01-23 18:21:33 INFO  - Starting service [Tomcat]
2025-01-23 18:21:33 INFO  - Starting Servlet engine: [Apache Tomcat/10.1.34]
2025-01-23 18:21:33 INFO  - Initializing Spring embedded WebApplicationContext
2025-01-23 18:21:33 INFO  - Root WebApplicationContext: initialization completed in 1409 ms
2025-01-23 18:21:33 INFO  - ::: init start :::
2025-01-23 18:21:33 INFO  - ::: init ing :::
2025-01-23 18:21:33 INFO  - ::: init key value : javax.crypto.spec.SecretKeySpec@5880c1d :::
2025-01-23 18:21:33 INFO  - ::: init end :::
2025-01-23 18:21:33 INFO  - HHH000204: Processing PersistenceUnitInfo [name: default]
2025-01-23 18:21:33 INFO  - HHH000412: Hibernate ORM core version 6.6.4.Final
2025-01-23 18:21:33 INFO  - HHH000026: Second-level cache disabled
2025-01-23 18:21:33 INFO  - No LoadTimeWeaver setup: ignoring JPA class transformer
2025-01-23 18:21:33 INFO  - HikariPool-1 - Starting...
2025-01-23 18:21:33 INFO  - HikariPool-1 - Added connection com.mysql.cj.jdbc.ConnectionImpl@56881196
2025-01-23 18:21:33 INFO  - HikariPool-1 - Start completed.
2025-01-23 18:21:34 INFO  - HHH10001005: Database info:
	Database JDBC URL [Connecting through datasource 'HikariDataSource (HikariPool-1)']
	Database driver: undefined/unknown
	Database version: 8.0.40
	Autocommit mode: undefined/unknown
	Isolation level: undefined/unknown
	Minimum pool size: undefined/unknown
	Maximum pool size: undefined/unknown
2025-01-23 18:21:35 INFO  - HHH000489: No JTA platform available (set 'hibernate.transaction.jta.platform' to enable JTA platform integration)
2025-01-23 18:21:36 INFO  - Initialized JPA EntityManagerFactory for persistence unit 'default'
2025-01-23 18:21:37 INFO  - Starting ProtocolHandler ["http-nio-8080"]
2025-01-23 18:21:37 INFO  - Tomcat started on port 8080 (http) with context path '/'
2025-01-23 18:21:37 INFO  - Started TodoP1120Application in 6.506 seconds (process running for 7.289)
2025-01-23 18:21:45 INFO  - Initializing Spring DispatcherServlet 'dispatcherServlet'
2025-01-23 18:21:45 INFO  - Initializing Servlet 'dispatcherServlet'
2025-01-23 18:21:45 INFO  - Completed initialization in 1 ms
2025-01-23 18:21:47 INFO  - ::: user_id : 1
2025-01-23 18:21:47 INFO  - ::: key value : javax.crypto.spec.SecretKeySpec@5880c1d
2025-01-23 18:22:01 INFO  - ::: ExcutionTime : 431ms
2025-01-23 18:22:23 INFO  - Commencing graceful shutdown. Waiting for active requests to complete
2025-01-23 18:22:23 INFO  - Graceful shutdown complete
2025-01-23 18:22:23 INFO  - Closing JPA EntityManagerFactory for persistence unit 'default'
2025-01-23 18:22:23 INFO  - HikariPool-1 - Shutdown initiated...
2025-01-23 18:22:23 INFO  - HikariPool-1 - Shutdown completed.
2025-01-23 19:39:49 INFO  - HV000001: Hibernate Validator 8.0.2.Final
2025-01-23 19:39:49 INFO  - Starting TodoP1120Application using Java 17.0.13 with PID 16436 (D:\IntelliJ IDEA 2024.2.4\practice\todo11_20\todoP11_20\build\classes\java\main started by user in D:\IntelliJ IDEA 2024.2.4\practice\todo11_20\todoP11_20)
2025-01-23 19:39:49 INFO  - No active profile set, falling back to 1 default profile: "default"
2025-01-23 19:39:50 INFO  - Bootstrapping Spring Data JPA repositories in DEFAULT mode.
2025-01-23 19:39:50 INFO  - Finished Spring Data repository scanning in 100 ms. Found 5 JPA repository interfaces.
2025-01-23 19:39:51 INFO  - Tomcat initialized with port 8080 (http)
2025-01-23 19:39:51 INFO  - Initializing ProtocolHandler ["http-nio-8080"]
2025-01-23 19:39:51 INFO  - Starting service [Tomcat]
2025-01-23 19:39:51 INFO  - Starting Servlet engine: [Apache Tomcat/10.1.34]
2025-01-23 19:39:51 INFO  - Initializing Spring embedded WebApplicationContext
2025-01-23 19:39:51 INFO  - Root WebApplicationContext: initialization completed in 1791 ms
2025-01-23 19:39:51 INFO  - ::: init start :::
2025-01-23 19:39:51 INFO  - ::: init ing :::
2025-01-23 19:39:51 INFO  - ::: init key value : javax.crypto.spec.SecretKeySpec@5880c1d :::
2025-01-23 19:39:51 INFO  - ::: init end :::
2025-01-23 19:39:51 INFO  - HHH000204: Processing PersistenceUnitInfo [name: default]
2025-01-23 19:39:51 INFO  - HHH000412: Hibernate ORM core version 6.6.4.Final
2025-01-23 19:39:51 INFO  - HHH000026: Second-level cache disabled
2025-01-23 19:39:52 INFO  - No LoadTimeWeaver setup: ignoring JPA class transformer
2025-01-23 19:39:52 INFO  - HikariPool-1 - Starting...
2025-01-23 19:39:52 INFO  - HikariPool-1 - Added connection com.mysql.cj.jdbc.ConnectionImpl@5896b9f5
2025-01-23 19:39:52 INFO  - HikariPool-1 - Start completed.
2025-01-23 19:39:52 INFO  - HHH10001005: Database info:
	Database JDBC URL [Connecting through datasource 'HikariDataSource (HikariPool-1)']
	Database driver: undefined/unknown
	Database version: 8.0.40
	Autocommit mode: undefined/unknown
	Isolation level: undefined/unknown
	Minimum pool size: undefined/unknown
	Maximum pool size: undefined/unknown
2025-01-23 19:39:53 INFO  - HHH000489: No JTA platform available (set 'hibernate.transaction.jta.platform' to enable JTA platform integration)
2025-01-23 19:39:55 INFO  - Initialized JPA EntityManagerFactory for persistence unit 'default'
2025-01-23 19:39:56 INFO  - Starting ProtocolHandler ["http-nio-8080"]
2025-01-23 19:39:56 INFO  - Tomcat started on port 8080 (http) with context path '/'
2025-01-23 19:39:56 INFO  - Started TodoP1120Application in 7.696 seconds (process running for 8.948)
2025-01-23 19:40:06 INFO  - Initializing Spring DispatcherServlet 'dispatcherServlet'
2025-01-23 19:40:06 INFO  - Initializing Servlet 'dispatcherServlet'
2025-01-23 19:40:06 INFO  - Completed initialization in 1 ms
2025-01-23 19:40:10 INFO  - ::: user_id : 1
2025-01-23 19:40:10 INFO  - ::: key value : javax.crypto.spec.SecretKeySpec@5880c1d
2025-01-23 19:40:28 INFO  - ::: ExcutionTime : 505ms
2025-01-23 19:42:07 INFO  - Commencing graceful shutdown. Waiting for active requests to complete
2025-01-23 19:42:07 INFO  - Graceful shutdown complete
2025-01-23 19:42:07 INFO  - Closing JPA EntityManagerFactory for persistence unit 'default'
2025-01-23 19:42:07 INFO  - HikariPool-1 - Shutdown initiated...
2025-01-23 19:42:07 INFO  - HikariPool-1 - Shutdown completed.
2025-01-23 19:42:10 INFO  - HV000001: Hibernate Validator 8.0.2.Final
2025-01-23 19:42:10 INFO  - Starting TodoP1120Application using Java 17.0.13 with PID 12860 (D:\IntelliJ IDEA 2024.2.4\practice\todo11_20\todoP11_20\build\classes\java\main started by user in D:\IntelliJ IDEA 2024.2.4\practice\todo11_20\todoP11_20)
2025-01-23 19:42:10 INFO  - No active profile set, falling back to 1 default profile: "default"
2025-01-23 19:42:11 INFO  - Bootstrapping Spring Data JPA repositories in DEFAULT mode.
2025-01-23 19:42:11 INFO  - Finished Spring Data repository scanning in 88 ms. Found 5 JPA repository interfaces.
2025-01-23 19:42:12 INFO  - Tomcat initialized with port 8080 (http)
2025-01-23 19:42:12 INFO  - Initializing ProtocolHandler ["http-nio-8080"]
2025-01-23 19:42:12 INFO  - Starting service [Tomcat]
2025-01-23 19:42:12 INFO  - Starting Servlet engine: [Apache Tomcat/10.1.34]
2025-01-23 19:42:12 INFO  - Initializing Spring embedded WebApplicationContext
2025-01-23 19:42:12 INFO  - Root WebApplicationContext: initialization completed in 1559 ms
2025-01-23 19:42:12 INFO  - ::: init start :::
2025-01-23 19:42:12 INFO  - ::: init ing :::
2025-01-23 19:42:12 INFO  - ::: init key value : javax.crypto.spec.SecretKeySpec@5880c1d :::
2025-01-23 19:42:12 INFO  - ::: init end :::
2025-01-23 19:42:12 INFO  - HHH000204: Processing PersistenceUnitInfo [name: default]
2025-01-23 19:42:12 INFO  - HHH000412: Hibernate ORM core version 6.6.4.Final
2025-01-23 19:42:12 INFO  - HHH000026: Second-level cache disabled
2025-01-23 19:42:13 INFO  - No LoadTimeWeaver setup: ignoring JPA class transformer
2025-01-23 19:42:13 INFO  - HikariPool-1 - Starting...
2025-01-23 19:42:13 INFO  - HikariPool-1 - Added connection com.mysql.cj.jdbc.ConnectionImpl@73da303e
2025-01-23 19:42:13 INFO  - HikariPool-1 - Start completed.
2025-01-23 19:42:13 INFO  - HHH10001005: Database info:
	Database JDBC URL [Connecting through datasource 'HikariDataSource (HikariPool-1)']
	Database driver: undefined/unknown
	Database version: 8.0.40
	Autocommit mode: undefined/unknown
	Isolation level: undefined/unknown
	Minimum pool size: undefined/unknown
	Maximum pool size: undefined/unknown
2025-01-23 19:42:14 INFO  - HHH000489: No JTA platform available (set 'hibernate.transaction.jta.platform' to enable JTA platform integration)
2025-01-23 19:42:16 INFO  - Initialized JPA EntityManagerFactory for persistence unit 'default'
2025-01-23 19:42:17 INFO  - Starting ProtocolHandler ["http-nio-8080"]
2025-01-23 19:42:17 INFO  - Tomcat started on port 8080 (http) with context path '/'
2025-01-23 19:42:17 INFO  - Started TodoP1120Application in 6.802 seconds (process running for 7.749)
2025-01-23 19:42:24 INFO  - Initializing Spring DispatcherServlet 'dispatcherServlet'
2025-01-23 19:42:24 INFO  - Initializing Servlet 'dispatcherServlet'
2025-01-23 19:42:24 INFO  - Completed initialization in 1 ms
2025-01-23 19:42:27 INFO  - ::: user_id : 1
2025-01-23 19:42:27 INFO  - ::: key value : javax.crypto.spec.SecretKeySpec@5880c1d
2025-01-23 19:44:15 INFO  - Commencing graceful shutdown. Waiting for active requests to complete
2025-01-23 19:44:16 INFO  - Graceful shutdown complete
2025-01-23 19:44:16 INFO  - Closing JPA EntityManagerFactory for persistence unit 'default'
2025-01-23 19:44:16 INFO  - HikariPool-1 - Shutdown initiated...
2025-01-23 19:44:16 INFO  - HikariPool-1 - Shutdown completed.
2025-01-23 19:44:19 INFO  - HV000001: Hibernate Validator 8.0.2.Final
2025-01-23 19:44:19 INFO  - Starting TodoP1120Application using Java 17.0.13 with PID 1584 (D:\IntelliJ IDEA 2024.2.4\practice\todo11_20\todoP11_20\build\classes\java\main started by user in D:\IntelliJ IDEA 2024.2.4\practice\todo11_20\todoP11_20)
2025-01-23 19:44:19 INFO  - No active profile set, falling back to 1 default profile: "default"
2025-01-23 19:44:20 INFO  - Bootstrapping Spring Data JPA repositories in DEFAULT mode.
2025-01-23 19:44:20 INFO  - Finished Spring Data repository scanning in 89 ms. Found 5 JPA repository interfaces.
2025-01-23 19:44:20 INFO  - Tomcat initialized with port 8080 (http)
2025-01-23 19:44:20 INFO  - Initializing ProtocolHandler ["http-nio-8080"]
2025-01-23 19:44:20 INFO  - Starting service [Tomcat]
2025-01-23 19:44:20 INFO  - Starting Servlet engine: [Apache Tomcat/10.1.34]
2025-01-23 19:44:20 INFO  - Initializing Spring embedded WebApplicationContext
2025-01-23 19:44:20 INFO  - Root WebApplicationContext: initialization completed in 1620 ms
2025-01-23 19:44:20 INFO  - ::: init start :::
2025-01-23 19:44:20 INFO  - ::: init ing :::
2025-01-23 19:44:20 INFO  - ::: init key value : javax.crypto.spec.SecretKeySpec@5880c1d :::
2025-01-23 19:44:20 INFO  - ::: init end :::
2025-01-23 19:44:21 INFO  - HHH000204: Processing PersistenceUnitInfo [name: default]
2025-01-23 19:44:21 INFO  - HHH000412: Hibernate ORM core version 6.6.4.Final
2025-01-23 19:44:21 INFO  - HHH000026: Second-level cache disabled
2025-01-23 19:44:21 INFO  - No LoadTimeWeaver setup: ignoring JPA class transformer
2025-01-23 19:44:21 INFO  - HikariPool-1 - Starting...
2025-01-23 19:44:21 INFO  - HikariPool-1 - Added connection com.mysql.cj.jdbc.ConnectionImpl@27b490de
2025-01-23 19:44:21 INFO  - HikariPool-1 - Start completed.
2025-01-23 19:44:21 INFO  - HHH10001005: Database info:
	Database JDBC URL [Connecting through datasource 'HikariDataSource (HikariPool-1)']
	Database driver: undefined/unknown
	Database version: 8.0.40
	Autocommit mode: undefined/unknown
	Isolation level: undefined/unknown
	Minimum pool size: undefined/unknown
	Maximum pool size: undefined/unknown
2025-01-23 19:44:23 INFO  - HHH000489: No JTA platform available (set 'hibernate.transaction.jta.platform' to enable JTA platform integration)
2025-01-23 19:44:24 INFO  - Initialized JPA EntityManagerFactory for persistence unit 'default'
2025-01-23 19:44:25 INFO  - Starting ProtocolHandler ["http-nio-8080"]
2025-01-23 19:44:25 INFO  - Tomcat started on port 8080 (http) with context path '/'
2025-01-23 19:44:25 INFO  - Started TodoP1120Application in 7.058 seconds (process running for 7.965)
2025-01-23 19:44:32 INFO  - Initializing Spring DispatcherServlet 'dispatcherServlet'
2025-01-23 19:44:32 INFO  - Initializing Servlet 'dispatcherServlet'
2025-01-23 19:44:32 INFO  - Completed initialization in 1 ms
2025-01-23 19:44:35 INFO  - ::: user_id : 1
2025-01-23 19:44:35 INFO  - ::: key value : javax.crypto.spec.SecretKeySpec@5880c1d
2025-01-23 19:45:04 INFO  - Commencing graceful shutdown. Waiting for active requests to complete
2025-01-23 19:45:04 INFO  - Graceful shutdown complete
2025-01-23 19:45:04 INFO  - Closing JPA EntityManagerFactory for persistence unit 'default'
2025-01-23 19:45:04 INFO  - HikariPool-1 - Shutdown initiated...
2025-01-23 19:45:04 INFO  - HikariPool-1 - Shutdown completed.
2025-01-23 19:47:34 INFO  - HV000001: Hibernate Validator 8.0.2.Final
2025-01-23 19:47:34 INFO  - Starting TodoP1120Application using Java 17.0.13 with PID 18108 (D:\IntelliJ IDEA 2024.2.4\practice\todo11_20\todoP11_20\build\classes\java\main started by user in D:\IntelliJ IDEA 2024.2.4\practice\todo11_20\todoP11_20)
2025-01-23 19:47:34 INFO  - No active profile set, falling back to 1 default profile: "default"
2025-01-23 19:47:35 INFO  - Bootstrapping Spring Data JPA repositories in DEFAULT mode.
2025-01-23 19:47:35 INFO  - Finished Spring Data repository scanning in 88 ms. Found 5 JPA repository interfaces.
2025-01-23 19:47:36 INFO  - Tomcat initialized with port 8080 (http)
2025-01-23 19:47:36 INFO  - Initializing ProtocolHandler ["http-nio-8080"]
2025-01-23 19:47:36 INFO  - Starting service [Tomcat]
2025-01-23 19:47:36 INFO  - Starting Servlet engine: [Apache Tomcat/10.1.34]
2025-01-23 19:47:36 INFO  - Initializing Spring embedded WebApplicationContext
2025-01-23 19:47:36 INFO  - Root WebApplicationContext: initialization completed in 1579 ms
2025-01-23 19:47:36 INFO  - ::: init start :::
2025-01-23 19:47:36 INFO  - ::: init ing :::
2025-01-23 19:47:36 INFO  - ::: init key value : javax.crypto.spec.SecretKeySpec@5880c1d :::
2025-01-23 19:47:36 INFO  - ::: init end :::
2025-01-23 19:47:36 INFO  - HHH000204: Processing PersistenceUnitInfo [name: default]
2025-01-23 19:47:36 INFO  - HHH000412: Hibernate ORM core version 6.6.4.Final
2025-01-23 19:47:36 INFO  - HHH000026: Second-level cache disabled
2025-01-23 19:47:37 INFO  - No LoadTimeWeaver setup: ignoring JPA class transformer
2025-01-23 19:47:37 INFO  - HikariPool-1 - Starting...
2025-01-23 19:47:37 INFO  - HikariPool-1 - Added connection com.mysql.cj.jdbc.ConnectionImpl@1fa18f87
2025-01-23 19:47:37 INFO  - HikariPool-1 - Start completed.
2025-01-23 19:47:37 INFO  - HHH10001005: Database info:
	Database JDBC URL [Connecting through datasource 'HikariDataSource (HikariPool-1)']
	Database driver: undefined/unknown
	Database version: 8.0.40
	Autocommit mode: undefined/unknown
	Isolation level: undefined/unknown
	Minimum pool size: undefined/unknown
	Maximum pool size: undefined/unknown
2025-01-23 19:47:38 INFO  - HHH000489: No JTA platform available (set 'hibernate.transaction.jta.platform' to enable JTA platform integration)
2025-01-23 19:47:40 INFO  - Initialized JPA EntityManagerFactory for persistence unit 'default'
2025-01-23 19:47:41 INFO  - Starting ProtocolHandler ["http-nio-8080"]
2025-01-23 19:47:41 INFO  - Tomcat started on port 8080 (http) with context path '/'
2025-01-23 19:47:41 INFO  - Started TodoP1120Application in 6.792 seconds (process running for 7.733)
2025-01-23 19:47:52 INFO  - Initializing Spring DispatcherServlet 'dispatcherServlet'
2025-01-23 19:47:52 INFO  - Initializing Servlet 'dispatcherServlet'
2025-01-23 19:47:52 INFO  - Completed initialization in 1 ms
2025-01-23 19:47:54 INFO  - ::: user_id : 1
2025-01-23 19:47:54 INFO  - ::: key value : javax.crypto.spec.SecretKeySpec@5880c1d
2025-01-23 19:48:23 INFO  - Commencing graceful shutdown. Waiting for active requests to complete
2025-01-23 19:48:23 INFO  - Graceful shutdown complete
2025-01-23 19:48:23 INFO  - Closing JPA EntityManagerFactory for persistence unit 'default'
2025-01-23 19:48:23 INFO  - HikariPool-1 - Shutdown initiated...
2025-01-23 19:48:23 INFO  - HikariPool-1 - Shutdown completed.
