2025-01-23 16:36:09 TRACE - Loaded [org.springframework.boot.BootstrapRegistryInitializer] names: []
2025-01-23 16:36:09 TRACE - Loaded [org.springframework.context.ApplicationContextInitializer] names: [org.springframework.boot.autoconfigure.SharedMetadataReaderFactoryContextInitializer, org.springframework.boot.autoconfigure.logging.ConditionEvaluationReportLoggingListener, org.springframework.boot.context.ConfigurationWarningsApplicationContextInitializer, org.springframework.boot.context.ContextIdApplicationContextInitializer, org.springframework.boot.io.ProtocolResolverApplicationContextInitializer, org.springframework.boot.rsocket.context.RSocketPortInfoApplicationContextInitializer, org.springframework.boot.web.context.ServerPortInfoApplicationContextInitializer]
2025-01-23 16:36:09 TRACE - Loaded [org.springframework.context.ApplicationListener] names: [org.springframework.boot.autoconfigure.BackgroundPreinitializer, org.springframework.boot.ClearCachesApplicationListener, org.springframework.boot.builder.ParentContextCloserApplicationListener, org.springframework.boot.context.FileEncodingApplicationListener, org.springframework.boot.context.config.AnsiOutputApplicationListener, org.springframework.boot.context.logging.LoggingApplicationListener, org.springframework.boot.env.EnvironmentPostProcessorApplicationListener]
2025-01-23 16:36:09 TRACE - Loaded [org.springframework.boot.SpringApplicationRunListener] names: [org.springframework.boot.context.event.EventPublishingRunListener]
2025-01-23 16:36:09 TRACE - Loaded [org.springframework.boot.logging.LoggingSystemFactory] names: [org.springframework.boot.logging.logback.LogbackLoggingSystem.Factory, org.springframework.boot.logging.log4j2.Log4J2LoggingSystem.Factory, org.springframework.boot.logging.java.JavaLoggingSystem.Factory]
2025-01-23 16:36:10 INFO  - HV000001: Hibernate Validator 8.0.2.Final
2025-01-23 16:36:10 INFO  - Starting TodoP1120Application using Java 17.0.13 with PID 14692 (D:\IntelliJ IDEA 2024.2.4\practice\todo11_20\todoP11_20\build\classes\java\main started by user in D:\IntelliJ IDEA 2024.2.4\practice\todo11_20\todoP11_20)
2025-01-23 16:36:10 INFO  - No active profile set, falling back to 1 default profile: "default"
2025-01-23 16:36:10 INFO  - Bootstrapping Spring Data JPA repositories in DEFAULT mode.
2025-01-23 16:36:11 INFO  - Finished Spring Data repository scanning in 85 ms. Found 5 JPA repository interfaces.
2025-01-23 16:36:11 INFO  - Tomcat initialized with port 8080 (http)
2025-01-23 16:36:11 INFO  - Initializing ProtocolHandler ["http-nio-8080"]
2025-01-23 16:36:11 INFO  - Starting service [Tomcat]
2025-01-23 16:36:11 INFO  - Starting Servlet engine: [Apache Tomcat/10.1.34]
2025-01-23 16:36:11 INFO  - Initializing Spring embedded WebApplicationContext
2025-01-23 16:36:11 INFO  - Root WebApplicationContext: initialization completed in 1638 ms
2025-01-23 16:36:11 INFO  - ::: init start :::
2025-01-23 16:36:11 INFO  - ::: init ing :::
2025-01-23 16:36:11 INFO  - ::: init key value : javax.crypto.spec.SecretKeySpec@5880c1d :::
2025-01-23 16:36:11 INFO  - ::: init end :::
2025-01-23 16:36:11 INFO  - HHH000204: Processing PersistenceUnitInfo [name: default]
2025-01-23 16:36:12 INFO  - HHH000412: Hibernate ORM core version 6.6.4.Final
2025-01-23 16:36:12 INFO  - HHH000026: Second-level cache disabled
2025-01-23 16:36:12 INFO  - No LoadTimeWeaver setup: ignoring JPA class transformer
2025-01-23 16:36:12 INFO  - HikariPool-1 - Starting...
2025-01-23 16:36:12 INFO  - HikariPool-1 - Added connection com.mysql.cj.jdbc.ConnectionImpl@4ad8d36f
2025-01-23 16:36:12 INFO  - HikariPool-1 - Start completed.
2025-01-23 16:36:12 WARN  - HHH90000025: MySQLDialect does not need to be specified explicitly using 'hibernate.dialect' (remove the property setting and it will be selected by default)
2025-01-23 16:36:12 INFO  - HHH10001005: Database info:
	Database JDBC URL [Connecting through datasource 'HikariDataSource (HikariPool-1)']
	Database driver: undefined/unknown
	Database version: 8.0.40
	Autocommit mode: undefined/unknown
	Isolation level: undefined/unknown
	Minimum pool size: undefined/unknown
	Maximum pool size: undefined/unknown
2025-01-23 16:36:13 INFO  - HHH000489: No JTA platform available (set 'hibernate.transaction.jta.platform' to enable JTA platform integration)
2025-01-23 16:36:15 INFO  - Initialized JPA EntityManagerFactory for persistence unit 'default'
2025-01-23 16:36:16 WARN  - spring.jpa.open-in-view is enabled by default. Therefore, database queries may be performed during view rendering. Explicitly configure spring.jpa.open-in-view to disable this warning
2025-01-23 16:36:16 INFO  - Starting ProtocolHandler ["http-nio-8080"]
2025-01-23 16:36:16 INFO  - Tomcat started on port 8080 (http) with context path '/'
2025-01-23 16:36:16 INFO  - Started TodoP1120Application in 7.057 seconds (process running for 8.083)
2025-01-23 16:40:37 INFO  - Commencing graceful shutdown. Waiting for active requests to complete
2025-01-23 16:40:37 INFO  - Graceful shutdown complete
2025-01-23 16:40:37 INFO  - Closing JPA EntityManagerFactory for persistence unit 'default'
2025-01-23 16:40:37 INFO  - HikariPool-1 - Shutdown initiated...
2025-01-23 16:40:37 INFO  - HikariPool-1 - Shutdown completed.
2025-01-23 16:40:40 TRACE - Loaded [org.springframework.boot.BootstrapRegistryInitializer] names: []
2025-01-23 16:40:40 TRACE - Loaded [org.springframework.context.ApplicationContextInitializer] names: [org.springframework.boot.autoconfigure.SharedMetadataReaderFactoryContextInitializer, org.springframework.boot.autoconfigure.logging.ConditionEvaluationReportLoggingListener, org.springframework.boot.context.ConfigurationWarningsApplicationContextInitializer, org.springframework.boot.context.ContextIdApplicationContextInitializer, org.springframework.boot.io.ProtocolResolverApplicationContextInitializer, org.springframework.boot.rsocket.context.RSocketPortInfoApplicationContextInitializer, org.springframework.boot.web.context.ServerPortInfoApplicationContextInitializer]
2025-01-23 16:40:40 TRACE - Loaded [org.springframework.context.ApplicationListener] names: [org.springframework.boot.autoconfigure.BackgroundPreinitializer, org.springframework.boot.ClearCachesApplicationListener, org.springframework.boot.builder.ParentContextCloserApplicationListener, org.springframework.boot.context.FileEncodingApplicationListener, org.springframework.boot.context.config.AnsiOutputApplicationListener, org.springframework.boot.context.logging.LoggingApplicationListener, org.springframework.boot.env.EnvironmentPostProcessorApplicationListener]
2025-01-23 16:40:40 TRACE - Loaded [org.springframework.boot.SpringApplicationRunListener] names: [org.springframework.boot.context.event.EventPublishingRunListener]
2025-01-23 16:40:40 TRACE - Loaded [org.springframework.boot.logging.LoggingSystemFactory] names: [org.springframework.boot.logging.logback.LogbackLoggingSystem.Factory, org.springframework.boot.logging.log4j2.Log4J2LoggingSystem.Factory, org.springframework.boot.logging.java.JavaLoggingSystem.Factory]
